Determining if the environ exist failed with the following output:
Change Dir: /source/cmake-2.8.10.2/CMakeFiles/CMakeTmp

Run Build Command:/usr/bin/make "cmTryCompileExec3118677592/fast"
make -f CMakeFiles/cmTryCompileExec3118677592.dir/build.make CMakeFiles/cmTryCompileExec3118677592.dir/build
make[1]: Entering directory `/source/cmake-2.8.10.2/CMakeFiles/CMakeTmp'
/source/cmake-2.8.10.2/Bootstrap.cmk/cmake -E cmake_progress_report /source/cmake-2.8.10.2/CMakeFiles/CMakeTmp/CMakeFiles 1
Building C object CMakeFiles/cmTryCompileExec3118677592.dir/CheckSymbolExists.c.o
/toolchain/bin/i486-TSOL-linux-gnu-gcc   -O2      -o CMakeFiles/cmTryCompileExec3118677592.dir/CheckSymbolExists.c.o   -c /source/cmake-2.8.10.2/CMakeFiles/CMakeTmp/CheckSymbolExists.c
/source/cmake-2.8.10.2/CMakeFiles/CMakeTmp/CheckSymbolExists.c: In function ‘main’:
/source/cmake-2.8.10.2/CMakeFiles/CMakeTmp/CheckSymbolExists.c:8:19: error: ‘environ’ undeclared (first use in this function)
/source/cmake-2.8.10.2/CMakeFiles/CMakeTmp/CheckSymbolExists.c:8:19: note: each undeclared identifier is reported only once for each function it appears in
make[1]: Leaving directory `/source/cmake-2.8.10.2/CMakeFiles/CMakeTmp'
make[1]: *** [CMakeFiles/cmTryCompileExec3118677592.dir/CheckSymbolExists.c.o] Error 1
make: *** [cmTryCompileExec3118677592/fast] Error 2

File /source/cmake-2.8.10.2/CMakeFiles/CMakeTmp/CheckSymbolExists.c:
/* */
#include <stdlib.h>

int main(int argc, char** argv)
{
  (void)argv;
#ifndef environ
  return ((int*)(&environ))[argc];
#else
  (void)argc;
  return 0;
#endif
}

Checking for non-standard argument to stl allocator<>::max_size failed to compile with the following output:
Change Dir: /source/cmake-2.8.10.2/Source/kwsys/CMakeFiles/CMakeTmp

Run Build Command:/usr/bin/make "cmTryCompileExec3392746004/fast"
make -f CMakeFiles/cmTryCompileExec3392746004.dir/build.make CMakeFiles/cmTryCompileExec3392746004.dir/build
make[1]: Entering directory `/source/cmake-2.8.10.2/Source/kwsys/CMakeFiles/CMakeTmp'
/source/cmake-2.8.10.2/Bootstrap.cmk/cmake -E cmake_progress_report /source/cmake-2.8.10.2/Source/kwsys/CMakeFiles/CMakeTmp/CMakeFiles 1
Building CXX object CMakeFiles/cmTryCompileExec3392746004.dir/kwsysPlatformTestsCXX.cxx.o
/toolchain/bin/i486-TSOL-linux-gnu-g++   -DKWSYS_STL_HAVE_STD=1 -DTEST_KWSYS_STL_HAS_ALLOCATOR_MAX_SIZE_ARGUMENT -O2      -o CMakeFiles/cmTryCompileExec3392746004.dir/kwsysPlatformTestsCXX.cxx.o -c /source/cmake-2.8.10.2/Source/kwsys/kwsysPlatformTestsCXX.cxx
/source/cmake-2.8.10.2/Source/kwsys/kwsysPlatformTestsCXX.cxx: In function ‘void f(const std::allocator<char>&)’:
/source/cmake-2.8.10.2/Source/kwsys/kwsysPlatformTestsCXX.cxx:256:25: error: no matching function for call to ‘std::allocator<char>::max_size(unsigned int) const’
/source/cmake-2.8.10.2/Source/kwsys/kwsysPlatformTestsCXX.cxx:256:25: note: candidate is:
/toolchain/lib/gcc/i486-TSOL-linux-gnu/4.6.3/../../../../i486-TSOL-linux-gnu/include/c++/4.6.3/ext/new_allocator.h:101:7: note: __gnu_cxx::new_allocator<_Tp>::size_type __gnu_cxx::new_allocator<_Tp>::max_size() const [with _Tp = char, __gnu_cxx::new_allocator<_Tp>::size_type = unsigned int]
/toolchain/lib/gcc/i486-TSOL-linux-gnu/4.6.3/../../../../i486-TSOL-linux-gnu/include/c++/4.6.3/ext/new_allocator.h:101:7: note:   candidate expects 0 arguments, 1 provided
make[1]: Leaving directory `/source/cmake-2.8.10.2/Source/kwsys/CMakeFiles/CMakeTmp'
make[1]: *** [CMakeFiles/cmTryCompileExec3392746004.dir/kwsysPlatformTestsCXX.cxx.o] Error 1
make: *** [cmTryCompileExec3392746004/fast] Error 2


Checking whether "<>" is needed for template friends failed to compile with the following output:
Change Dir: /source/cmake-2.8.10.2/Source/kwsys/CMakeFiles/CMakeTmp

Run Build Command:/usr/bin/make "cmTryCompileExec384137166/fast"
make -f CMakeFiles/cmTryCompileExec384137166.dir/build.make CMakeFiles/cmTryCompileExec384137166.dir/build
make[1]: Entering directory `/source/cmake-2.8.10.2/Source/kwsys/CMakeFiles/CMakeTmp'
/source/cmake-2.8.10.2/Bootstrap.cmk/cmake -E cmake_progress_report /source/cmake-2.8.10.2/Source/kwsys/CMakeFiles/CMakeTmp/CMakeFiles 1
Building CXX object CMakeFiles/cmTryCompileExec384137166.dir/kwsysPlatformTestsCXX.cxx.o
/toolchain/bin/i486-TSOL-linux-gnu-g++   -DTEST_KWSYS_CXX_HAS_NULL_TEMPLATE_ARGS -O2      -o CMakeFiles/cmTryCompileExec384137166.dir/kwsysPlatformTestsCXX.cxx.o -c /source/cmake-2.8.10.2/Source/kwsys/kwsysPlatformTestsCXX.cxx
/source/cmake-2.8.10.2/Source/kwsys/kwsysPlatformTestsCXX.cxx:141:21: warning: friend declaration ‘int f(A<T>&)’ declares a non-template function [-Wnon-template-friend]
/source/cmake-2.8.10.2/Source/kwsys/kwsysPlatformTestsCXX.cxx:141:21: note: (if this is not what you intended, make sure the function template has already been declared and add <> after the function name here) 
/source/cmake-2.8.10.2/Source/kwsys/kwsysPlatformTestsCXX.cxx: In function ‘int f(A<T>&) [with T = int]’:
/source/cmake-2.8.10.2/Source/kwsys/kwsysPlatformTestsCXX.cxx:147:23:   instantiated from here
/source/cmake-2.8.10.2/Source/kwsys/kwsysPlatformTestsCXX.cxx:143:7: error: ‘int A<int>::x’ is private
/source/cmake-2.8.10.2/Source/kwsys/kwsysPlatformTestsCXX.cxx:146:50: error: within this context
make[1]: Leaving directory `/source/cmake-2.8.10.2/Source/kwsys/CMakeFiles/CMakeTmp'
make[1]: *** [CMakeFiles/cmTryCompileExec384137166.dir/kwsysPlatformTestsCXX.cxx.o] Error 1
make: *** [cmTryCompileExec384137166/fast] Error 2


Checking whether C++ compiler has '__int64' failed to compile with the following output:
Change Dir: /source/cmake-2.8.10.2/Source/kwsys/CMakeFiles/CMakeTmp

Run Build Command:/usr/bin/make "cmTryCompileExec3561598741/fast"
make -f CMakeFiles/cmTryCompileExec3561598741.dir/build.make CMakeFiles/cmTryCompileExec3561598741.dir/build
make[1]: Entering directory `/source/cmake-2.8.10.2/Source/kwsys/CMakeFiles/CMakeTmp'
/source/cmake-2.8.10.2/Bootstrap.cmk/cmake -E cmake_progress_report /source/cmake-2.8.10.2/Source/kwsys/CMakeFiles/CMakeTmp/CMakeFiles 1
Building CXX object CMakeFiles/cmTryCompileExec3561598741.dir/kwsysPlatformTestsCXX.cxx.o
/toolchain/bin/i486-TSOL-linux-gnu-g++   -DTEST_KWSYS_CXX_HAS___INT64 -O2      -o CMakeFiles/cmTryCompileExec3561598741.dir/kwsysPlatformTestsCXX.cxx.o -c /source/cmake-2.8.10.2/Source/kwsys/kwsysPlatformTestsCXX.cxx
/source/cmake-2.8.10.2/Source/kwsys/kwsysPlatformTestsCXX.cxx:126:1: error: ‘__int64’ does not name a type
/source/cmake-2.8.10.2/Source/kwsys/kwsysPlatformTestsCXX.cxx: In function ‘int main()’:
/source/cmake-2.8.10.2/Source/kwsys/kwsysPlatformTestsCXX.cxx:129:3: error: ‘__int64’ was not declared in this scope
/source/cmake-2.8.10.2/Source/kwsys/kwsysPlatformTestsCXX.cxx:129:11: error: expected ‘;’ before ‘n’
/source/cmake-2.8.10.2/Source/kwsys/kwsysPlatformTestsCXX.cxx:130:29: error: ‘n’ was not declared in this scope
/source/cmake-2.8.10.2/Source/kwsys/kwsysPlatformTestsCXX.cxx:130:30: error: ‘f’ was not declared in this scope
make[1]: Leaving directory `/source/cmake-2.8.10.2/Source/kwsys/CMakeFiles/CMakeTmp'
make[1]: *** [CMakeFiles/cmTryCompileExec3561598741.dir/kwsysPlatformTestsCXX.cxx.o] Error 1
make: *** [cmTryCompileExec3561598741/fast] Error 2


Determining size of __int64 failed with the following output:
Change Dir: /source/cmake-2.8.10.2/CMakeFiles/CMakeTmp

Run Build Command:/usr/bin/make "cmTryCompileExec4204786187/fast"
make -f CMakeFiles/cmTryCompileExec4204786187.dir/build.make CMakeFiles/cmTryCompileExec4204786187.dir/build
make[1]: Entering directory `/source/cmake-2.8.10.2/CMakeFiles/CMakeTmp'
/source/cmake-2.8.10.2/Bootstrap.cmk/cmake -E cmake_progress_report /source/cmake-2.8.10.2/CMakeFiles/CMakeTmp/CMakeFiles 1
Building C object CMakeFiles/cmTryCompileExec4204786187.dir/KWSYS_SIZEOF___INT64.c.o
/toolchain/bin/i486-TSOL-linux-gnu-gcc   -O2      -o CMakeFiles/cmTryCompileExec4204786187.dir/KWSYS_SIZEOF___INT64.c.o   -c /source/cmake-2.8.10.2/CMakeFiles/CheckTypeSize/KWSYS_SIZEOF___INT64.c
/source/cmake-2.8.10.2/CMakeFiles/CheckTypeSize/KWSYS_SIZEOF___INT64.c:19:12: error: ‘__int64’ undeclared here (not in a function)
make[1]: Leaving directory `/source/cmake-2.8.10.2/CMakeFiles/CMakeTmp'
make[1]: *** [CMakeFiles/cmTryCompileExec4204786187.dir/KWSYS_SIZEOF___INT64.c.o] Error 1
make: *** [cmTryCompileExec4204786187/fast] Error 2

/source/cmake-2.8.10.2/CMakeFiles/CheckTypeSize/KWSYS_SIZEOF___INT64.c:
#include <sys/types.h>
#include <stdint.h>
#include <stddef.h>


#undef KEY
#if defined(__i386)
# define KEY '_','_','i','3','8','6'
#elif defined(__x86_64)
# define KEY '_','_','x','8','6','_','6','4'
#elif defined(__ppc__)
# define KEY '_','_','p','p','c','_','_'
#elif defined(__ppc64__)
# define KEY '_','_','p','p','c','6','4','_','_'
#endif

#define SIZE (sizeof(__int64))
char info_size[] =  {'I', 'N', 'F', 'O', ':', 's','i','z','e','[',
  ('0' + ((SIZE / 10000)%10)),
  ('0' + ((SIZE / 1000)%10)),
  ('0' + ((SIZE / 100)%10)),
  ('0' + ((SIZE / 10)%10)),
  ('0' +  (SIZE    % 10)),
  ']',
#ifdef KEY
  ' ','k','e','y','[', KEY, ']',
#endif
  '\0'};

#ifdef __CLASSIC_C__
int main(argc, argv) int argc; char *argv[];
#else
int main(int argc, char *argv[])
#endif
{
  int require = 0;
  require += info_size[argc];
  (void)argv;
  return require;
}


Checking whether CXX compiler has environ in stdlib.h failed to compile with the following output:
Change Dir: /source/cmake-2.8.10.2/Source/kwsys/CMakeFiles/CMakeTmp

Run Build Command:/usr/bin/make "cmTryCompileExec1667788370/fast"
make -f CMakeFiles/cmTryCompileExec1667788370.dir/build.make CMakeFiles/cmTryCompileExec1667788370.dir/build
make[1]: Entering directory `/source/cmake-2.8.10.2/Source/kwsys/CMakeFiles/CMakeTmp'
/source/cmake-2.8.10.2/Bootstrap.cmk/cmake -E cmake_progress_report /source/cmake-2.8.10.2/Source/kwsys/CMakeFiles/CMakeTmp/CMakeFiles 1
Building CXX object CMakeFiles/cmTryCompileExec1667788370.dir/kwsysPlatformTestsCXX.cxx.o
/toolchain/bin/i486-TSOL-linux-gnu-g++   -DTEST_KWSYS_CXX_HAS_ENVIRON_IN_STDLIB_H -O2      -o CMakeFiles/cmTryCompileExec1667788370.dir/kwsysPlatformTestsCXX.cxx.o -c /source/cmake-2.8.10.2/Source/kwsys/kwsysPlatformTestsCXX.cxx
/source/cmake-2.8.10.2/Source/kwsys/kwsysPlatformTestsCXX.cxx: In function ‘int main()’:
/source/cmake-2.8.10.2/Source/kwsys/kwsysPlatformTestsCXX.cxx:426:13: error: ‘environ’ was not declared in this scope
make[1]: Leaving directory `/source/cmake-2.8.10.2/Source/kwsys/CMakeFiles/CMakeTmp'
make[1]: *** [CMakeFiles/cmTryCompileExec1667788370.dir/kwsysPlatformTestsCXX.cxx.o] Error 1
make: *** [cmTryCompileExec1667788370/fast] Error 2


Determining if the function connect exists in the socket;dl failed with the following output:
Change Dir: /source/cmake-2.8.10.2/CMakeFiles/CMakeTmp

Run Build Command:/usr/bin/make "cmTryCompileExec2947520795/fast"
make -f CMakeFiles/cmTryCompileExec2947520795.dir/build.make CMakeFiles/cmTryCompileExec2947520795.dir/build
make[1]: Entering directory `/source/cmake-2.8.10.2/CMakeFiles/CMakeTmp'
/source/cmake-2.8.10.2/Bootstrap.cmk/cmake -E cmake_progress_report /source/cmake-2.8.10.2/CMakeFiles/CMakeTmp/CMakeFiles 1
Building C object CMakeFiles/cmTryCompileExec2947520795.dir/CheckFunctionExists.c.o
/toolchain/bin/i486-TSOL-linux-gnu-gcc   -O2   -DCHECK_FUNCTION_EXISTS=connect   -o CMakeFiles/cmTryCompileExec2947520795.dir/CheckFunctionExists.c.o   -c /source/cmake-2.8.10.2/Modules/CheckFunctionExists.c
Linking C executable cmTryCompileExec2947520795
/source/cmake-2.8.10.2/Bootstrap.cmk/cmake -E cmake_link_script CMakeFiles/cmTryCompileExec2947520795.dir/link.txt --verbose=1
/toolchain/bin/i486-TSOL-linux-gnu-gcc    -O2   -DCHECK_FUNCTION_EXISTS=connect   -static-libgcc CMakeFiles/cmTryCompileExec2947520795.dir/CheckFunctionExists.c.o  -o cmTryCompileExec2947520795 -rdynamic -lsocket -ldl 
/toolchain/lib/gcc/i486-TSOL-linux-gnu/4.6.3/../../../../i486-TSOL-linux-gnu/bin/ld: cannot find -lsocket
collect2: ld returned 1 exit status
make[1]: Leaving directory `/source/cmake-2.8.10.2/CMakeFiles/CMakeTmp'
make[1]: *** [cmTryCompileExec2947520795] Error 1
make: *** [cmTryCompileExec2947520795/fast] Error 2


Determining if the function recv exists in the network;dl failed with the following output:
Change Dir: /source/cmake-2.8.10.2/CMakeFiles/CMakeTmp

Run Build Command:/usr/bin/make "cmTryCompileExec2977562821/fast"
make -f CMakeFiles/cmTryCompileExec2977562821.dir/build.make CMakeFiles/cmTryCompileExec2977562821.dir/build
make[1]: Entering directory `/source/cmake-2.8.10.2/CMakeFiles/CMakeTmp'
/source/cmake-2.8.10.2/Bootstrap.cmk/cmake -E cmake_progress_report /source/cmake-2.8.10.2/CMakeFiles/CMakeTmp/CMakeFiles 1
Building C object CMakeFiles/cmTryCompileExec2977562821.dir/CheckFunctionExists.c.o
/toolchain/bin/i486-TSOL-linux-gnu-gcc   -O2   -DCHECK_FUNCTION_EXISTS=recv   -o CMakeFiles/cmTryCompileExec2977562821.dir/CheckFunctionExists.c.o   -c /source/cmake-2.8.10.2/Modules/CheckFunctionExists.c
Linking C executable cmTryCompileExec2977562821
/source/cmake-2.8.10.2/Bootstrap.cmk/cmake -E cmake_link_script CMakeFiles/cmTryCompileExec2977562821.dir/link.txt --verbose=1
/toolchain/bin/i486-TSOL-linux-gnu-gcc    -O2   -DCHECK_FUNCTION_EXISTS=recv   -static-libgcc CMakeFiles/cmTryCompileExec2977562821.dir/CheckFunctionExists.c.o  -o cmTryCompileExec2977562821 -rdynamic -lnetwork -ldl 
/toolchain/lib/gcc/i486-TSOL-linux-gnu/4.6.3/../../../../i486-TSOL-linux-gnu/bin/ld: cannot find -lnetwork
collect2: ld returned 1 exit status
make[1]: Leaving directory `/source/cmake-2.8.10.2/CMakeFiles/CMakeTmp'
make[1]: *** [cmTryCompileExec2977562821] Error 1
make: *** [cmTryCompileExec2977562821/fast] Error 2


Determining if the function getch exists in the ws2_32;dl failed with the following output:
Change Dir: /source/cmake-2.8.10.2/CMakeFiles/CMakeTmp

Run Build Command:/usr/bin/make "cmTryCompileExec726286742/fast"
make -f CMakeFiles/cmTryCompileExec726286742.dir/build.make CMakeFiles/cmTryCompileExec726286742.dir/build
make[1]: Entering directory `/source/cmake-2.8.10.2/CMakeFiles/CMakeTmp'
/source/cmake-2.8.10.2/Bootstrap.cmk/cmake -E cmake_progress_report /source/cmake-2.8.10.2/CMakeFiles/CMakeTmp/CMakeFiles 1
Building C object CMakeFiles/cmTryCompileExec726286742.dir/CheckFunctionExists.c.o
/toolchain/bin/i486-TSOL-linux-gnu-gcc   -O2   -DCHECK_FUNCTION_EXISTS=getch   -o CMakeFiles/cmTryCompileExec726286742.dir/CheckFunctionExists.c.o   -c /source/cmake-2.8.10.2/Modules/CheckFunctionExists.c
Linking C executable cmTryCompileExec726286742
/source/cmake-2.8.10.2/Bootstrap.cmk/cmake -E cmake_link_script CMakeFiles/cmTryCompileExec726286742.dir/link.txt --verbose=1
/toolchain/bin/i486-TSOL-linux-gnu-gcc    -O2   -DCHECK_FUNCTION_EXISTS=getch   -static-libgcc CMakeFiles/cmTryCompileExec726286742.dir/CheckFunctionExists.c.o  -o cmTryCompileExec726286742 -rdynamic -lws2_32 -ldl 
/toolchain/lib/gcc/i486-TSOL-linux-gnu/4.6.3/../../../../i486-TSOL-linux-gnu/bin/ld: cannot find -lws2_32
collect2: ld returned 1 exit status
make[1]: Leaving directory `/source/cmake-2.8.10.2/CMakeFiles/CMakeTmp'
make[1]: *** [cmTryCompileExec726286742] Error 1
make: *** [cmTryCompileExec726286742/fast] Error 2


Determining if the function getch exists in the winmm;dl failed with the following output:
Change Dir: /source/cmake-2.8.10.2/CMakeFiles/CMakeTmp

Run Build Command:/usr/bin/make "cmTryCompileExec2437010320/fast"
make -f CMakeFiles/cmTryCompileExec2437010320.dir/build.make CMakeFiles/cmTryCompileExec2437010320.dir/build
make[1]: Entering directory `/source/cmake-2.8.10.2/CMakeFiles/CMakeTmp'
/source/cmake-2.8.10.2/Bootstrap.cmk/cmake -E cmake_progress_report /source/cmake-2.8.10.2/CMakeFiles/CMakeTmp/CMakeFiles 1
Building C object CMakeFiles/cmTryCompileExec2437010320.dir/CheckFunctionExists.c.o
/toolchain/bin/i486-TSOL-linux-gnu-gcc   -O2   -DCHECK_FUNCTION_EXISTS=getch   -o CMakeFiles/cmTryCompileExec2437010320.dir/CheckFunctionExists.c.o   -c /source/cmake-2.8.10.2/Modules/CheckFunctionExists.c
Linking C executable cmTryCompileExec2437010320
/source/cmake-2.8.10.2/Bootstrap.cmk/cmake -E cmake_link_script CMakeFiles/cmTryCompileExec2437010320.dir/link.txt --verbose=1
/toolchain/bin/i486-TSOL-linux-gnu-gcc    -O2   -DCHECK_FUNCTION_EXISTS=getch   -static-libgcc CMakeFiles/cmTryCompileExec2437010320.dir/CheckFunctionExists.c.o  -o cmTryCompileExec2437010320 -rdynamic -lwinmm -ldl 
/toolchain/lib/gcc/i486-TSOL-linux-gnu/4.6.3/../../../../i486-TSOL-linux-gnu/bin/ld: cannot find -lwinmm
collect2: ld returned 1 exit status
make[1]: Leaving directory `/source/cmake-2.8.10.2/CMakeFiles/CMakeTmp'
make[1]: *** [cmTryCompileExec2437010320] Error 1
make: *** [cmTryCompileExec2437010320/fast] Error 2


Determining if the function idna_to_ascii_lz exists in the idn;dl failed with the following output:
Change Dir: /source/cmake-2.8.10.2/CMakeFiles/CMakeTmp

Run Build Command:/usr/bin/make "cmTryCompileExec3639283793/fast"
make -f CMakeFiles/cmTryCompileExec3639283793.dir/build.make CMakeFiles/cmTryCompileExec3639283793.dir/build
make[1]: Entering directory `/source/cmake-2.8.10.2/CMakeFiles/CMakeTmp'
/source/cmake-2.8.10.2/Bootstrap.cmk/cmake -E cmake_progress_report /source/cmake-2.8.10.2/CMakeFiles/CMakeTmp/CMakeFiles 1
Building C object CMakeFiles/cmTryCompileExec3639283793.dir/CheckFunctionExists.c.o
/toolchain/bin/i486-TSOL-linux-gnu-gcc   -O2   -DCHECK_FUNCTION_EXISTS=idna_to_ascii_lz   -o CMakeFiles/cmTryCompileExec3639283793.dir/CheckFunctionExists.c.o   -c /source/cmake-2.8.10.2/Modules/CheckFunctionExists.c
Linking C executable cmTryCompileExec3639283793
/source/cmake-2.8.10.2/Bootstrap.cmk/cmake -E cmake_link_script CMakeFiles/cmTryCompileExec3639283793.dir/link.txt --verbose=1
/toolchain/bin/i486-TSOL-linux-gnu-gcc    -O2   -DCHECK_FUNCTION_EXISTS=idna_to_ascii_lz   -static-libgcc CMakeFiles/cmTryCompileExec3639283793.dir/CheckFunctionExists.c.o  -o cmTryCompileExec3639283793 -rdynamic -lidn -ldl 
/toolchain/lib/gcc/i486-TSOL-linux-gnu/4.6.3/../../../../i486-TSOL-linux-gnu/bin/ld: cannot find -lidn
collect2: ld returned 1 exit status
make[1]: Leaving directory `/source/cmake-2.8.10.2/CMakeFiles/CMakeTmp'
make[1]: *** [cmTryCompileExec3639283793] Error 1
make: *** [cmTryCompileExec3639283793/fast] Error 2


Determining if the include file process.h exists failed with the following output:
Change Dir: /source/cmake-2.8.10.2/CMakeFiles/CMakeTmp

Run Build Command:/usr/bin/make "cmTryCompileExec779596607/fast"
make -f CMakeFiles/cmTryCompileExec779596607.dir/build.make CMakeFiles/cmTryCompileExec779596607.dir/build
make[1]: Entering directory `/source/cmake-2.8.10.2/CMakeFiles/CMakeTmp'
/source/cmake-2.8.10.2/Bootstrap.cmk/cmake -E cmake_progress_report /source/cmake-2.8.10.2/CMakeFiles/CMakeTmp/CMakeFiles 1
Building C object CMakeFiles/cmTryCompileExec779596607.dir/CheckIncludeFile.c.o
/toolchain/bin/i486-TSOL-linux-gnu-gcc   -O2      -o CMakeFiles/cmTryCompileExec779596607.dir/CheckIncludeFile.c.o   -c /source/cmake-2.8.10.2/CMakeFiles/CMakeTmp/CheckIncludeFile.c
/source/cmake-2.8.10.2/CMakeFiles/CMakeTmp/CheckIncludeFile.c:1:21: fatal error: process.h: No such file or directory
compilation terminated.
make[1]: Leaving directory `/source/cmake-2.8.10.2/CMakeFiles/CMakeTmp'
make[1]: *** [CMakeFiles/cmTryCompileExec779596607.dir/CheckIncludeFile.c.o] Error 1
make: *** [cmTryCompileExec779596607/fast] Error 2


Determining if files stdio.h;stddef.h;sys/types.h;inttypes.h;alloca.h;arpa/inet.h;dlfcn.h;fcntl.h;malloc.h;memory.h;netdb.h;sys/poll.h;assert.h;limits.h;sys/socket.h;netinet/in.h;net/if.h;netinet/if_ether.h;netinet/tcp.h;sys/select.h;utime.h;netinet/in.h;pwd.h;sgtty.h;stdint.h;stdlib.h;string.h;strings.h;sys/param.h;sys/stat.h;sys/time.h;sys/resource.h;termios.h;termio.h;io.h exist failed with the following output:
Change Dir: /source/cmake-2.8.10.2/CMakeFiles/CMakeTmp

Run Build Command:/usr/bin/make "cmTryCompileExec4161203256/fast"
make -f CMakeFiles/cmTryCompileExec4161203256.dir/build.make CMakeFiles/cmTryCompileExec4161203256.dir/build
make[1]: Entering directory `/source/cmake-2.8.10.2/CMakeFiles/CMakeTmp'
/source/cmake-2.8.10.2/Bootstrap.cmk/cmake -E cmake_progress_report /source/cmake-2.8.10.2/CMakeFiles/CMakeTmp/CMakeFiles 1
Building C object CMakeFiles/cmTryCompileExec4161203256.dir/CheckIncludeFiles.c.o
/toolchain/bin/i486-TSOL-linux-gnu-gcc   -O2      -o CMakeFiles/cmTryCompileExec4161203256.dir/CheckIncludeFiles.c.o   -c /source/cmake-2.8.10.2/CMakeFiles/CMakeTmp/CheckIncludeFiles.c
/source/cmake-2.8.10.2/CMakeFiles/CMakeTmp/CheckIncludeFiles.c:36:16: fatal error: io.h: No such file or directory
compilation terminated.
make[1]: Leaving directory `/source/cmake-2.8.10.2/CMakeFiles/CMakeTmp'
make[1]: *** [CMakeFiles/cmTryCompileExec4161203256.dir/CheckIncludeFiles.c.o] Error 1
make: *** [cmTryCompileExec4161203256/fast] Error 2

Source:
/* */
#include <stdio.h>
#include <stddef.h>
#include <sys/types.h>
#include <inttypes.h>
#include <alloca.h>
#include <arpa/inet.h>
#include <dlfcn.h>
#include <fcntl.h>
#include <malloc.h>
#include <memory.h>
#include <netdb.h>
#include <sys/poll.h>
#include <assert.h>
#include <limits.h>
#include <sys/socket.h>
#include <netinet/in.h>
#include <net/if.h>
#include <netinet/if_ether.h>
#include <netinet/tcp.h>
#include <sys/select.h>
#include <utime.h>
#include <netinet/in.h>
#include <pwd.h>
#include <sgtty.h>
#include <stdint.h>
#include <stdlib.h>
#include <string.h>
#include <strings.h>
#include <sys/param.h>
#include <sys/stat.h>
#include <sys/time.h>
#include <sys/resource.h>
#include <termios.h>
#include <termio.h>
#include <io.h>


int main(){return 0;}

Determining if files stdio.h;stddef.h;sys/types.h;inttypes.h;alloca.h;arpa/inet.h;dlfcn.h;fcntl.h;malloc.h;memory.h;netdb.h;sys/poll.h;assert.h;limits.h;sys/socket.h;netinet/in.h;net/if.h;netinet/if_ether.h;netinet/tcp.h;sys/select.h;utime.h;netinet/in.h;pwd.h;sgtty.h;stdint.h;stdlib.h;string.h;strings.h;sys/param.h;sys/stat.h;sys/time.h;sys/resource.h;termios.h;termio.h;time.h;unistd.h;sys/utime.h exist failed with the following output:
Change Dir: /source/cmake-2.8.10.2/CMakeFiles/CMakeTmp

Run Build Command:/usr/bin/make "cmTryCompileExec2913241377/fast"
make -f CMakeFiles/cmTryCompileExec2913241377.dir/build.make CMakeFiles/cmTryCompileExec2913241377.dir/build
make[1]: Entering directory `/source/cmake-2.8.10.2/CMakeFiles/CMakeTmp'
/source/cmake-2.8.10.2/Bootstrap.cmk/cmake -E cmake_progress_report /source/cmake-2.8.10.2/CMakeFiles/CMakeTmp/CMakeFiles 1
Building C object CMakeFiles/cmTryCompileExec2913241377.dir/CheckIncludeFiles.c.o
/toolchain/bin/i486-TSOL-linux-gnu-gcc   -O2      -o CMakeFiles/cmTryCompileExec2913241377.dir/CheckIncludeFiles.c.o   -c /source/cmake-2.8.10.2/CMakeFiles/CMakeTmp/CheckIncludeFiles.c
/source/cmake-2.8.10.2/CMakeFiles/CMakeTmp/CheckIncludeFiles.c:38:23: fatal error: sys/utime.h: No such file or directory
compilation terminated.
make[1]: Leaving directory `/source/cmake-2.8.10.2/CMakeFiles/CMakeTmp'
make[1]: *** [CMakeFiles/cmTryCompileExec2913241377.dir/CheckIncludeFiles.c.o] Error 1
make: *** [cmTryCompileExec2913241377/fast] Error 2

Source:
/* */
#include <stdio.h>
#include <stddef.h>
#include <sys/types.h>
#include <inttypes.h>
#include <alloca.h>
#include <arpa/inet.h>
#include <dlfcn.h>
#include <fcntl.h>
#include <malloc.h>
#include <memory.h>
#include <netdb.h>
#include <sys/poll.h>
#include <assert.h>
#include <limits.h>
#include <sys/socket.h>
#include <netinet/in.h>
#include <net/if.h>
#include <netinet/if_ether.h>
#include <netinet/tcp.h>
#include <sys/select.h>
#include <utime.h>
#include <netinet/in.h>
#include <pwd.h>
#include <sgtty.h>
#include <stdint.h>
#include <stdlib.h>
#include <string.h>
#include <strings.h>
#include <sys/param.h>
#include <sys/stat.h>
#include <sys/time.h>
#include <sys/resource.h>
#include <termios.h>
#include <termio.h>
#include <time.h>
#include <unistd.h>
#include <sys/utime.h>


int main(){return 0;}

Determining if files stdio.h;stddef.h;sys/types.h;inttypes.h;alloca.h;arpa/inet.h;dlfcn.h;fcntl.h;malloc.h;memory.h;netdb.h;sys/poll.h;assert.h;limits.h;sys/socket.h;netinet/in.h;net/if.h;netinet/if_ether.h;netinet/tcp.h;sys/select.h;utime.h;netinet/in.h;pwd.h;sgtty.h;stdint.h;stdlib.h;string.h;strings.h;sys/param.h;sys/stat.h;sys/time.h;sys/resource.h;termios.h;termio.h;time.h;unistd.h;sockio.h exist failed with the following output:
Change Dir: /source/cmake-2.8.10.2/CMakeFiles/CMakeTmp

Run Build Command:/usr/bin/make "cmTryCompileExec1987125653/fast"
make -f CMakeFiles/cmTryCompileExec1987125653.dir/build.make CMakeFiles/cmTryCompileExec1987125653.dir/build
make[1]: Entering directory `/source/cmake-2.8.10.2/CMakeFiles/CMakeTmp'
/source/cmake-2.8.10.2/Bootstrap.cmk/cmake -E cmake_progress_report /source/cmake-2.8.10.2/CMakeFiles/CMakeTmp/CMakeFiles 1
Building C object CMakeFiles/cmTryCompileExec1987125653.dir/CheckIncludeFiles.c.o
/toolchain/bin/i486-TSOL-linux-gnu-gcc   -O2      -o CMakeFiles/cmTryCompileExec1987125653.dir/CheckIncludeFiles.c.o   -c /source/cmake-2.8.10.2/CMakeFiles/CMakeTmp/CheckIncludeFiles.c
/source/cmake-2.8.10.2/CMakeFiles/CMakeTmp/CheckIncludeFiles.c:38:20: fatal error: sockio.h: No such file or directory
compilation terminated.
make[1]: Leaving directory `/source/cmake-2.8.10.2/CMakeFiles/CMakeTmp'
make[1]: *** [CMakeFiles/cmTryCompileExec1987125653.dir/CheckIncludeFiles.c.o] Error 1
make: *** [cmTryCompileExec1987125653/fast] Error 2

Source:
/* */
#include <stdio.h>
#include <stddef.h>
#include <sys/types.h>
#include <inttypes.h>
#include <alloca.h>
#include <arpa/inet.h>
#include <dlfcn.h>
#include <fcntl.h>
#include <malloc.h>
#include <memory.h>
#include <netdb.h>
#include <sys/poll.h>
#include <assert.h>
#include <limits.h>
#include <sys/socket.h>
#include <netinet/in.h>
#include <net/if.h>
#include <netinet/if_ether.h>
#include <netinet/tcp.h>
#include <sys/select.h>
#include <utime.h>
#include <netinet/in.h>
#include <pwd.h>
#include <sgtty.h>
#include <stdint.h>
#include <stdlib.h>
#include <string.h>
#include <strings.h>
#include <sys/param.h>
#include <sys/stat.h>
#include <sys/time.h>
#include <sys/resource.h>
#include <termios.h>
#include <termio.h>
#include <time.h>
#include <unistd.h>
#include <sockio.h>


int main(){return 0;}

Determining if files stdio.h;stddef.h;sys/types.h;inttypes.h;alloca.h;arpa/inet.h;dlfcn.h;fcntl.h;malloc.h;memory.h;netdb.h;sys/poll.h;assert.h;limits.h;sys/socket.h;netinet/in.h;net/if.h;netinet/if_ether.h;netinet/tcp.h;sys/select.h;utime.h;netinet/in.h;pwd.h;sgtty.h;stdint.h;stdlib.h;string.h;strings.h;sys/param.h;sys/stat.h;sys/time.h;sys/resource.h;termios.h;termio.h;time.h;unistd.h;sys/sockio.h exist failed with the following output:
Change Dir: /source/cmake-2.8.10.2/CMakeFiles/CMakeTmp

Run Build Command:/usr/bin/make "cmTryCompileExec1955184517/fast"
make -f CMakeFiles/cmTryCompileExec1955184517.dir/build.make CMakeFiles/cmTryCompileExec1955184517.dir/build
make[1]: Entering directory `/source/cmake-2.8.10.2/CMakeFiles/CMakeTmp'
/source/cmake-2.8.10.2/Bootstrap.cmk/cmake -E cmake_progress_report /source/cmake-2.8.10.2/CMakeFiles/CMakeTmp/CMakeFiles 1
Building C object CMakeFiles/cmTryCompileExec1955184517.dir/CheckIncludeFiles.c.o
/toolchain/bin/i486-TSOL-linux-gnu-gcc   -O2      -o CMakeFiles/cmTryCompileExec1955184517.dir/CheckIncludeFiles.c.o   -c /source/cmake-2.8.10.2/CMakeFiles/CMakeTmp/CheckIncludeFiles.c
/source/cmake-2.8.10.2/CMakeFiles/CMakeTmp/CheckIncludeFiles.c:38:24: fatal error: sys/sockio.h: No such file or directory
compilation terminated.
make[1]: Leaving directory `/source/cmake-2.8.10.2/CMakeFiles/CMakeTmp'
make[1]: *** [CMakeFiles/cmTryCompileExec1955184517.dir/CheckIncludeFiles.c.o] Error 1
make: *** [cmTryCompileExec1955184517/fast] Error 2

Source:
/* */
#include <stdio.h>
#include <stddef.h>
#include <sys/types.h>
#include <inttypes.h>
#include <alloca.h>
#include <arpa/inet.h>
#include <dlfcn.h>
#include <fcntl.h>
#include <malloc.h>
#include <memory.h>
#include <netdb.h>
#include <sys/poll.h>
#include <assert.h>
#include <limits.h>
#include <sys/socket.h>
#include <netinet/in.h>
#include <net/if.h>
#include <netinet/if_ether.h>
#include <netinet/tcp.h>
#include <sys/select.h>
#include <utime.h>
#include <netinet/in.h>
#include <pwd.h>
#include <sgtty.h>
#include <stdint.h>
#include <stdlib.h>
#include <string.h>
#include <strings.h>
#include <sys/param.h>
#include <sys/stat.h>
#include <sys/time.h>
#include <sys/resource.h>
#include <termios.h>
#include <termio.h>
#include <time.h>
#include <unistd.h>
#include <sys/sockio.h>


int main(){return 0;}

Determining if files stdio.h;stddef.h;sys/types.h;inttypes.h;alloca.h;arpa/inet.h;dlfcn.h;fcntl.h;malloc.h;memory.h;netdb.h;sys/poll.h;assert.h;limits.h;sys/socket.h;netinet/in.h;net/if.h;netinet/if_ether.h;netinet/tcp.h;sys/select.h;utime.h;netinet/in.h;pwd.h;sgtty.h;stdint.h;stdlib.h;string.h;strings.h;sys/param.h;sys/stat.h;sys/time.h;sys/resource.h;termios.h;termio.h;time.h;unistd.h;x509.h exist failed with the following output:
Change Dir: /source/cmake-2.8.10.2/CMakeFiles/CMakeTmp

Run Build Command:/usr/bin/make "cmTryCompileExec3184359954/fast"
make -f CMakeFiles/cmTryCompileExec3184359954.dir/build.make CMakeFiles/cmTryCompileExec3184359954.dir/build
make[1]: Entering directory `/source/cmake-2.8.10.2/CMakeFiles/CMakeTmp'
/source/cmake-2.8.10.2/Bootstrap.cmk/cmake -E cmake_progress_report /source/cmake-2.8.10.2/CMakeFiles/CMakeTmp/CMakeFiles 1
Building C object CMakeFiles/cmTryCompileExec3184359954.dir/CheckIncludeFiles.c.o
/toolchain/bin/i486-TSOL-linux-gnu-gcc   -O2      -o CMakeFiles/cmTryCompileExec3184359954.dir/CheckIncludeFiles.c.o   -c /source/cmake-2.8.10.2/CMakeFiles/CMakeTmp/CheckIncludeFiles.c
/source/cmake-2.8.10.2/CMakeFiles/CMakeTmp/CheckIncludeFiles.c:38:18: fatal error: x509.h: No such file or directory
compilation terminated.
make[1]: Leaving directory `/source/cmake-2.8.10.2/CMakeFiles/CMakeTmp'
make[1]: *** [CMakeFiles/cmTryCompileExec3184359954.dir/CheckIncludeFiles.c.o] Error 1
make: *** [cmTryCompileExec3184359954/fast] Error 2

Source:
/* */
#include <stdio.h>
#include <stddef.h>
#include <sys/types.h>
#include <inttypes.h>
#include <alloca.h>
#include <arpa/inet.h>
#include <dlfcn.h>
#include <fcntl.h>
#include <malloc.h>
#include <memory.h>
#include <netdb.h>
#include <sys/poll.h>
#include <assert.h>
#include <limits.h>
#include <sys/socket.h>
#include <netinet/in.h>
#include <net/if.h>
#include <netinet/if_ether.h>
#include <netinet/tcp.h>
#include <sys/select.h>
#include <utime.h>
#include <netinet/in.h>
#include <pwd.h>
#include <sgtty.h>
#include <stdint.h>
#include <stdlib.h>
#include <string.h>
#include <strings.h>
#include <sys/param.h>
#include <sys/stat.h>
#include <sys/time.h>
#include <sys/resource.h>
#include <termios.h>
#include <termio.h>
#include <time.h>
#include <unistd.h>
#include <x509.h>


int main(){return 0;}

Determining if files stdio.h;stddef.h;sys/types.h;inttypes.h;alloca.h;arpa/inet.h;dlfcn.h;fcntl.h;malloc.h;memory.h;netdb.h;sys/poll.h;assert.h;limits.h;sys/socket.h;netinet/in.h;net/if.h;netinet/if_ether.h;netinet/tcp.h;sys/select.h;utime.h;netinet/in.h;pwd.h;sgtty.h;stdint.h;stdlib.h;string.h;strings.h;sys/param.h;sys/stat.h;sys/time.h;sys/resource.h;termios.h;termio.h;time.h;unistd.h;locale.h;setjmp.h;signal.h;sys/ioctl.h;sys/utsname.h;idn-free.h exist failed with the following output:
Change Dir: /source/cmake-2.8.10.2/CMakeFiles/CMakeTmp

Run Build Command:/usr/bin/make "cmTryCompileExec3403272782/fast"
make -f CMakeFiles/cmTryCompileExec3403272782.dir/build.make CMakeFiles/cmTryCompileExec3403272782.dir/build
make[1]: Entering directory `/source/cmake-2.8.10.2/CMakeFiles/CMakeTmp'
/source/cmake-2.8.10.2/Bootstrap.cmk/cmake -E cmake_progress_report /source/cmake-2.8.10.2/CMakeFiles/CMakeTmp/CMakeFiles 1
Building C object CMakeFiles/cmTryCompileExec3403272782.dir/CheckIncludeFiles.c.o
/toolchain/bin/i486-TSOL-linux-gnu-gcc   -O2      -o CMakeFiles/cmTryCompileExec3403272782.dir/CheckIncludeFiles.c.o   -c /source/cmake-2.8.10.2/CMakeFiles/CMakeTmp/CheckIncludeFiles.c
/source/cmake-2.8.10.2/CMakeFiles/CMakeTmp/CheckIncludeFiles.c:43:22: fatal error: idn-free.h: No such file or directory
compilation terminated.
make[1]: Leaving directory `/source/cmake-2.8.10.2/CMakeFiles/CMakeTmp'
make[1]: *** [CMakeFiles/cmTryCompileExec3403272782.dir/CheckIncludeFiles.c.o] Error 1
make: *** [cmTryCompileExec3403272782/fast] Error 2

Source:
/* */
#include <stdio.h>
#include <stddef.h>
#include <sys/types.h>
#include <inttypes.h>
#include <alloca.h>
#include <arpa/inet.h>
#include <dlfcn.h>
#include <fcntl.h>
#include <malloc.h>
#include <memory.h>
#include <netdb.h>
#include <sys/poll.h>
#include <assert.h>
#include <limits.h>
#include <sys/socket.h>
#include <netinet/in.h>
#include <net/if.h>
#include <netinet/if_ether.h>
#include <netinet/tcp.h>
#include <sys/select.h>
#include <utime.h>
#include <netinet/in.h>
#include <pwd.h>
#include <sgtty.h>
#include <stdint.h>
#include <stdlib.h>
#include <string.h>
#include <strings.h>
#include <sys/param.h>
#include <sys/stat.h>
#include <sys/time.h>
#include <sys/resource.h>
#include <termios.h>
#include <termio.h>
#include <time.h>
#include <unistd.h>
#include <locale.h>
#include <setjmp.h>
#include <signal.h>
#include <sys/ioctl.h>
#include <sys/utsname.h>
#include <idn-free.h>


int main(){return 0;}

Determining if files stdio.h;stddef.h;sys/types.h;inttypes.h;alloca.h;arpa/inet.h;dlfcn.h;fcntl.h;malloc.h;memory.h;netdb.h;sys/poll.h;assert.h;limits.h;sys/socket.h;netinet/in.h;net/if.h;netinet/if_ether.h;netinet/tcp.h;sys/select.h;utime.h;netinet/in.h;pwd.h;sgtty.h;stdint.h;stdlib.h;string.h;strings.h;sys/param.h;sys/stat.h;sys/time.h;sys/resource.h;termios.h;termio.h;time.h;unistd.h;locale.h;setjmp.h;signal.h;sys/ioctl.h;sys/utsname.h;idna.h exist failed with the following output:
Change Dir: /source/cmake-2.8.10.2/CMakeFiles/CMakeTmp

Run Build Command:/usr/bin/make "cmTryCompileExec440276534/fast"
make -f CMakeFiles/cmTryCompileExec440276534.dir/build.make CMakeFiles/cmTryCompileExec440276534.dir/build
make[1]: Entering directory `/source/cmake-2.8.10.2/CMakeFiles/CMakeTmp'
/source/cmake-2.8.10.2/Bootstrap.cmk/cmake -E cmake_progress_report /source/cmake-2.8.10.2/CMakeFiles/CMakeTmp/CMakeFiles 1
Building C object CMakeFiles/cmTryCompileExec440276534.dir/CheckIncludeFiles.c.o
/toolchain/bin/i486-TSOL-linux-gnu-gcc   -O2      -o CMakeFiles/cmTryCompileExec440276534.dir/CheckIncludeFiles.c.o   -c /source/cmake-2.8.10.2/CMakeFiles/CMakeTmp/CheckIncludeFiles.c
/source/cmake-2.8.10.2/CMakeFiles/CMakeTmp/CheckIncludeFiles.c:43:18: fatal error: idna.h: No such file or directory
compilation terminated.
make[1]: Leaving directory `/source/cmake-2.8.10.2/CMakeFiles/CMakeTmp'
make[1]: *** [CMakeFiles/cmTryCompileExec440276534.dir/CheckIncludeFiles.c.o] Error 1
make: *** [cmTryCompileExec440276534/fast] Error 2

Source:
/* */
#include <stdio.h>
#include <stddef.h>
#include <sys/types.h>
#include <inttypes.h>
#include <alloca.h>
#include <arpa/inet.h>
#include <dlfcn.h>
#include <fcntl.h>
#include <malloc.h>
#include <memory.h>
#include <netdb.h>
#include <sys/poll.h>
#include <assert.h>
#include <limits.h>
#include <sys/socket.h>
#include <netinet/in.h>
#include <net/if.h>
#include <netinet/if_ether.h>
#include <netinet/tcp.h>
#include <sys/select.h>
#include <utime.h>
#include <netinet/in.h>
#include <pwd.h>
#include <sgtty.h>
#include <stdint.h>
#include <stdlib.h>
#include <string.h>
#include <strings.h>
#include <sys/param.h>
#include <sys/stat.h>
#include <sys/time.h>
#include <sys/resource.h>
#include <termios.h>
#include <termio.h>
#include <time.h>
#include <unistd.h>
#include <locale.h>
#include <setjmp.h>
#include <signal.h>
#include <sys/ioctl.h>
#include <sys/utsname.h>
#include <idna.h>


int main(){return 0;}

Determining if files stdio.h;stddef.h;sys/types.h;inttypes.h;alloca.h;arpa/inet.h;dlfcn.h;fcntl.h;malloc.h;memory.h;netdb.h;sys/poll.h;assert.h;limits.h;sys/socket.h;netinet/in.h;net/if.h;netinet/if_ether.h;netinet/tcp.h;sys/select.h;utime.h;netinet/in.h;pwd.h;sgtty.h;stdint.h;stdlib.h;string.h;strings.h;sys/param.h;sys/stat.h;sys/time.h;sys/resource.h;termios.h;termio.h;time.h;unistd.h;locale.h;setjmp.h;signal.h;sys/ioctl.h;sys/utsname.h;tld.h exist failed with the following output:
Change Dir: /source/cmake-2.8.10.2/CMakeFiles/CMakeTmp

Run Build Command:/usr/bin/make "cmTryCompileExec626038527/fast"
make -f CMakeFiles/cmTryCompileExec626038527.dir/build.make CMakeFiles/cmTryCompileExec626038527.dir/build
make[1]: Entering directory `/source/cmake-2.8.10.2/CMakeFiles/CMakeTmp'
/source/cmake-2.8.10.2/Bootstrap.cmk/cmake -E cmake_progress_report /source/cmake-2.8.10.2/CMakeFiles/CMakeTmp/CMakeFiles 1
Building C object CMakeFiles/cmTryCompileExec626038527.dir/CheckIncludeFiles.c.o
/toolchain/bin/i486-TSOL-linux-gnu-gcc   -O2      -o CMakeFiles/cmTryCompileExec626038527.dir/CheckIncludeFiles.c.o   -c /source/cmake-2.8.10.2/CMakeFiles/CMakeTmp/CheckIncludeFiles.c
/source/cmake-2.8.10.2/CMakeFiles/CMakeTmp/CheckIncludeFiles.c:43:17: fatal error: tld.h: No such file or directory
compilation terminated.
make[1]: Leaving directory `/source/cmake-2.8.10.2/CMakeFiles/CMakeTmp'
make[1]: *** [CMakeFiles/cmTryCompileExec626038527.dir/CheckIncludeFiles.c.o] Error 1
make: *** [cmTryCompileExec626038527/fast] Error 2

Source:
/* */
#include <stdio.h>
#include <stddef.h>
#include <sys/types.h>
#include <inttypes.h>
#include <alloca.h>
#include <arpa/inet.h>
#include <dlfcn.h>
#include <fcntl.h>
#include <malloc.h>
#include <memory.h>
#include <netdb.h>
#include <sys/poll.h>
#include <assert.h>
#include <limits.h>
#include <sys/socket.h>
#include <netinet/in.h>
#include <net/if.h>
#include <netinet/if_ether.h>
#include <netinet/tcp.h>
#include <sys/select.h>
#include <utime.h>
#include <netinet/in.h>
#include <pwd.h>
#include <sgtty.h>
#include <stdint.h>
#include <stdlib.h>
#include <string.h>
#include <strings.h>
#include <sys/param.h>
#include <sys/stat.h>
#include <sys/time.h>
#include <sys/resource.h>
#include <termios.h>
#include <termio.h>
#include <time.h>
#include <unistd.h>
#include <locale.h>
#include <setjmp.h>
#include <signal.h>
#include <sys/ioctl.h>
#include <sys/utsname.h>
#include <tld.h>


int main(){return 0;}

Determining if files stdio.h;stddef.h;sys/types.h;inttypes.h;alloca.h;arpa/inet.h;dlfcn.h;fcntl.h;malloc.h;memory.h;netdb.h;sys/poll.h;assert.h;limits.h;sys/socket.h;netinet/in.h;net/if.h;netinet/if_ether.h;netinet/tcp.h;sys/select.h;utime.h;netinet/in.h;pwd.h;sgtty.h;stdint.h;stdlib.h;string.h;strings.h;sys/param.h;sys/stat.h;sys/time.h;sys/resource.h;termios.h;termio.h;time.h;unistd.h;locale.h;setjmp.h;signal.h;sys/ioctl.h;sys/utsname.h;arpa/tftp.h;errno.h;libgen.h;sys/filio.h exist failed with the following output:
Change Dir: /source/cmake-2.8.10.2/CMakeFiles/CMakeTmp

Run Build Command:/usr/bin/make "cmTryCompileExec1960546530/fast"
make -f CMakeFiles/cmTryCompileExec1960546530.dir/build.make CMakeFiles/cmTryCompileExec1960546530.dir/build
make[1]: Entering directory `/source/cmake-2.8.10.2/CMakeFiles/CMakeTmp'
/source/cmake-2.8.10.2/Bootstrap.cmk/cmake -E cmake_progress_report /source/cmake-2.8.10.2/CMakeFiles/CMakeTmp/CMakeFiles 1
Building C object CMakeFiles/cmTryCompileExec1960546530.dir/CheckIncludeFiles.c.o
/toolchain/bin/i486-TSOL-linux-gnu-gcc   -O2      -o CMakeFiles/cmTryCompileExec1960546530.dir/CheckIncludeFiles.c.o   -c /source/cmake-2.8.10.2/CMakeFiles/CMakeTmp/CheckIncludeFiles.c
/source/cmake-2.8.10.2/CMakeFiles/CMakeTmp/CheckIncludeFiles.c:46:23: fatal error: sys/filio.h: No such file or directory
compilation terminated.
make[1]: Leaving directory `/source/cmake-2.8.10.2/CMakeFiles/CMakeTmp'
make[1]: *** [CMakeFiles/cmTryCompileExec1960546530.dir/CheckIncludeFiles.c.o] Error 1
make: *** [cmTryCompileExec1960546530/fast] Error 2

Source:
/* */
#include <stdio.h>
#include <stddef.h>
#include <sys/types.h>
#include <inttypes.h>
#include <alloca.h>
#include <arpa/inet.h>
#include <dlfcn.h>
#include <fcntl.h>
#include <malloc.h>
#include <memory.h>
#include <netdb.h>
#include <sys/poll.h>
#include <assert.h>
#include <limits.h>
#include <sys/socket.h>
#include <netinet/in.h>
#include <net/if.h>
#include <netinet/if_ether.h>
#include <netinet/tcp.h>
#include <sys/select.h>
#include <utime.h>
#include <netinet/in.h>
#include <pwd.h>
#include <sgtty.h>
#include <stdint.h>
#include <stdlib.h>
#include <string.h>
#include <strings.h>
#include <sys/param.h>
#include <sys/stat.h>
#include <sys/time.h>
#include <sys/resource.h>
#include <termios.h>
#include <termio.h>
#include <time.h>
#include <unistd.h>
#include <locale.h>
#include <setjmp.h>
#include <signal.h>
#include <sys/ioctl.h>
#include <sys/utsname.h>
#include <arpa/tftp.h>
#include <errno.h>
#include <libgen.h>
#include <sys/filio.h>


int main(){return 0;}

Determining size of __int64 failed with the following output:
Change Dir: /source/cmake-2.8.10.2/CMakeFiles/CMakeTmp

Run Build Command:/usr/bin/make "cmTryCompileExec1079848930/fast"
make -f CMakeFiles/cmTryCompileExec1079848930.dir/build.make CMakeFiles/cmTryCompileExec1079848930.dir/build
make[1]: Entering directory `/source/cmake-2.8.10.2/CMakeFiles/CMakeTmp'
/source/cmake-2.8.10.2/Bootstrap.cmk/cmake -E cmake_progress_report /source/cmake-2.8.10.2/CMakeFiles/CMakeTmp/CMakeFiles 1
Building C object CMakeFiles/cmTryCompileExec1079848930.dir/SIZEOF___INT64.c.o
/toolchain/bin/i486-TSOL-linux-gnu-gcc   -O2      -o CMakeFiles/cmTryCompileExec1079848930.dir/SIZEOF___INT64.c.o   -c /source/cmake-2.8.10.2/CMakeFiles/CheckTypeSize/SIZEOF___INT64.c
/source/cmake-2.8.10.2/CMakeFiles/CheckTypeSize/SIZEOF___INT64.c:19:12: error: ‘__int64’ undeclared here (not in a function)
make[1]: Leaving directory `/source/cmake-2.8.10.2/CMakeFiles/CMakeTmp'
make[1]: *** [CMakeFiles/cmTryCompileExec1079848930.dir/SIZEOF___INT64.c.o] Error 1
make: *** [cmTryCompileExec1079848930/fast] Error 2

/source/cmake-2.8.10.2/CMakeFiles/CheckTypeSize/SIZEOF___INT64.c:
#include <sys/types.h>
#include <stdint.h>
#include <stddef.h>


#undef KEY
#if defined(__i386)
# define KEY '_','_','i','3','8','6'
#elif defined(__x86_64)
# define KEY '_','_','x','8','6','_','6','4'
#elif defined(__ppc__)
# define KEY '_','_','p','p','c','_','_'
#elif defined(__ppc64__)
# define KEY '_','_','p','p','c','6','4','_','_'
#endif

#define SIZE (sizeof(__int64))
char info_size[] =  {'I', 'N', 'F', 'O', ':', 's','i','z','e','[',
  ('0' + ((SIZE / 10000)%10)),
  ('0' + ((SIZE / 1000)%10)),
  ('0' + ((SIZE / 100)%10)),
  ('0' + ((SIZE / 10)%10)),
  ('0' +  (SIZE    % 10)),
  ']',
#ifdef KEY
  ' ','k','e','y','[', KEY, ']',
#endif
  '\0'};

#ifdef __CLASSIC_C__
int main(argc, argv) int argc; char *argv[];
#else
int main(int argc, char *argv[])
#endif
{
  int require = 0;
  require += info_size[argc];
  (void)argv;
  return require;
}


Determining if the stricmp exist failed with the following output:
Change Dir: /source/cmake-2.8.10.2/CMakeFiles/CMakeTmp

Run Build Command:/usr/bin/make "cmTryCompileExec3400604779/fast"
make -f CMakeFiles/cmTryCompileExec3400604779.dir/build.make CMakeFiles/cmTryCompileExec3400604779.dir/build
make[1]: Entering directory `/source/cmake-2.8.10.2/CMakeFiles/CMakeTmp'
/source/cmake-2.8.10.2/Bootstrap.cmk/cmake -E cmake_progress_report /source/cmake-2.8.10.2/CMakeFiles/CMakeTmp/CMakeFiles 1
Building C object CMakeFiles/cmTryCompileExec3400604779.dir/CheckSymbolExists.c.o
/toolchain/bin/i486-TSOL-linux-gnu-gcc   -O2      -o CMakeFiles/cmTryCompileExec3400604779.dir/CheckSymbolExists.c.o   -c /source/cmake-2.8.10.2/CMakeFiles/CMakeTmp/CheckSymbolExists.c
/source/cmake-2.8.10.2/CMakeFiles/CMakeTmp/CheckSymbolExists.c: In function ‘main’:
/source/cmake-2.8.10.2/CMakeFiles/CMakeTmp/CheckSymbolExists.c:51:19: error: ‘stricmp’ undeclared (first use in this function)
/source/cmake-2.8.10.2/CMakeFiles/CMakeTmp/CheckSymbolExists.c:51:19: note: each undeclared identifier is reported only once for each function it appears in
make[1]: Leaving directory `/source/cmake-2.8.10.2/CMakeFiles/CMakeTmp'
make[1]: *** [CMakeFiles/cmTryCompileExec3400604779.dir/CheckSymbolExists.c.o] Error 1
make: *** [cmTryCompileExec3400604779/fast] Error 2

File /source/cmake-2.8.10.2/CMakeFiles/CMakeTmp/CheckSymbolExists.c:
/* */
#include <stdio.h>
#include <stddef.h>
#include <sys/types.h>
#include <inttypes.h>
#include <alloca.h>
#include <arpa/inet.h>
#include <dlfcn.h>
#include <fcntl.h>
#include <malloc.h>
#include <memory.h>
#include <netdb.h>
#include <sys/poll.h>
#include <assert.h>
#include <limits.h>
#include <sys/socket.h>
#include <netinet/in.h>
#include <net/if.h>
#include <netinet/if_ether.h>
#include <netinet/tcp.h>
#include <sys/select.h>
#include <utime.h>
#include <netinet/in.h>
#include <pwd.h>
#include <sgtty.h>
#include <stdint.h>
#include <stdlib.h>
#include <string.h>
#include <strings.h>
#include <sys/param.h>
#include <sys/stat.h>
#include <sys/time.h>
#include <sys/resource.h>
#include <termios.h>
#include <termio.h>
#include <time.h>
#include <unistd.h>
#include <locale.h>
#include <setjmp.h>
#include <signal.h>
#include <sys/ioctl.h>
#include <sys/utsname.h>
#include <arpa/tftp.h>
#include <errno.h>
#include <libgen.h>

int main(int argc, char** argv)
{
  (void)argv;
#ifndef stricmp
  return ((int*)(&stricmp))[argc];
#else
  (void)argc;
  return 0;
#endif
}

Determining if the strcmpi exist failed with the following output:
Change Dir: /source/cmake-2.8.10.2/CMakeFiles/CMakeTmp

Run Build Command:/usr/bin/make "cmTryCompileExec2321080261/fast"
make -f CMakeFiles/cmTryCompileExec2321080261.dir/build.make CMakeFiles/cmTryCompileExec2321080261.dir/build
make[1]: Entering directory `/source/cmake-2.8.10.2/CMakeFiles/CMakeTmp'
/source/cmake-2.8.10.2/Bootstrap.cmk/cmake -E cmake_progress_report /source/cmake-2.8.10.2/CMakeFiles/CMakeTmp/CMakeFiles 1
Building C object CMakeFiles/cmTryCompileExec2321080261.dir/CheckSymbolExists.c.o
/toolchain/bin/i486-TSOL-linux-gnu-gcc   -O2      -o CMakeFiles/cmTryCompileExec2321080261.dir/CheckSymbolExists.c.o   -c /source/cmake-2.8.10.2/CMakeFiles/CMakeTmp/CheckSymbolExists.c
/source/cmake-2.8.10.2/CMakeFiles/CMakeTmp/CheckSymbolExists.c: In function ‘main’:
/source/cmake-2.8.10.2/CMakeFiles/CMakeTmp/CheckSymbolExists.c:51:19: error: ‘strcmpi’ undeclared (first use in this function)
/source/cmake-2.8.10.2/CMakeFiles/CMakeTmp/CheckSymbolExists.c:51:19: note: each undeclared identifier is reported only once for each function it appears in
make[1]: Leaving directory `/source/cmake-2.8.10.2/CMakeFiles/CMakeTmp'
make[1]: *** [CMakeFiles/cmTryCompileExec2321080261.dir/CheckSymbolExists.c.o] Error 1
make: *** [cmTryCompileExec2321080261/fast] Error 2

File /source/cmake-2.8.10.2/CMakeFiles/CMakeTmp/CheckSymbolExists.c:
/* */
#include <stdio.h>
#include <stddef.h>
#include <sys/types.h>
#include <inttypes.h>
#include <alloca.h>
#include <arpa/inet.h>
#include <dlfcn.h>
#include <fcntl.h>
#include <malloc.h>
#include <memory.h>
#include <netdb.h>
#include <sys/poll.h>
#include <assert.h>
#include <limits.h>
#include <sys/socket.h>
#include <netinet/in.h>
#include <net/if.h>
#include <netinet/if_ether.h>
#include <netinet/tcp.h>
#include <sys/select.h>
#include <utime.h>
#include <netinet/in.h>
#include <pwd.h>
#include <sgtty.h>
#include <stdint.h>
#include <stdlib.h>
#include <string.h>
#include <strings.h>
#include <sys/param.h>
#include <sys/stat.h>
#include <sys/time.h>
#include <sys/resource.h>
#include <termios.h>
#include <termio.h>
#include <time.h>
#include <unistd.h>
#include <locale.h>
#include <setjmp.h>
#include <signal.h>
#include <sys/ioctl.h>
#include <sys/utsname.h>
#include <arpa/tftp.h>
#include <errno.h>
#include <libgen.h>

int main(int argc, char** argv)
{
  (void)argv;
#ifndef strcmpi
  return ((int*)(&strcmpi))[argc];
#else
  (void)argc;
  return 0;
#endif
}

Determining if the strncmpi exist failed with the following output:
Change Dir: /source/cmake-2.8.10.2/CMakeFiles/CMakeTmp

Run Build Command:/usr/bin/make "cmTryCompileExec2608962515/fast"
make -f CMakeFiles/cmTryCompileExec2608962515.dir/build.make CMakeFiles/cmTryCompileExec2608962515.dir/build
make[1]: Entering directory `/source/cmake-2.8.10.2/CMakeFiles/CMakeTmp'
/source/cmake-2.8.10.2/Bootstrap.cmk/cmake -E cmake_progress_report /source/cmake-2.8.10.2/CMakeFiles/CMakeTmp/CMakeFiles 1
Building C object CMakeFiles/cmTryCompileExec2608962515.dir/CheckSymbolExists.c.o
/toolchain/bin/i486-TSOL-linux-gnu-gcc   -O2      -o CMakeFiles/cmTryCompileExec2608962515.dir/CheckSymbolExists.c.o   -c /source/cmake-2.8.10.2/CMakeFiles/CMakeTmp/CheckSymbolExists.c
/source/cmake-2.8.10.2/CMakeFiles/CMakeTmp/CheckSymbolExists.c: In function ‘main’:
/source/cmake-2.8.10.2/CMakeFiles/CMakeTmp/CheckSymbolExists.c:51:19: error: ‘strncmpi’ undeclared (first use in this function)
/source/cmake-2.8.10.2/CMakeFiles/CMakeTmp/CheckSymbolExists.c:51:19: note: each undeclared identifier is reported only once for each function it appears in
make[1]: Leaving directory `/source/cmake-2.8.10.2/CMakeFiles/CMakeTmp'
make[1]: *** [CMakeFiles/cmTryCompileExec2608962515.dir/CheckSymbolExists.c.o] Error 1
make: *** [cmTryCompileExec2608962515/fast] Error 2

File /source/cmake-2.8.10.2/CMakeFiles/CMakeTmp/CheckSymbolExists.c:
/* */
#include <stdio.h>
#include <stddef.h>
#include <sys/types.h>
#include <inttypes.h>
#include <alloca.h>
#include <arpa/inet.h>
#include <dlfcn.h>
#include <fcntl.h>
#include <malloc.h>
#include <memory.h>
#include <netdb.h>
#include <sys/poll.h>
#include <assert.h>
#include <limits.h>
#include <sys/socket.h>
#include <netinet/in.h>
#include <net/if.h>
#include <netinet/if_ether.h>
#include <netinet/tcp.h>
#include <sys/select.h>
#include <utime.h>
#include <netinet/in.h>
#include <pwd.h>
#include <sgtty.h>
#include <stdint.h>
#include <stdlib.h>
#include <string.h>
#include <strings.h>
#include <sys/param.h>
#include <sys/stat.h>
#include <sys/time.h>
#include <sys/resource.h>
#include <termios.h>
#include <termio.h>
#include <time.h>
#include <unistd.h>
#include <locale.h>
#include <setjmp.h>
#include <signal.h>
#include <sys/ioctl.h>
#include <sys/utsname.h>
#include <arpa/tftp.h>
#include <errno.h>
#include <libgen.h>

int main(int argc, char** argv)
{
  (void)argv;
#ifndef strncmpi
  return ((int*)(&strncmpi))[argc];
#else
  (void)argc;
  return 0;
#endif
}

Determining if the inet_ntoa_r exist failed with the following output:
Change Dir: /source/cmake-2.8.10.2/CMakeFiles/CMakeTmp

Run Build Command:/usr/bin/make "cmTryCompileExec3602979459/fast"
make -f CMakeFiles/cmTryCompileExec3602979459.dir/build.make CMakeFiles/cmTryCompileExec3602979459.dir/build
make[1]: Entering directory `/source/cmake-2.8.10.2/CMakeFiles/CMakeTmp'
/source/cmake-2.8.10.2/Bootstrap.cmk/cmake -E cmake_progress_report /source/cmake-2.8.10.2/CMakeFiles/CMakeTmp/CMakeFiles 1
Building C object CMakeFiles/cmTryCompileExec3602979459.dir/CheckSymbolExists.c.o
/toolchain/bin/i486-TSOL-linux-gnu-gcc   -O2      -o CMakeFiles/cmTryCompileExec3602979459.dir/CheckSymbolExists.c.o   -c /source/cmake-2.8.10.2/CMakeFiles/CMakeTmp/CheckSymbolExists.c
/source/cmake-2.8.10.2/CMakeFiles/CMakeTmp/CheckSymbolExists.c: In function ‘main’:
/source/cmake-2.8.10.2/CMakeFiles/CMakeTmp/CheckSymbolExists.c:51:19: error: ‘inet_ntoa_r’ undeclared (first use in this function)
/source/cmake-2.8.10.2/CMakeFiles/CMakeTmp/CheckSymbolExists.c:51:19: note: each undeclared identifier is reported only once for each function it appears in
make[1]: Leaving directory `/source/cmake-2.8.10.2/CMakeFiles/CMakeTmp'
make[1]: *** [CMakeFiles/cmTryCompileExec3602979459.dir/CheckSymbolExists.c.o] Error 1
make: *** [cmTryCompileExec3602979459/fast] Error 2

File /source/cmake-2.8.10.2/CMakeFiles/CMakeTmp/CheckSymbolExists.c:
/* */
#include <stdio.h>
#include <stddef.h>
#include <sys/types.h>
#include <inttypes.h>
#include <alloca.h>
#include <arpa/inet.h>
#include <dlfcn.h>
#include <fcntl.h>
#include <malloc.h>
#include <memory.h>
#include <netdb.h>
#include <sys/poll.h>
#include <assert.h>
#include <limits.h>
#include <sys/socket.h>
#include <netinet/in.h>
#include <net/if.h>
#include <netinet/if_ether.h>
#include <netinet/tcp.h>
#include <sys/select.h>
#include <utime.h>
#include <netinet/in.h>
#include <pwd.h>
#include <sgtty.h>
#include <stdint.h>
#include <stdlib.h>
#include <string.h>
#include <strings.h>
#include <sys/param.h>
#include <sys/stat.h>
#include <sys/time.h>
#include <sys/resource.h>
#include <termios.h>
#include <termio.h>
#include <time.h>
#include <unistd.h>
#include <locale.h>
#include <setjmp.h>
#include <signal.h>
#include <sys/ioctl.h>
#include <sys/utsname.h>
#include <arpa/tftp.h>
#include <errno.h>
#include <libgen.h>

int main(int argc, char** argv)
{
  (void)argv;
#ifndef inet_ntoa_r
  return ((int*)(&inet_ntoa_r))[argc];
#else
  (void)argc;
  return 0;
#endif
}

Determining if the closesocket exist failed with the following output:
Change Dir: /source/cmake-2.8.10.2/CMakeFiles/CMakeTmp

Run Build Command:/usr/bin/make "cmTryCompileExec1101974557/fast"
make -f CMakeFiles/cmTryCompileExec1101974557.dir/build.make CMakeFiles/cmTryCompileExec1101974557.dir/build
make[1]: Entering directory `/source/cmake-2.8.10.2/CMakeFiles/CMakeTmp'
/source/cmake-2.8.10.2/Bootstrap.cmk/cmake -E cmake_progress_report /source/cmake-2.8.10.2/CMakeFiles/CMakeTmp/CMakeFiles 1
Building C object CMakeFiles/cmTryCompileExec1101974557.dir/CheckSymbolExists.c.o
/toolchain/bin/i486-TSOL-linux-gnu-gcc   -O2      -o CMakeFiles/cmTryCompileExec1101974557.dir/CheckSymbolExists.c.o   -c /source/cmake-2.8.10.2/CMakeFiles/CMakeTmp/CheckSymbolExists.c
/source/cmake-2.8.10.2/CMakeFiles/CMakeTmp/CheckSymbolExists.c: In function ‘main’:
/source/cmake-2.8.10.2/CMakeFiles/CMakeTmp/CheckSymbolExists.c:51:19: error: ‘closesocket’ undeclared (first use in this function)
/source/cmake-2.8.10.2/CMakeFiles/CMakeTmp/CheckSymbolExists.c:51:19: note: each undeclared identifier is reported only once for each function it appears in
make[1]: Leaving directory `/source/cmake-2.8.10.2/CMakeFiles/CMakeTmp'
make[1]: *** [CMakeFiles/cmTryCompileExec1101974557.dir/CheckSymbolExists.c.o] Error 1
make: *** [cmTryCompileExec1101974557/fast] Error 2

File /source/cmake-2.8.10.2/CMakeFiles/CMakeTmp/CheckSymbolExists.c:
/* */
#include <stdio.h>
#include <stddef.h>
#include <sys/types.h>
#include <inttypes.h>
#include <alloca.h>
#include <arpa/inet.h>
#include <dlfcn.h>
#include <fcntl.h>
#include <malloc.h>
#include <memory.h>
#include <netdb.h>
#include <sys/poll.h>
#include <assert.h>
#include <limits.h>
#include <sys/socket.h>
#include <netinet/in.h>
#include <net/if.h>
#include <netinet/if_ether.h>
#include <netinet/tcp.h>
#include <sys/select.h>
#include <utime.h>
#include <netinet/in.h>
#include <pwd.h>
#include <sgtty.h>
#include <stdint.h>
#include <stdlib.h>
#include <string.h>
#include <strings.h>
#include <sys/param.h>
#include <sys/stat.h>
#include <sys/time.h>
#include <sys/resource.h>
#include <termios.h>
#include <termio.h>
#include <time.h>
#include <unistd.h>
#include <locale.h>
#include <setjmp.h>
#include <signal.h>
#include <sys/ioctl.h>
#include <sys/utsname.h>
#include <arpa/tftp.h>
#include <errno.h>
#include <libgen.h>

int main(int argc, char** argv)
{
  (void)argv;
#ifndef closesocket
  return ((int*)(&closesocket))[argc];
#else
  (void)argc;
  return 0;
#endif
}

Determining if the getpass_r exist failed with the following output:
Change Dir: /source/cmake-2.8.10.2/CMakeFiles/CMakeTmp

Run Build Command:/usr/bin/make "cmTryCompileExec2328650031/fast"
make -f CMakeFiles/cmTryCompileExec2328650031.dir/build.make CMakeFiles/cmTryCompileExec2328650031.dir/build
make[1]: Entering directory `/source/cmake-2.8.10.2/CMakeFiles/CMakeTmp'
/source/cmake-2.8.10.2/Bootstrap.cmk/cmake -E cmake_progress_report /source/cmake-2.8.10.2/CMakeFiles/CMakeTmp/CMakeFiles 1
Building C object CMakeFiles/cmTryCompileExec2328650031.dir/CheckSymbolExists.c.o
/toolchain/bin/i486-TSOL-linux-gnu-gcc   -O2      -o CMakeFiles/cmTryCompileExec2328650031.dir/CheckSymbolExists.c.o   -c /source/cmake-2.8.10.2/CMakeFiles/CMakeTmp/CheckSymbolExists.c
/source/cmake-2.8.10.2/CMakeFiles/CMakeTmp/CheckSymbolExists.c: In function ‘main’:
/source/cmake-2.8.10.2/CMakeFiles/CMakeTmp/CheckSymbolExists.c:51:19: error: ‘getpass_r’ undeclared (first use in this function)
/source/cmake-2.8.10.2/CMakeFiles/CMakeTmp/CheckSymbolExists.c:51:19: note: each undeclared identifier is reported only once for each function it appears in
make[1]: Leaving directory `/source/cmake-2.8.10.2/CMakeFiles/CMakeTmp'
make[1]: *** [CMakeFiles/cmTryCompileExec2328650031.dir/CheckSymbolExists.c.o] Error 1
make: *** [cmTryCompileExec2328650031/fast] Error 2

File /source/cmake-2.8.10.2/CMakeFiles/CMakeTmp/CheckSymbolExists.c:
/* */
#include <stdio.h>
#include <stddef.h>
#include <sys/types.h>
#include <inttypes.h>
#include <alloca.h>
#include <arpa/inet.h>
#include <dlfcn.h>
#include <fcntl.h>
#include <malloc.h>
#include <memory.h>
#include <netdb.h>
#include <sys/poll.h>
#include <assert.h>
#include <limits.h>
#include <sys/socket.h>
#include <netinet/in.h>
#include <net/if.h>
#include <netinet/if_ether.h>
#include <netinet/tcp.h>
#include <sys/select.h>
#include <utime.h>
#include <netinet/in.h>
#include <pwd.h>
#include <sgtty.h>
#include <stdint.h>
#include <stdlib.h>
#include <string.h>
#include <strings.h>
#include <sys/param.h>
#include <sys/stat.h>
#include <sys/time.h>
#include <sys/resource.h>
#include <termios.h>
#include <termio.h>
#include <time.h>
#include <unistd.h>
#include <locale.h>
#include <setjmp.h>
#include <signal.h>
#include <sys/ioctl.h>
#include <sys/utsname.h>
#include <arpa/tftp.h>
#include <errno.h>
#include <libgen.h>

int main(int argc, char** argv)
{
  (void)argv;
#ifndef getpass_r
  return ((int*)(&getpass_r))[argc];
#else
  (void)argc;
  return 0;
#endif
}

Determining if the strlcat exist failed with the following output:
Change Dir: /source/cmake-2.8.10.2/CMakeFiles/CMakeTmp

Run Build Command:/usr/bin/make "cmTryCompileExec2677064694/fast"
make -f CMakeFiles/cmTryCompileExec2677064694.dir/build.make CMakeFiles/cmTryCompileExec2677064694.dir/build
make[1]: Entering directory `/source/cmake-2.8.10.2/CMakeFiles/CMakeTmp'
/source/cmake-2.8.10.2/Bootstrap.cmk/cmake -E cmake_progress_report /source/cmake-2.8.10.2/CMakeFiles/CMakeTmp/CMakeFiles 1
Building C object CMakeFiles/cmTryCompileExec2677064694.dir/CheckSymbolExists.c.o
/toolchain/bin/i486-TSOL-linux-gnu-gcc   -O2      -o CMakeFiles/cmTryCompileExec2677064694.dir/CheckSymbolExists.c.o   -c /source/cmake-2.8.10.2/CMakeFiles/CMakeTmp/CheckSymbolExists.c
/source/cmake-2.8.10.2/CMakeFiles/CMakeTmp/CheckSymbolExists.c: In function ‘main’:
/source/cmake-2.8.10.2/CMakeFiles/CMakeTmp/CheckSymbolExists.c:51:19: error: ‘strlcat’ undeclared (first use in this function)
/source/cmake-2.8.10.2/CMakeFiles/CMakeTmp/CheckSymbolExists.c:51:19: note: each undeclared identifier is reported only once for each function it appears in
make[1]: Leaving directory `/source/cmake-2.8.10.2/CMakeFiles/CMakeTmp'
make[1]: *** [CMakeFiles/cmTryCompileExec2677064694.dir/CheckSymbolExists.c.o] Error 1
make: *** [cmTryCompileExec2677064694/fast] Error 2

File /source/cmake-2.8.10.2/CMakeFiles/CMakeTmp/CheckSymbolExists.c:
/* */
#include <stdio.h>
#include <stddef.h>
#include <sys/types.h>
#include <inttypes.h>
#include <alloca.h>
#include <arpa/inet.h>
#include <dlfcn.h>
#include <fcntl.h>
#include <malloc.h>
#include <memory.h>
#include <netdb.h>
#include <sys/poll.h>
#include <assert.h>
#include <limits.h>
#include <sys/socket.h>
#include <netinet/in.h>
#include <net/if.h>
#include <netinet/if_ether.h>
#include <netinet/tcp.h>
#include <sys/select.h>
#include <utime.h>
#include <netinet/in.h>
#include <pwd.h>
#include <sgtty.h>
#include <stdint.h>
#include <stdlib.h>
#include <string.h>
#include <strings.h>
#include <sys/param.h>
#include <sys/stat.h>
#include <sys/time.h>
#include <sys/resource.h>
#include <termios.h>
#include <termio.h>
#include <time.h>
#include <unistd.h>
#include <locale.h>
#include <setjmp.h>
#include <signal.h>
#include <sys/ioctl.h>
#include <sys/utsname.h>
#include <arpa/tftp.h>
#include <errno.h>
#include <libgen.h>

int main(int argc, char** argv)
{
  (void)argv;
#ifndef strlcat
  return ((int*)(&strlcat))[argc];
#else
  (void)argc;
  return 0;
#endif
}

Determining if the _strtoi64 exist failed with the following output:
Change Dir: /source/cmake-2.8.10.2/CMakeFiles/CMakeTmp

Run Build Command:/usr/bin/make "cmTryCompileExec2343829429/fast"
make -f CMakeFiles/cmTryCompileExec2343829429.dir/build.make CMakeFiles/cmTryCompileExec2343829429.dir/build
make[1]: Entering directory `/source/cmake-2.8.10.2/CMakeFiles/CMakeTmp'
/source/cmake-2.8.10.2/Bootstrap.cmk/cmake -E cmake_progress_report /source/cmake-2.8.10.2/CMakeFiles/CMakeTmp/CMakeFiles 1
Building C object CMakeFiles/cmTryCompileExec2343829429.dir/CheckSymbolExists.c.o
/toolchain/bin/i486-TSOL-linux-gnu-gcc   -O2      -o CMakeFiles/cmTryCompileExec2343829429.dir/CheckSymbolExists.c.o   -c /source/cmake-2.8.10.2/CMakeFiles/CMakeTmp/CheckSymbolExists.c
/source/cmake-2.8.10.2/CMakeFiles/CMakeTmp/CheckSymbolExists.c: In function ‘main’:
/source/cmake-2.8.10.2/CMakeFiles/CMakeTmp/CheckSymbolExists.c:51:19: error: ‘_strtoi64’ undeclared (first use in this function)
/source/cmake-2.8.10.2/CMakeFiles/CMakeTmp/CheckSymbolExists.c:51:19: note: each undeclared identifier is reported only once for each function it appears in
make[1]: Leaving directory `/source/cmake-2.8.10.2/CMakeFiles/CMakeTmp'
make[1]: *** [CMakeFiles/cmTryCompileExec2343829429.dir/CheckSymbolExists.c.o] Error 1
make: *** [cmTryCompileExec2343829429/fast] Error 2

File /source/cmake-2.8.10.2/CMakeFiles/CMakeTmp/CheckSymbolExists.c:
/* */
#include <stdio.h>
#include <stddef.h>
#include <sys/types.h>
#include <inttypes.h>
#include <alloca.h>
#include <arpa/inet.h>
#include <dlfcn.h>
#include <fcntl.h>
#include <malloc.h>
#include <memory.h>
#include <netdb.h>
#include <sys/poll.h>
#include <assert.h>
#include <limits.h>
#include <sys/socket.h>
#include <netinet/in.h>
#include <net/if.h>
#include <netinet/if_ether.h>
#include <netinet/tcp.h>
#include <sys/select.h>
#include <utime.h>
#include <netinet/in.h>
#include <pwd.h>
#include <sgtty.h>
#include <stdint.h>
#include <stdlib.h>
#include <string.h>
#include <strings.h>
#include <sys/param.h>
#include <sys/stat.h>
#include <sys/time.h>
#include <sys/resource.h>
#include <termios.h>
#include <termio.h>
#include <time.h>
#include <unistd.h>
#include <locale.h>
#include <setjmp.h>
#include <signal.h>
#include <sys/ioctl.h>
#include <sys/utsname.h>
#include <arpa/tftp.h>
#include <errno.h>
#include <libgen.h>

int main(int argc, char** argv)
{
  (void)argv;
#ifndef _strtoi64
  return ((int*)(&_strtoi64))[argc];
#else
  (void)argc;
  return 0;
#endif
}

Determining if the idn_free exist failed with the following output:
Change Dir: /source/cmake-2.8.10.2/CMakeFiles/CMakeTmp

Run Build Command:/usr/bin/make "cmTryCompileExec3116837295/fast"
make -f CMakeFiles/cmTryCompileExec3116837295.dir/build.make CMakeFiles/cmTryCompileExec3116837295.dir/build
make[1]: Entering directory `/source/cmake-2.8.10.2/CMakeFiles/CMakeTmp'
/source/cmake-2.8.10.2/Bootstrap.cmk/cmake -E cmake_progress_report /source/cmake-2.8.10.2/CMakeFiles/CMakeTmp/CMakeFiles 1
Building C object CMakeFiles/cmTryCompileExec3116837295.dir/CheckSymbolExists.c.o
/toolchain/bin/i486-TSOL-linux-gnu-gcc   -O2      -o CMakeFiles/cmTryCompileExec3116837295.dir/CheckSymbolExists.c.o   -c /source/cmake-2.8.10.2/CMakeFiles/CMakeTmp/CheckSymbolExists.c
/source/cmake-2.8.10.2/CMakeFiles/CMakeTmp/CheckSymbolExists.c: In function ‘main’:
/source/cmake-2.8.10.2/CMakeFiles/CMakeTmp/CheckSymbolExists.c:51:19: error: ‘idn_free’ undeclared (first use in this function)
/source/cmake-2.8.10.2/CMakeFiles/CMakeTmp/CheckSymbolExists.c:51:19: note: each undeclared identifier is reported only once for each function it appears in
make[1]: Leaving directory `/source/cmake-2.8.10.2/CMakeFiles/CMakeTmp'
make[1]: *** [CMakeFiles/cmTryCompileExec3116837295.dir/CheckSymbolExists.c.o] Error 1
make: *** [cmTryCompileExec3116837295/fast] Error 2

File /source/cmake-2.8.10.2/CMakeFiles/CMakeTmp/CheckSymbolExists.c:
/* */
#include <stdio.h>
#include <stddef.h>
#include <sys/types.h>
#include <inttypes.h>
#include <alloca.h>
#include <arpa/inet.h>
#include <dlfcn.h>
#include <fcntl.h>
#include <malloc.h>
#include <memory.h>
#include <netdb.h>
#include <sys/poll.h>
#include <assert.h>
#include <limits.h>
#include <sys/socket.h>
#include <netinet/in.h>
#include <net/if.h>
#include <netinet/if_ether.h>
#include <netinet/tcp.h>
#include <sys/select.h>
#include <utime.h>
#include <netinet/in.h>
#include <pwd.h>
#include <sgtty.h>
#include <stdint.h>
#include <stdlib.h>
#include <string.h>
#include <strings.h>
#include <sys/param.h>
#include <sys/stat.h>
#include <sys/time.h>
#include <sys/resource.h>
#include <termios.h>
#include <termio.h>
#include <time.h>
#include <unistd.h>
#include <locale.h>
#include <setjmp.h>
#include <signal.h>
#include <sys/ioctl.h>
#include <sys/utsname.h>
#include <arpa/tftp.h>
#include <errno.h>
#include <libgen.h>

int main(int argc, char** argv)
{
  (void)argv;
#ifndef idn_free
  return ((int*)(&idn_free))[argc];
#else
  (void)argc;
  return 0;
#endif
}

Determining if the idna_strerror exist failed with the following output:
Change Dir: /source/cmake-2.8.10.2/CMakeFiles/CMakeTmp

Run Build Command:/usr/bin/make "cmTryCompileExec1961649029/fast"
make -f CMakeFiles/cmTryCompileExec1961649029.dir/build.make CMakeFiles/cmTryCompileExec1961649029.dir/build
make[1]: Entering directory `/source/cmake-2.8.10.2/CMakeFiles/CMakeTmp'
/source/cmake-2.8.10.2/Bootstrap.cmk/cmake -E cmake_progress_report /source/cmake-2.8.10.2/CMakeFiles/CMakeTmp/CMakeFiles 1
Building C object CMakeFiles/cmTryCompileExec1961649029.dir/CheckSymbolExists.c.o
/toolchain/bin/i486-TSOL-linux-gnu-gcc   -O2      -o CMakeFiles/cmTryCompileExec1961649029.dir/CheckSymbolExists.c.o   -c /source/cmake-2.8.10.2/CMakeFiles/CMakeTmp/CheckSymbolExists.c
/source/cmake-2.8.10.2/CMakeFiles/CMakeTmp/CheckSymbolExists.c: In function ‘main’:
/source/cmake-2.8.10.2/CMakeFiles/CMakeTmp/CheckSymbolExists.c:51:19: error: ‘idna_strerror’ undeclared (first use in this function)
/source/cmake-2.8.10.2/CMakeFiles/CMakeTmp/CheckSymbolExists.c:51:19: note: each undeclared identifier is reported only once for each function it appears in
make[1]: Leaving directory `/source/cmake-2.8.10.2/CMakeFiles/CMakeTmp'
make[1]: *** [CMakeFiles/cmTryCompileExec1961649029.dir/CheckSymbolExists.c.o] Error 1
make: *** [cmTryCompileExec1961649029/fast] Error 2

File /source/cmake-2.8.10.2/CMakeFiles/CMakeTmp/CheckSymbolExists.c:
/* */
#include <stdio.h>
#include <stddef.h>
#include <sys/types.h>
#include <inttypes.h>
#include <alloca.h>
#include <arpa/inet.h>
#include <dlfcn.h>
#include <fcntl.h>
#include <malloc.h>
#include <memory.h>
#include <netdb.h>
#include <sys/poll.h>
#include <assert.h>
#include <limits.h>
#include <sys/socket.h>
#include <netinet/in.h>
#include <net/if.h>
#include <netinet/if_ether.h>
#include <netinet/tcp.h>
#include <sys/select.h>
#include <utime.h>
#include <netinet/in.h>
#include <pwd.h>
#include <sgtty.h>
#include <stdint.h>
#include <stdlib.h>
#include <string.h>
#include <strings.h>
#include <sys/param.h>
#include <sys/stat.h>
#include <sys/time.h>
#include <sys/resource.h>
#include <termios.h>
#include <termio.h>
#include <time.h>
#include <unistd.h>
#include <locale.h>
#include <setjmp.h>
#include <signal.h>
#include <sys/ioctl.h>
#include <sys/utsname.h>
#include <arpa/tftp.h>
#include <errno.h>
#include <libgen.h>

int main(int argc, char** argv)
{
  (void)argv;
#ifndef idna_strerror
  return ((int*)(&idna_strerror))[argc];
#else
  (void)argc;
  return 0;
#endif
}

Determining if the tld_strerror exist failed with the following output:
Change Dir: /source/cmake-2.8.10.2/CMakeFiles/CMakeTmp

Run Build Command:/usr/bin/make "cmTryCompileExec682531079/fast"
make -f CMakeFiles/cmTryCompileExec682531079.dir/build.make CMakeFiles/cmTryCompileExec682531079.dir/build
make[1]: Entering directory `/source/cmake-2.8.10.2/CMakeFiles/CMakeTmp'
/source/cmake-2.8.10.2/Bootstrap.cmk/cmake -E cmake_progress_report /source/cmake-2.8.10.2/CMakeFiles/CMakeTmp/CMakeFiles 1
Building C object CMakeFiles/cmTryCompileExec682531079.dir/CheckSymbolExists.c.o
/toolchain/bin/i486-TSOL-linux-gnu-gcc   -O2      -o CMakeFiles/cmTryCompileExec682531079.dir/CheckSymbolExists.c.o   -c /source/cmake-2.8.10.2/CMakeFiles/CMakeTmp/CheckSymbolExists.c
/source/cmake-2.8.10.2/CMakeFiles/CMakeTmp/CheckSymbolExists.c: In function ‘main’:
/source/cmake-2.8.10.2/CMakeFiles/CMakeTmp/CheckSymbolExists.c:51:19: error: ‘tld_strerror’ undeclared (first use in this function)
/source/cmake-2.8.10.2/CMakeFiles/CMakeTmp/CheckSymbolExists.c:51:19: note: each undeclared identifier is reported only once for each function it appears in
make[1]: Leaving directory `/source/cmake-2.8.10.2/CMakeFiles/CMakeTmp'
make[1]: *** [CMakeFiles/cmTryCompileExec682531079.dir/CheckSymbolExists.c.o] Error 1
make: *** [cmTryCompileExec682531079/fast] Error 2

File /source/cmake-2.8.10.2/CMakeFiles/CMakeTmp/CheckSymbolExists.c:
/* */
#include <stdio.h>
#include <stddef.h>
#include <sys/types.h>
#include <inttypes.h>
#include <alloca.h>
#include <arpa/inet.h>
#include <dlfcn.h>
#include <fcntl.h>
#include <malloc.h>
#include <memory.h>
#include <netdb.h>
#include <sys/poll.h>
#include <assert.h>
#include <limits.h>
#include <sys/socket.h>
#include <netinet/in.h>
#include <net/if.h>
#include <netinet/if_ether.h>
#include <netinet/tcp.h>
#include <sys/select.h>
#include <utime.h>
#include <netinet/in.h>
#include <pwd.h>
#include <sgtty.h>
#include <stdint.h>
#include <stdlib.h>
#include <string.h>
#include <strings.h>
#include <sys/param.h>
#include <sys/stat.h>
#include <sys/time.h>
#include <sys/resource.h>
#include <termios.h>
#include <termio.h>
#include <time.h>
#include <unistd.h>
#include <locale.h>
#include <setjmp.h>
#include <signal.h>
#include <sys/ioctl.h>
#include <sys/utsname.h>
#include <arpa/tftp.h>
#include <errno.h>
#include <libgen.h>

int main(int argc, char** argv)
{
  (void)argv;
#ifndef tld_strerror
  return ((int*)(&tld_strerror))[argc];
#else
  (void)argc;
  return 0;
#endif
}

Performing Curl Test HAVE_FIONBIO failed with the following output:
Change Dir: /source/cmake-2.8.10.2/CMakeFiles/CMakeTmp

Run Build Command:/usr/bin/make "cmTryCompileExec3267212990/fast"
make -f CMakeFiles/cmTryCompileExec3267212990.dir/build.make CMakeFiles/cmTryCompileExec3267212990.dir/build
make[1]: Entering directory `/source/cmake-2.8.10.2/CMakeFiles/CMakeTmp'
/source/cmake-2.8.10.2/Bootstrap.cmk/cmake -E cmake_progress_report /source/cmake-2.8.10.2/CMakeFiles/CMakeTmp/CMakeFiles 1
Building C object CMakeFiles/cmTryCompileExec3267212990.dir/CurlTests.c.o
/toolchain/bin/i486-TSOL-linux-gnu-gcc   -O2   -DHAVE_FIONBIO   -o CMakeFiles/cmTryCompileExec3267212990.dir/CurlTests.c.o   -c /source/cmake-2.8.10.2/Utilities/cmcurl/CMake/CurlTests.c
/source/cmake-2.8.10.2/Utilities/cmcurl/CMake/CurlTests.c: In function ‘main’:
/source/cmake-2.8.10.2/Utilities/cmcurl/CMake/CurlTests.c:476:28: error: ‘FIONBIO’ undeclared (first use in this function)
/source/cmake-2.8.10.2/Utilities/cmcurl/CMake/CurlTests.c:476:28: note: each undeclared identifier is reported only once for each function it appears in
make[1]: Leaving directory `/source/cmake-2.8.10.2/CMakeFiles/CMakeTmp'
make[1]: *** [CMakeFiles/cmTryCompileExec3267212990.dir/CurlTests.c.o] Error 1
make: *** [cmTryCompileExec3267212990/fast] Error 2

Performing Curl Test HAVE_IOCTLSOCKET failed with the following output:
Change Dir: /source/cmake-2.8.10.2/CMakeFiles/CMakeTmp

Run Build Command:/usr/bin/make "cmTryCompileExec2831974056/fast"
make -f CMakeFiles/cmTryCompileExec2831974056.dir/build.make CMakeFiles/cmTryCompileExec2831974056.dir/build
make[1]: Entering directory `/source/cmake-2.8.10.2/CMakeFiles/CMakeTmp'
/source/cmake-2.8.10.2/Bootstrap.cmk/cmake -E cmake_progress_report /source/cmake-2.8.10.2/CMakeFiles/CMakeTmp/CMakeFiles 1
Building C object CMakeFiles/cmTryCompileExec2831974056.dir/CurlTests.c.o
/toolchain/bin/i486-TSOL-linux-gnu-gcc   -O2   -DHAVE_IOCTLSOCKET   -o CMakeFiles/cmTryCompileExec2831974056.dir/CurlTests.c.o   -c /source/cmake-2.8.10.2/Utilities/cmcurl/CMake/CurlTests.c
/source/cmake-2.8.10.2/Utilities/cmcurl/CMake/CurlTests.c:435:21: fatal error: windows.h: No such file or directory
compilation terminated.
make[1]: Leaving directory `/source/cmake-2.8.10.2/CMakeFiles/CMakeTmp'
make[1]: *** [CMakeFiles/cmTryCompileExec2831974056.dir/CurlTests.c.o] Error 1
make: *** [cmTryCompileExec2831974056/fast] Error 2

Performing Curl Test HAVE_IOCTLSOCKET_CASE failed with the following output:
Change Dir: /source/cmake-2.8.10.2/CMakeFiles/CMakeTmp

Run Build Command:/usr/bin/make "cmTryCompileExec1125283849/fast"
make -f CMakeFiles/cmTryCompileExec1125283849.dir/build.make CMakeFiles/cmTryCompileExec1125283849.dir/build
make[1]: Entering directory `/source/cmake-2.8.10.2/CMakeFiles/CMakeTmp'
/source/cmake-2.8.10.2/Bootstrap.cmk/cmake -E cmake_progress_report /source/cmake-2.8.10.2/CMakeFiles/CMakeTmp/CMakeFiles 1
Building C object CMakeFiles/cmTryCompileExec1125283849.dir/CurlTests.c.o
/toolchain/bin/i486-TSOL-linux-gnu-gcc   -O2   -DHAVE_IOCTLSOCKET_CASE   -o CMakeFiles/cmTryCompileExec1125283849.dir/CurlTests.c.o   -c /source/cmake-2.8.10.2/Utilities/cmcurl/CMake/CurlTests.c
/source/cmake-2.8.10.2/Utilities/cmcurl/CMake/CurlTests.c:451:21: fatal error: windows.h: No such file or directory
compilation terminated.
make[1]: Leaving directory `/source/cmake-2.8.10.2/CMakeFiles/CMakeTmp'
make[1]: *** [CMakeFiles/cmTryCompileExec1125283849.dir/CurlTests.c.o] Error 1
make: *** [cmTryCompileExec1125283849/fast] Error 2

Performing Curl Test HAVE_SO_NONBLOCK failed with the following output:
Change Dir: /source/cmake-2.8.10.2/CMakeFiles/CMakeTmp

Run Build Command:/usr/bin/make "cmTryCompileExec1310143285/fast"
make -f CMakeFiles/cmTryCompileExec1310143285.dir/build.make CMakeFiles/cmTryCompileExec1310143285.dir/build
make[1]: Entering directory `/source/cmake-2.8.10.2/CMakeFiles/CMakeTmp'
/source/cmake-2.8.10.2/Bootstrap.cmk/cmake -E cmake_progress_report /source/cmake-2.8.10.2/CMakeFiles/CMakeTmp/CMakeFiles 1
Building C object CMakeFiles/cmTryCompileExec1310143285.dir/CurlTests.c.o
/toolchain/bin/i486-TSOL-linux-gnu-gcc   -O2   -DHAVE_SO_NONBLOCK   -o CMakeFiles/cmTryCompileExec1310143285.dir/CurlTests.c.o   -c /source/cmake-2.8.10.2/Utilities/cmcurl/CMake/CurlTests.c
/source/cmake-2.8.10.2/Utilities/cmcurl/CMake/CurlTests.c: In function ‘main’:
/source/cmake-2.8.10.2/Utilities/cmcurl/CMake/CurlTests.c:494:33: error: ‘SOL_SOCKET’ undeclared (first use in this function)
/source/cmake-2.8.10.2/Utilities/cmcurl/CMake/CurlTests.c:494:33: note: each undeclared identifier is reported only once for each function it appears in
/source/cmake-2.8.10.2/Utilities/cmcurl/CMake/CurlTests.c:494:45: error: ‘SO_NONBLOCK’ undeclared (first use in this function)
make[1]: Leaving directory `/source/cmake-2.8.10.2/CMakeFiles/CMakeTmp'
make[1]: *** [CMakeFiles/cmTryCompileExec1310143285.dir/CurlTests.c.o] Error 1
make: *** [cmTryCompileExec1310143285/fast] Error 2

Performing Curl Test HAVE_O_NONBLOCKHAVE_GETHOSTBYADDR_R_5 failed with the following output:
Change Dir: /source/cmake-2.8.10.2/CMakeFiles/CMakeTmp

Run Build Command:/usr/bin/make "cmTryCompileExec1625214725/fast"
make -f CMakeFiles/cmTryCompileExec1625214725.dir/build.make CMakeFiles/cmTryCompileExec1625214725.dir/build
make[1]: Entering directory `/source/cmake-2.8.10.2/CMakeFiles/CMakeTmp'
/source/cmake-2.8.10.2/Bootstrap.cmk/cmake -E cmake_progress_report /source/cmake-2.8.10.2/CMakeFiles/CMakeTmp/CMakeFiles 1
Building C object CMakeFiles/cmTryCompileExec1625214725.dir/CurlTests.c.o
/toolchain/bin/i486-TSOL-linux-gnu-gcc   -O2   -DHAVE_O_NONBLOCKHAVE_GETHOSTBYADDR_R_5   -o CMakeFiles/cmTryCompileExec1625214725.dir/CurlTests.c.o   -c /source/cmake-2.8.10.2/Utilities/cmcurl/CMake/CurlTests.c
Linking C executable cmTryCompileExec1625214725
/source/cmake-2.8.10.2/Bootstrap.cmk/cmake -E cmake_link_script CMakeFiles/cmTryCompileExec1625214725.dir/link.txt --verbose=1
/toolchain/bin/i486-TSOL-linux-gnu-gcc    -O2   -DHAVE_O_NONBLOCKHAVE_GETHOSTBYADDR_R_5   -static-libgcc CMakeFiles/cmTryCompileExec1625214725.dir/CurlTests.c.o  -o cmTryCompileExec1625214725 -rdynamic -ldl 
/toolchain/i486-TSOL-linux-gnu/sysroot/usr/lib/crt1.o: In function `_start':
(.text+0x18): undefined reference to `main'
collect2: ld returned 1 exit status
make[1]: Leaving directory `/source/cmake-2.8.10.2/CMakeFiles/CMakeTmp'
make[1]: *** [cmTryCompileExec1625214725] Error 1
make: *** [cmTryCompileExec1625214725/fast] Error 2

Performing Curl Test HAVE_GETHOSTBYADDR_R_7 failed with the following output:
Change Dir: /source/cmake-2.8.10.2/CMakeFiles/CMakeTmp

Run Build Command:/usr/bin/make "cmTryCompileExec508995560/fast"
make -f CMakeFiles/cmTryCompileExec508995560.dir/build.make CMakeFiles/cmTryCompileExec508995560.dir/build
make[1]: Entering directory `/source/cmake-2.8.10.2/CMakeFiles/CMakeTmp'
/source/cmake-2.8.10.2/Bootstrap.cmk/cmake -E cmake_progress_report /source/cmake-2.8.10.2/CMakeFiles/CMakeTmp/CMakeFiles 1
Building C object CMakeFiles/cmTryCompileExec508995560.dir/CurlTests.c.o
/toolchain/bin/i486-TSOL-linux-gnu-gcc   -O2   -DHAVE_GETHOSTBYADDR_R_7   -o CMakeFiles/cmTryCompileExec508995560.dir/CurlTests.c.o   -c /source/cmake-2.8.10.2/Utilities/cmcurl/CMake/CurlTests.c
/source/cmake-2.8.10.2/Utilities/cmcurl/CMake/CurlTests.c: In function ‘main’:
/source/cmake-2.8.10.2/Utilities/cmcurl/CMake/CurlTests.c:112:22: warning: passing argument 7 of ‘gethostbyaddr_r’ from incompatible pointer type [enabled by default]
/toolchain/i486-TSOL-linux-gnu/sysroot/usr/include/netdb.h:173:12: note: expected ‘struct hostent ** __restrict__’ but argument is of type ‘int *’
/source/cmake-2.8.10.2/Utilities/cmcurl/CMake/CurlTests.c:112:22: error: too few arguments to function ‘gethostbyaddr_r’
/toolchain/i486-TSOL-linux-gnu/sysroot/usr/include/netdb.h:173:12: note: declared here
make[1]: Leaving directory `/source/cmake-2.8.10.2/CMakeFiles/CMakeTmp'
make[1]: *** [CMakeFiles/cmTryCompileExec508995560.dir/CurlTests.c.o] Error 1
make: *** [cmTryCompileExec508995560/fast] Error 2

Performing Curl Test HAVE_GETHOSTBYADDR_R_5_REENTRANT failed with the following output:
Change Dir: /source/cmake-2.8.10.2/CMakeFiles/CMakeTmp

Run Build Command:/usr/bin/make "cmTryCompileExec1962881326/fast"
make -f CMakeFiles/cmTryCompileExec1962881326.dir/build.make CMakeFiles/cmTryCompileExec1962881326.dir/build
make[1]: Entering directory `/source/cmake-2.8.10.2/CMakeFiles/CMakeTmp'
/source/cmake-2.8.10.2/Bootstrap.cmk/cmake -E cmake_progress_report /source/cmake-2.8.10.2/CMakeFiles/CMakeTmp/CMakeFiles 1
Building C object CMakeFiles/cmTryCompileExec1962881326.dir/CurlTests.c.o
/toolchain/bin/i486-TSOL-linux-gnu-gcc   -O2   -DHAVE_GETHOSTBYADDR_R_5_REENTRANT   -o CMakeFiles/cmTryCompileExec1962881326.dir/CurlTests.c.o   -c /source/cmake-2.8.10.2/Utilities/cmcurl/CMake/CurlTests.c
/source/cmake-2.8.10.2/Utilities/cmcurl/CMake/CurlTests.c: In function ‘main’:
/source/cmake-2.8.10.2/Utilities/cmcurl/CMake/CurlTests.c:80:12: error: ‘q’ undeclared (first use in this function)
/source/cmake-2.8.10.2/Utilities/cmcurl/CMake/CurlTests.c:80:12: note: each undeclared identifier is reported only once for each function it appears in
/source/cmake-2.8.10.2/Utilities/cmcurl/CMake/CurlTests.c:81:1: error: expected ‘;’ before ‘int’
/source/cmake-2.8.10.2/Utilities/cmcurl/CMake/CurlTests.c:83:21: error: storage size of ‘hdata’ isn’t known
/source/cmake-2.8.10.2/Utilities/cmcurl/CMake/CurlTests.c:88:39: error: ‘type’ undeclared (first use in this function)
/source/cmake-2.8.10.2/Utilities/cmcurl/CMake/CurlTests.c:88:1: error: too few arguments to function ‘gethostbyaddr_r’
/toolchain/i486-TSOL-linux-gnu/sysroot/usr/include/netdb.h:173:12: note: declared here
make[1]: Leaving directory `/source/cmake-2.8.10.2/CMakeFiles/CMakeTmp'
make[1]: *** [CMakeFiles/cmTryCompileExec1962881326.dir/CurlTests.c.o] Error 1
make: *** [cmTryCompileExec1962881326/fast] Error 2

Performing Curl Test HAVE_GETHOSTBYADDR_R_7_REENTRANT failed with the following output:
Change Dir: /source/cmake-2.8.10.2/CMakeFiles/CMakeTmp

Run Build Command:/usr/bin/make "cmTryCompileExec1776093195/fast"
make -f CMakeFiles/cmTryCompileExec1776093195.dir/build.make CMakeFiles/cmTryCompileExec1776093195.dir/build
make[1]: Entering directory `/source/cmake-2.8.10.2/CMakeFiles/CMakeTmp'
/source/cmake-2.8.10.2/Bootstrap.cmk/cmake -E cmake_progress_report /source/cmake-2.8.10.2/CMakeFiles/CMakeTmp/CMakeFiles 1
Building C object CMakeFiles/cmTryCompileExec1776093195.dir/CurlTests.c.o
/toolchain/bin/i486-TSOL-linux-gnu-gcc   -O2   -DHAVE_GETHOSTBYADDR_R_7_REENTRANT   -o CMakeFiles/cmTryCompileExec1776093195.dir/CurlTests.c.o   -c /source/cmake-2.8.10.2/Utilities/cmcurl/CMake/CurlTests.c
/source/cmake-2.8.10.2/Utilities/cmcurl/CMake/CurlTests.c: In function ‘main’:
/source/cmake-2.8.10.2/Utilities/cmcurl/CMake/CurlTests.c:137:22: warning: passing argument 7 of ‘gethostbyaddr_r’ from incompatible pointer type [enabled by default]
/toolchain/i486-TSOL-linux-gnu/sysroot/usr/include/netdb.h:173:12: note: expected ‘struct hostent ** __restrict__’ but argument is of type ‘int *’
/source/cmake-2.8.10.2/Utilities/cmcurl/CMake/CurlTests.c:137:22: error: too few arguments to function ‘gethostbyaddr_r’
/toolchain/i486-TSOL-linux-gnu/sysroot/usr/include/netdb.h:173:12: note: declared here
make[1]: Leaving directory `/source/cmake-2.8.10.2/CMakeFiles/CMakeTmp'
make[1]: *** [CMakeFiles/cmTryCompileExec1776093195.dir/CurlTests.c.o] Error 1
make: *** [cmTryCompileExec1776093195/fast] Error 2

Performing Curl Test HAVE_GETHOSTBYNAME_R_3 failed with the following output:
Change Dir: /source/cmake-2.8.10.2/CMakeFiles/CMakeTmp

Run Build Command:/usr/bin/make "cmTryCompileExec1657800055/fast"
make -f CMakeFiles/cmTryCompileExec1657800055.dir/build.make CMakeFiles/cmTryCompileExec1657800055.dir/build
make[1]: Entering directory `/source/cmake-2.8.10.2/CMakeFiles/CMakeTmp'
/source/cmake-2.8.10.2/Bootstrap.cmk/cmake -E cmake_progress_report /source/cmake-2.8.10.2/CMakeFiles/CMakeTmp/CMakeFiles 1
Building C object CMakeFiles/cmTryCompileExec1657800055.dir/CurlTests.c.o
/toolchain/bin/i486-TSOL-linux-gnu-gcc   -O2   -DHAVE_GETHOSTBYNAME_R_3   -o CMakeFiles/cmTryCompileExec1657800055.dir/CurlTests.c.o   -c /source/cmake-2.8.10.2/Utilities/cmcurl/CMake/CurlTests.c
/source/cmake-2.8.10.2/Utilities/cmcurl/CMake/CurlTests.c: In function ‘main’:
/source/cmake-2.8.10.2/Utilities/cmcurl/CMake/CurlTests.c:204:21: error: storage size of ‘data’ isn’t known
/source/cmake-2.8.10.2/Utilities/cmcurl/CMake/CurlTests.c:208:1: error: too few arguments to function ‘gethostbyname_r’
/toolchain/i486-TSOL-linux-gnu/sysroot/usr/include/netdb.h:180:12: note: declared here
make[1]: Leaving directory `/source/cmake-2.8.10.2/CMakeFiles/CMakeTmp'
make[1]: *** [CMakeFiles/cmTryCompileExec1657800055.dir/CurlTests.c.o] Error 1
make: *** [cmTryCompileExec1657800055/fast] Error 2

Performing Curl Test HAVE_GETHOSTBYNAME_R_5 failed with the following output:
Change Dir: /source/cmake-2.8.10.2/CMakeFiles/CMakeTmp

Run Build Command:/usr/bin/make "cmTryCompileExec2600017199/fast"
make -f CMakeFiles/cmTryCompileExec2600017199.dir/build.make CMakeFiles/cmTryCompileExec2600017199.dir/build
make[1]: Entering directory `/source/cmake-2.8.10.2/CMakeFiles/CMakeTmp'
/source/cmake-2.8.10.2/Bootstrap.cmk/cmake -E cmake_progress_report /source/cmake-2.8.10.2/CMakeFiles/CMakeTmp/CMakeFiles 1
Building C object CMakeFiles/cmTryCompileExec2600017199.dir/CurlTests.c.o
/toolchain/bin/i486-TSOL-linux-gnu-gcc   -O2   -DHAVE_GETHOSTBYNAME_R_5   -o CMakeFiles/cmTryCompileExec2600017199.dir/CurlTests.c.o   -c /source/cmake-2.8.10.2/Utilities/cmcurl/CMake/CurlTests.c
/source/cmake-2.8.10.2/Utilities/cmcurl/CMake/CurlTests.c: In function ‘main’:
/source/cmake-2.8.10.2/Utilities/cmcurl/CMake/CurlTests.c:247:1: error: too few arguments to function ‘gethostbyname_r’
/toolchain/i486-TSOL-linux-gnu/sysroot/usr/include/netdb.h:180:12: note: declared here
make[1]: Leaving directory `/source/cmake-2.8.10.2/CMakeFiles/CMakeTmp'
make[1]: *** [CMakeFiles/cmTryCompileExec2600017199.dir/CurlTests.c.o] Error 1
make: *** [cmTryCompileExec2600017199/fast] Error 2

Performing Curl Test HAVE_GETHOSTBYNAME_R_3_REENTRANT failed with the following output:
Change Dir: /source/cmake-2.8.10.2/CMakeFiles/CMakeTmp

Run Build Command:/usr/bin/make "cmTryCompileExec857569115/fast"
make -f CMakeFiles/cmTryCompileExec857569115.dir/build.make CMakeFiles/cmTryCompileExec857569115.dir/build
make[1]: Entering directory `/source/cmake-2.8.10.2/CMakeFiles/CMakeTmp'
/source/cmake-2.8.10.2/Bootstrap.cmk/cmake -E cmake_progress_report /source/cmake-2.8.10.2/CMakeFiles/CMakeTmp/CMakeFiles 1
Building C object CMakeFiles/cmTryCompileExec857569115.dir/CurlTests.c.o
/toolchain/bin/i486-TSOL-linux-gnu-gcc   -O2   -DHAVE_GETHOSTBYNAME_R_3_REENTRANT   -o CMakeFiles/cmTryCompileExec857569115.dir/CurlTests.c.o   -c /source/cmake-2.8.10.2/Utilities/cmcurl/CMake/CurlTests.c
/source/cmake-2.8.10.2/Utilities/cmcurl/CMake/CurlTests.c: In function ‘main’:
/source/cmake-2.8.10.2/Utilities/cmcurl/CMake/CurlTests.c:225:21: error: storage size of ‘data’ isn’t known
/source/cmake-2.8.10.2/Utilities/cmcurl/CMake/CurlTests.c:229:1: error: too few arguments to function ‘gethostbyname_r’
/toolchain/i486-TSOL-linux-gnu/sysroot/usr/include/netdb.h:180:12: note: declared here
make[1]: Leaving directory `/source/cmake-2.8.10.2/CMakeFiles/CMakeTmp'
make[1]: *** [CMakeFiles/cmTryCompileExec857569115.dir/CurlTests.c.o] Error 1
make: *** [cmTryCompileExec857569115/fast] Error 2

Performing Curl Test HAVE_GETHOSTBYNAME_R_5_REENTRANT failed with the following output:
Change Dir: /source/cmake-2.8.10.2/CMakeFiles/CMakeTmp

Run Build Command:/usr/bin/make "cmTryCompileExec554959424/fast"
make -f CMakeFiles/cmTryCompileExec554959424.dir/build.make CMakeFiles/cmTryCompileExec554959424.dir/build
make[1]: Entering directory `/source/cmake-2.8.10.2/CMakeFiles/CMakeTmp'
/source/cmake-2.8.10.2/Bootstrap.cmk/cmake -E cmake_progress_report /source/cmake-2.8.10.2/CMakeFiles/CMakeTmp/CMakeFiles 1
Building C object CMakeFiles/cmTryCompileExec554959424.dir/CurlTests.c.o
/toolchain/bin/i486-TSOL-linux-gnu-gcc   -O2   -DHAVE_GETHOSTBYNAME_R_5_REENTRANT   -o CMakeFiles/cmTryCompileExec554959424.dir/CurlTests.c.o   -c /source/cmake-2.8.10.2/Utilities/cmcurl/CMake/CurlTests.c
/source/cmake-2.8.10.2/Utilities/cmcurl/CMake/CurlTests.c: In function ‘main’:
/source/cmake-2.8.10.2/Utilities/cmcurl/CMake/CurlTests.c:266:1: error: too few arguments to function ‘gethostbyname_r’
/toolchain/i486-TSOL-linux-gnu/sysroot/usr/include/netdb.h:180:12: note: declared here
make[1]: Leaving directory `/source/cmake-2.8.10.2/CMakeFiles/CMakeTmp'
make[1]: *** [CMakeFiles/cmTryCompileExec554959424.dir/CurlTests.c.o] Error 1
make: *** [cmTryCompileExec554959424/fast] Error 2

Performing Curl Test HAVE_INET_NTOA_R_DECL failed with the following output:
Change Dir: /source/cmake-2.8.10.2/CMakeFiles/CMakeTmp

Run Build Command:/usr/bin/make "cmTryCompileExec2803801357/fast"
make -f CMakeFiles/cmTryCompileExec2803801357.dir/build.make CMakeFiles/cmTryCompileExec2803801357.dir/build
make[1]: Entering directory `/source/cmake-2.8.10.2/CMakeFiles/CMakeTmp'
/source/cmake-2.8.10.2/Bootstrap.cmk/cmake -E cmake_progress_report /source/cmake-2.8.10.2/CMakeFiles/CMakeTmp/CMakeFiles 1
Building C object CMakeFiles/cmTryCompileExec2803801357.dir/CurlTests.c.o
/toolchain/bin/i486-TSOL-linux-gnu-gcc   -O2   -DHAVE_INET_NTOA_R_DECL   -o CMakeFiles/cmTryCompileExec2803801357.dir/CurlTests.c.o   -c /source/cmake-2.8.10.2/Utilities/cmcurl/CMake/CurlTests.c
/source/cmake-2.8.10.2/Utilities/cmcurl/CMake/CurlTests.c: In function ‘main’:
/source/cmake-2.8.10.2/Utilities/cmcurl/CMake/CurlTests.c:376:21: error: ‘inet_ntoa_r’ undeclared (first use in this function)
/source/cmake-2.8.10.2/Utilities/cmcurl/CMake/CurlTests.c:376:21: note: each undeclared identifier is reported only once for each function it appears in
make[1]: Leaving directory `/source/cmake-2.8.10.2/CMakeFiles/CMakeTmp'
make[1]: *** [CMakeFiles/cmTryCompileExec2803801357.dir/CurlTests.c.o] Error 1
make: *** [cmTryCompileExec2803801357/fast] Error 2

Performing Curl Test HAVE_INET_NTOA_R_DECL_REENTRANT failed with the following output:
Change Dir: /source/cmake-2.8.10.2/CMakeFiles/CMakeTmp

Run Build Command:/usr/bin/make "cmTryCompileExec878418959/fast"
make -f CMakeFiles/cmTryCompileExec878418959.dir/build.make CMakeFiles/cmTryCompileExec878418959.dir/build
make[1]: Entering directory `/source/cmake-2.8.10.2/CMakeFiles/CMakeTmp'
/source/cmake-2.8.10.2/Bootstrap.cmk/cmake -E cmake_progress_report /source/cmake-2.8.10.2/CMakeFiles/CMakeTmp/CMakeFiles 1
Building C object CMakeFiles/cmTryCompileExec878418959.dir/CurlTests.c.o
/toolchain/bin/i486-TSOL-linux-gnu-gcc   -O2   -DHAVE_INET_NTOA_R_DECL_REENTRANT   -o CMakeFiles/cmTryCompileExec878418959.dir/CurlTests.c.o   -c /source/cmake-2.8.10.2/Utilities/cmcurl/CMake/CurlTests.c
/source/cmake-2.8.10.2/Utilities/cmcurl/CMake/CurlTests.c: In function ‘main’:
/source/cmake-2.8.10.2/Utilities/cmcurl/CMake/CurlTests.c:391:22: error: ‘inet_ntoa_r’ undeclared (first use in this function)
/source/cmake-2.8.10.2/Utilities/cmcurl/CMake/CurlTests.c:391:22: note: each undeclared identifier is reported only once for each function it appears in
make[1]: Leaving directory `/source/cmake-2.8.10.2/CMakeFiles/CMakeTmp'
make[1]: *** [CMakeFiles/cmTryCompileExec878418959.dir/CurlTests.c.o] Error 1
make: *** [cmTryCompileExec878418959/fast] Error 2

Determining if the function BZ2_bzCompressInit exists in the cmbzip2 failed with the following output:
Change Dir: /source/cmake-2.8.10.2/CMakeFiles/CMakeTmp

Run Build Command:/usr/bin/make "cmTryCompileExec2972363071/fast"
make -f CMakeFiles/cmTryCompileExec2972363071.dir/build.make CMakeFiles/cmTryCompileExec2972363071.dir/build
make[1]: Entering directory `/source/cmake-2.8.10.2/CMakeFiles/CMakeTmp'
/source/cmake-2.8.10.2/Bootstrap.cmk/cmake -E cmake_progress_report /source/cmake-2.8.10.2/CMakeFiles/CMakeTmp/CMakeFiles 1
Building C object CMakeFiles/cmTryCompileExec2972363071.dir/CheckFunctionExists.c.o
/toolchain/bin/i486-TSOL-linux-gnu-gcc   -O2  -w  -DCHECK_FUNCTION_EXISTS=BZ2_bzCompressInit   -o CMakeFiles/cmTryCompileExec2972363071.dir/CheckFunctionExists.c.o   -c /source/cmake-2.8.10.2/Modules/CheckFunctionExists.c
Linking C executable cmTryCompileExec2972363071
/source/cmake-2.8.10.2/Bootstrap.cmk/cmake -E cmake_link_script CMakeFiles/cmTryCompileExec2972363071.dir/link.txt --verbose=1
/toolchain/bin/i486-TSOL-linux-gnu-gcc   -O2  -w  -DCHECK_FUNCTION_EXISTS=BZ2_bzCompressInit   -static-libgcc CMakeFiles/cmTryCompileExec2972363071.dir/CheckFunctionExists.c.o  -o cmTryCompileExec2972363071 -rdynamic -lcmbzip2 
/toolchain/lib/gcc/i486-TSOL-linux-gnu/4.6.3/../../../../i486-TSOL-linux-gnu/bin/ld: cannot find -lcmbzip2
collect2: ld returned 1 exit status
make[1]: Leaving directory `/source/cmake-2.8.10.2/CMakeFiles/CMakeTmp'
make[1]: *** [cmTryCompileExec2972363071] Error 1
make: *** [cmTryCompileExec2972363071/fast] Error 2


Determining if files sys/types.h;acl/libacl.h exist failed with the following output:
Change Dir: /source/cmake-2.8.10.2/CMakeFiles/CMakeTmp

Run Build Command:/usr/bin/make "cmTryCompileExec3854644488/fast"
make -f CMakeFiles/cmTryCompileExec3854644488.dir/build.make CMakeFiles/cmTryCompileExec3854644488.dir/build
make[1]: Entering directory `/source/cmake-2.8.10.2/CMakeFiles/CMakeTmp'
/source/cmake-2.8.10.2/Bootstrap.cmk/cmake -E cmake_progress_report /source/cmake-2.8.10.2/CMakeFiles/CMakeTmp/CMakeFiles 1
Building C object CMakeFiles/cmTryCompileExec3854644488.dir/CheckIncludeFiles.c.o
/toolchain/bin/i486-TSOL-linux-gnu-gcc   -O2  -w     -o CMakeFiles/cmTryCompileExec3854644488.dir/CheckIncludeFiles.c.o   -c /source/cmake-2.8.10.2/CMakeFiles/CMakeTmp/CheckIncludeFiles.c
/source/cmake-2.8.10.2/CMakeFiles/CMakeTmp/CheckIncludeFiles.c:3:24: fatal error: acl/libacl.h: No such file or directory
compilation terminated.
make[1]: Leaving directory `/source/cmake-2.8.10.2/CMakeFiles/CMakeTmp'
make[1]: *** [CMakeFiles/cmTryCompileExec3854644488.dir/CheckIncludeFiles.c.o] Error 1
make: *** [cmTryCompileExec3854644488/fast] Error 2

Source:
/* */
#include <sys/types.h>
#include <acl/libacl.h>


int main(){return 0;}

Determining if files sys/types.h;ctype.h;copyfile.h exist failed with the following output:
Change Dir: /source/cmake-2.8.10.2/CMakeFiles/CMakeTmp

Run Build Command:/usr/bin/make "cmTryCompileExec4085987318/fast"
make -f CMakeFiles/cmTryCompileExec4085987318.dir/build.make CMakeFiles/cmTryCompileExec4085987318.dir/build
make[1]: Entering directory `/source/cmake-2.8.10.2/CMakeFiles/CMakeTmp'
/source/cmake-2.8.10.2/Bootstrap.cmk/cmake -E cmake_progress_report /source/cmake-2.8.10.2/CMakeFiles/CMakeTmp/CMakeFiles 1
Building C object CMakeFiles/cmTryCompileExec4085987318.dir/CheckIncludeFiles.c.o
/toolchain/bin/i486-TSOL-linux-gnu-gcc   -O2  -w     -o CMakeFiles/cmTryCompileExec4085987318.dir/CheckIncludeFiles.c.o   -c /source/cmake-2.8.10.2/CMakeFiles/CMakeTmp/CheckIncludeFiles.c
/source/cmake-2.8.10.2/CMakeFiles/CMakeTmp/CheckIncludeFiles.c:4:22: fatal error: copyfile.h: No such file or directory
compilation terminated.
make[1]: Leaving directory `/source/cmake-2.8.10.2/CMakeFiles/CMakeTmp'
make[1]: *** [CMakeFiles/cmTryCompileExec4085987318.dir/CheckIncludeFiles.c.o] Error 1
make: *** [cmTryCompileExec4085987318/fast] Error 2

Source:
/* */
#include <sys/types.h>
#include <ctype.h>
#include <copyfile.h>


int main(){return 0;}

Determining if files sys/types.h;ctype.h;direct.h exist failed with the following output:
Change Dir: /source/cmake-2.8.10.2/CMakeFiles/CMakeTmp

Run Build Command:/usr/bin/make "cmTryCompileExec1874169876/fast"
make -f CMakeFiles/cmTryCompileExec1874169876.dir/build.make CMakeFiles/cmTryCompileExec1874169876.dir/build
make[1]: Entering directory `/source/cmake-2.8.10.2/CMakeFiles/CMakeTmp'
/source/cmake-2.8.10.2/Bootstrap.cmk/cmake -E cmake_progress_report /source/cmake-2.8.10.2/CMakeFiles/CMakeTmp/CMakeFiles 1
Building C object CMakeFiles/cmTryCompileExec1874169876.dir/CheckIncludeFiles.c.o
/toolchain/bin/i486-TSOL-linux-gnu-gcc   -O2  -w     -o CMakeFiles/cmTryCompileExec1874169876.dir/CheckIncludeFiles.c.o   -c /source/cmake-2.8.10.2/CMakeFiles/CMakeTmp/CheckIncludeFiles.c
/source/cmake-2.8.10.2/CMakeFiles/CMakeTmp/CheckIncludeFiles.c:4:20: fatal error: direct.h: No such file or directory
compilation terminated.
make[1]: Leaving directory `/source/cmake-2.8.10.2/CMakeFiles/CMakeTmp'
make[1]: *** [CMakeFiles/cmTryCompileExec1874169876.dir/CheckIncludeFiles.c.o] Error 1
make: *** [cmTryCompileExec1874169876/fast] Error 2

Source:
/* */
#include <sys/types.h>
#include <ctype.h>
#include <direct.h>


int main(){return 0;}

Determining if files sys/types.h;ctype.h;dlfcn.h;errno.h;ext2fs/ext2_fs.h exist failed with the following output:
Change Dir: /source/cmake-2.8.10.2/CMakeFiles/CMakeTmp

Run Build Command:/usr/bin/make "cmTryCompileExec593924161/fast"
make -f CMakeFiles/cmTryCompileExec593924161.dir/build.make CMakeFiles/cmTryCompileExec593924161.dir/build
make[1]: Entering directory `/source/cmake-2.8.10.2/CMakeFiles/CMakeTmp'
/source/cmake-2.8.10.2/Bootstrap.cmk/cmake -E cmake_progress_report /source/cmake-2.8.10.2/CMakeFiles/CMakeTmp/CMakeFiles 1
Building C object CMakeFiles/cmTryCompileExec593924161.dir/CheckIncludeFiles.c.o
/toolchain/bin/i486-TSOL-linux-gnu-gcc   -O2  -w     -o CMakeFiles/cmTryCompileExec593924161.dir/CheckIncludeFiles.c.o   -c /source/cmake-2.8.10.2/CMakeFiles/CMakeTmp/CheckIncludeFiles.c
/source/cmake-2.8.10.2/CMakeFiles/CMakeTmp/CheckIncludeFiles.c:6:28: fatal error: ext2fs/ext2_fs.h: No such file or directory
compilation terminated.
make[1]: Leaving directory `/source/cmake-2.8.10.2/CMakeFiles/CMakeTmp'
make[1]: *** [CMakeFiles/cmTryCompileExec593924161.dir/CheckIncludeFiles.c.o] Error 1
make: *** [cmTryCompileExec593924161/fast] Error 2

Source:
/* */
#include <sys/types.h>
#include <ctype.h>
#include <dlfcn.h>
#include <errno.h>
#include <ext2fs/ext2_fs.h>


int main(){return 0;}

Performing C SOURCE FILE Test HAVE_WORKING_EXT2_IOC_GETFLAGS failed with the following output:
Change Dir: /source/cmake-2.8.10.2/CMakeFiles/CMakeTmp

Run Build Command:/usr/bin/make "cmTryCompileExec3120923685/fast"
make -f CMakeFiles/cmTryCompileExec3120923685.dir/build.make CMakeFiles/cmTryCompileExec3120923685.dir/build
make[1]: Entering directory `/source/cmake-2.8.10.2/CMakeFiles/CMakeTmp'
/source/cmake-2.8.10.2/Bootstrap.cmk/cmake -E cmake_progress_report /source/cmake-2.8.10.2/CMakeFiles/CMakeTmp/CMakeFiles 1
Building C object CMakeFiles/cmTryCompileExec3120923685.dir/src.c.o
/toolchain/bin/i486-TSOL-linux-gnu-gcc   -O2  -w  -DHAVE_WORKING_EXT2_IOC_GETFLAGS   -o CMakeFiles/cmTryCompileExec3120923685.dir/src.c.o   -c /source/cmake-2.8.10.2/CMakeFiles/CMakeTmp/src.c
/source/cmake-2.8.10.2/CMakeFiles/CMakeTmp/src.c:2:28: fatal error: ext2fs/ext2_fs.h: No such file or directory
compilation terminated.
make[1]: Leaving directory `/source/cmake-2.8.10.2/CMakeFiles/CMakeTmp'
make[1]: *** [CMakeFiles/cmTryCompileExec3120923685.dir/src.c.o] Error 1
make: *** [cmTryCompileExec3120923685/fast] Error 2

Source file was:
#include <sys/ioctl.h>
#include <ext2fs/ext2_fs.h>
int main(void) { return EXT2_IOC_GETFLAGS; }
Determining if files sys/types.h;ctype.h;dlfcn.h;errno.h;fcntl.h;grp.h;inttypes.h;langinfo.h;limits.h;linux/types.h;linux/fiemap.h;linux/fs.h;linux/magic.h;locale.h;memory.h;paths.h;poll.h;pwd.h;regex.h;signal.h;stdarg.h;stdint.h;stdlib.h;string.h;strings.h;sys/acl.h exist failed with the following output:
Change Dir: /source/cmake-2.8.10.2/CMakeFiles/CMakeTmp

Run Build Command:/usr/bin/make "cmTryCompileExec6404194/fast"
make -f CMakeFiles/cmTryCompileExec6404194.dir/build.make CMakeFiles/cmTryCompileExec6404194.dir/build
make[1]: Entering directory `/source/cmake-2.8.10.2/CMakeFiles/CMakeTmp'
/source/cmake-2.8.10.2/Bootstrap.cmk/cmake -E cmake_progress_report /source/cmake-2.8.10.2/CMakeFiles/CMakeTmp/CMakeFiles 1
Building C object CMakeFiles/cmTryCompileExec6404194.dir/CheckIncludeFiles.c.o
/toolchain/bin/i486-TSOL-linux-gnu-gcc   -O2  -w     -o CMakeFiles/cmTryCompileExec6404194.dir/CheckIncludeFiles.c.o   -c /source/cmake-2.8.10.2/CMakeFiles/CMakeTmp/CheckIncludeFiles.c
/source/cmake-2.8.10.2/CMakeFiles/CMakeTmp/CheckIncludeFiles.c:27:21: fatal error: sys/acl.h: No such file or directory
compilation terminated.
make[1]: Leaving directory `/source/cmake-2.8.10.2/CMakeFiles/CMakeTmp'
make[1]: *** [CMakeFiles/cmTryCompileExec6404194.dir/CheckIncludeFiles.c.o] Error 1
make: *** [cmTryCompileExec6404194/fast] Error 2

Source:
/* */
#include <sys/types.h>
#include <ctype.h>
#include <dlfcn.h>
#include <errno.h>
#include <fcntl.h>
#include <grp.h>
#include <inttypes.h>
#include <langinfo.h>
#include <limits.h>
#include <linux/types.h>
#include <linux/fiemap.h>
#include <linux/fs.h>
#include <linux/magic.h>
#include <locale.h>
#include <memory.h>
#include <paths.h>
#include <poll.h>
#include <pwd.h>
#include <regex.h>
#include <signal.h>
#include <stdarg.h>
#include <stdint.h>
#include <stdlib.h>
#include <string.h>
#include <strings.h>
#include <sys/acl.h>


int main(){return 0;}

Determining if files sys/types.h;ctype.h;dlfcn.h;errno.h;fcntl.h;grp.h;inttypes.h;langinfo.h;limits.h;linux/types.h;linux/fiemap.h;linux/fs.h;linux/magic.h;locale.h;memory.h;paths.h;poll.h;pwd.h;regex.h;signal.h;stdarg.h;stdint.h;stdlib.h;string.h;strings.h;sys/cdefs.h;sys/ioctl.h;sys/mkdev.h exist failed with the following output:
Change Dir: /source/cmake-2.8.10.2/CMakeFiles/CMakeTmp

Run Build Command:/usr/bin/make "cmTryCompileExec3498454550/fast"
make -f CMakeFiles/cmTryCompileExec3498454550.dir/build.make CMakeFiles/cmTryCompileExec3498454550.dir/build
make[1]: Entering directory `/source/cmake-2.8.10.2/CMakeFiles/CMakeTmp'
/source/cmake-2.8.10.2/Bootstrap.cmk/cmake -E cmake_progress_report /source/cmake-2.8.10.2/CMakeFiles/CMakeTmp/CMakeFiles 1
Building C object CMakeFiles/cmTryCompileExec3498454550.dir/CheckIncludeFiles.c.o
/toolchain/bin/i486-TSOL-linux-gnu-gcc   -O2  -w     -o CMakeFiles/cmTryCompileExec3498454550.dir/CheckIncludeFiles.c.o   -c /source/cmake-2.8.10.2/CMakeFiles/CMakeTmp/CheckIncludeFiles.c
/source/cmake-2.8.10.2/CMakeFiles/CMakeTmp/CheckIncludeFiles.c:29:23: fatal error: sys/mkdev.h: No such file or directory
compilation terminated.
make[1]: Leaving directory `/source/cmake-2.8.10.2/CMakeFiles/CMakeTmp'
make[1]: *** [CMakeFiles/cmTryCompileExec3498454550.dir/CheckIncludeFiles.c.o] Error 1
make: *** [cmTryCompileExec3498454550/fast] Error 2

Source:
/* */
#include <sys/types.h>
#include <ctype.h>
#include <dlfcn.h>
#include <errno.h>
#include <fcntl.h>
#include <grp.h>
#include <inttypes.h>
#include <langinfo.h>
#include <limits.h>
#include <linux/types.h>
#include <linux/fiemap.h>
#include <linux/fs.h>
#include <linux/magic.h>
#include <locale.h>
#include <memory.h>
#include <paths.h>
#include <poll.h>
#include <pwd.h>
#include <regex.h>
#include <signal.h>
#include <stdarg.h>
#include <stdint.h>
#include <stdlib.h>
#include <string.h>
#include <strings.h>
#include <sys/cdefs.h>
#include <sys/ioctl.h>
#include <sys/mkdev.h>


int main(){return 0;}

Determining if files sys/types.h;ctype.h;dlfcn.h;errno.h;fcntl.h;grp.h;inttypes.h;langinfo.h;limits.h;linux/types.h;linux/fiemap.h;linux/fs.h;linux/magic.h;locale.h;memory.h;paths.h;poll.h;pwd.h;regex.h;signal.h;stdarg.h;stdint.h;stdlib.h;string.h;strings.h;sys/cdefs.h;sys/ioctl.h;sys/mount.h exist failed with the following output:
Change Dir: /source/cmake-2.8.10.2/CMakeFiles/CMakeTmp

Run Build Command:/usr/bin/make "cmTryCompileExec2238912997/fast"
make -f CMakeFiles/cmTryCompileExec2238912997.dir/build.make CMakeFiles/cmTryCompileExec2238912997.dir/build
make[1]: Entering directory `/source/cmake-2.8.10.2/CMakeFiles/CMakeTmp'
/source/cmake-2.8.10.2/Bootstrap.cmk/cmake -E cmake_progress_report /source/cmake-2.8.10.2/CMakeFiles/CMakeTmp/CMakeFiles 1
Building C object CMakeFiles/cmTryCompileExec2238912997.dir/CheckIncludeFiles.c.o
/toolchain/bin/i486-TSOL-linux-gnu-gcc   -O2  -w     -o CMakeFiles/cmTryCompileExec2238912997.dir/CheckIncludeFiles.c.o   -c /source/cmake-2.8.10.2/CMakeFiles/CMakeTmp/CheckIncludeFiles.c
In file included from /source/cmake-2.8.10.2/CMakeFiles/CMakeTmp/CheckIncludeFiles.c:29:0:
/toolchain/i486-TSOL-linux-gnu/sysroot/usr/include/sys/mount.h:36:3: error: expected identifier before numeric constant
make[1]: Leaving directory `/source/cmake-2.8.10.2/CMakeFiles/CMakeTmp'
make[1]: *** [CMakeFiles/cmTryCompileExec2238912997.dir/CheckIncludeFiles.c.o] Error 1
make: *** [cmTryCompileExec2238912997/fast] Error 2

Source:
/* */
#include <sys/types.h>
#include <ctype.h>
#include <dlfcn.h>
#include <errno.h>
#include <fcntl.h>
#include <grp.h>
#include <inttypes.h>
#include <langinfo.h>
#include <limits.h>
#include <linux/types.h>
#include <linux/fiemap.h>
#include <linux/fs.h>
#include <linux/magic.h>
#include <locale.h>
#include <memory.h>
#include <paths.h>
#include <poll.h>
#include <pwd.h>
#include <regex.h>
#include <signal.h>
#include <stdarg.h>
#include <stdint.h>
#include <stdlib.h>
#include <string.h>
#include <strings.h>
#include <sys/cdefs.h>
#include <sys/ioctl.h>
#include <sys/mount.h>


int main(){return 0;}

Determining if files sys/types.h;ctype.h;dlfcn.h;errno.h;fcntl.h;grp.h;inttypes.h;langinfo.h;limits.h;linux/types.h;linux/fiemap.h;linux/fs.h;linux/magic.h;locale.h;memory.h;paths.h;poll.h;pwd.h;regex.h;signal.h;stdarg.h;stdint.h;stdlib.h;string.h;strings.h;sys/cdefs.h;sys/ioctl.h;sys/param.h;sys/poll.h;sys/select.h;sys/stat.h;sys/statfs.h;sys/statvfs.h;sys/time.h;sys/utsname.h;sys/vfs.h;sys/wait.h;time.h;unistd.h;utime.h;wchar.h;wctype.h;windows.h exist failed with the following output:
Change Dir: /source/cmake-2.8.10.2/CMakeFiles/CMakeTmp

Run Build Command:/usr/bin/make "cmTryCompileExec3709290148/fast"
make -f CMakeFiles/cmTryCompileExec3709290148.dir/build.make CMakeFiles/cmTryCompileExec3709290148.dir/build
make[1]: Entering directory `/source/cmake-2.8.10.2/CMakeFiles/CMakeTmp'
/source/cmake-2.8.10.2/Bootstrap.cmk/cmake -E cmake_progress_report /source/cmake-2.8.10.2/CMakeFiles/CMakeTmp/CMakeFiles 1
Building C object CMakeFiles/cmTryCompileExec3709290148.dir/CheckIncludeFiles.c.o
/toolchain/bin/i486-TSOL-linux-gnu-gcc   -O2  -w     -o CMakeFiles/cmTryCompileExec3709290148.dir/CheckIncludeFiles.c.o   -c /source/cmake-2.8.10.2/CMakeFiles/CMakeTmp/CheckIncludeFiles.c
/source/cmake-2.8.10.2/CMakeFiles/CMakeTmp/CheckIncludeFiles.c:44:21: fatal error: windows.h: No such file or directory
compilation terminated.
make[1]: Leaving directory `/source/cmake-2.8.10.2/CMakeFiles/CMakeTmp'
make[1]: *** [CMakeFiles/cmTryCompileExec3709290148.dir/CheckIncludeFiles.c.o] Error 1
make: *** [cmTryCompileExec3709290148/fast] Error 2

Source:
/* */
#include <sys/types.h>
#include <ctype.h>
#include <dlfcn.h>
#include <errno.h>
#include <fcntl.h>
#include <grp.h>
#include <inttypes.h>
#include <langinfo.h>
#include <limits.h>
#include <linux/types.h>
#include <linux/fiemap.h>
#include <linux/fs.h>
#include <linux/magic.h>
#include <locale.h>
#include <memory.h>
#include <paths.h>
#include <poll.h>
#include <pwd.h>
#include <regex.h>
#include <signal.h>
#include <stdarg.h>
#include <stdint.h>
#include <stdlib.h>
#include <string.h>
#include <strings.h>
#include <sys/cdefs.h>
#include <sys/ioctl.h>
#include <sys/param.h>
#include <sys/poll.h>
#include <sys/select.h>
#include <sys/stat.h>
#include <sys/statfs.h>
#include <sys/statvfs.h>
#include <sys/time.h>
#include <sys/utsname.h>
#include <sys/vfs.h>
#include <sys/wait.h>
#include <time.h>
#include <unistd.h>
#include <utime.h>
#include <wchar.h>
#include <wctype.h>
#include <windows.h>


int main(){return 0;}

Determining if files sys/types.h;ctype.h;dlfcn.h;errno.h;fcntl.h;grp.h;inttypes.h;langinfo.h;limits.h;linux/types.h;linux/fiemap.h;linux/fs.h;linux/magic.h;locale.h;memory.h;paths.h;poll.h;pwd.h;regex.h;signal.h;stdarg.h;stdint.h;stdlib.h;string.h;strings.h;sys/cdefs.h;sys/ioctl.h;sys/param.h;sys/poll.h;sys/select.h;sys/stat.h;sys/statfs.h;sys/statvfs.h;sys/time.h;sys/utsname.h;sys/vfs.h;sys/wait.h;time.h;unistd.h;utime.h;wchar.h;wctype.h;wincrypt.h exist failed with the following output:
Change Dir: /source/cmake-2.8.10.2/CMakeFiles/CMakeTmp

Run Build Command:/usr/bin/make "cmTryCompileExec4038570634/fast"
make -f CMakeFiles/cmTryCompileExec4038570634.dir/build.make CMakeFiles/cmTryCompileExec4038570634.dir/build
make[1]: Entering directory `/source/cmake-2.8.10.2/CMakeFiles/CMakeTmp'
/source/cmake-2.8.10.2/Bootstrap.cmk/cmake -E cmake_progress_report /source/cmake-2.8.10.2/CMakeFiles/CMakeTmp/CMakeFiles 1
Building C object CMakeFiles/cmTryCompileExec4038570634.dir/CheckIncludeFiles.c.o
/toolchain/bin/i486-TSOL-linux-gnu-gcc   -O2  -w     -o CMakeFiles/cmTryCompileExec4038570634.dir/CheckIncludeFiles.c.o   -c /source/cmake-2.8.10.2/CMakeFiles/CMakeTmp/CheckIncludeFiles.c
/source/cmake-2.8.10.2/CMakeFiles/CMakeTmp/CheckIncludeFiles.c:44:22: fatal error: wincrypt.h: No such file or directory
compilation terminated.
make[1]: Leaving directory `/source/cmake-2.8.10.2/CMakeFiles/CMakeTmp'
make[1]: *** [CMakeFiles/cmTryCompileExec4038570634.dir/CheckIncludeFiles.c.o] Error 1
make: *** [cmTryCompileExec4038570634/fast] Error 2

Source:
/* */
#include <sys/types.h>
#include <ctype.h>
#include <dlfcn.h>
#include <errno.h>
#include <fcntl.h>
#include <grp.h>
#include <inttypes.h>
#include <langinfo.h>
#include <limits.h>
#include <linux/types.h>
#include <linux/fiemap.h>
#include <linux/fs.h>
#include <linux/magic.h>
#include <locale.h>
#include <memory.h>
#include <paths.h>
#include <poll.h>
#include <pwd.h>
#include <regex.h>
#include <signal.h>
#include <stdarg.h>
#include <stdint.h>
#include <stdlib.h>
#include <string.h>
#include <strings.h>
#include <sys/cdefs.h>
#include <sys/ioctl.h>
#include <sys/param.h>
#include <sys/poll.h>
#include <sys/select.h>
#include <sys/stat.h>
#include <sys/statfs.h>
#include <sys/statvfs.h>
#include <sys/time.h>
#include <sys/utsname.h>
#include <sys/vfs.h>
#include <sys/wait.h>
#include <time.h>
#include <unistd.h>
#include <utime.h>
#include <wchar.h>
#include <wctype.h>
#include <wincrypt.h>


int main(){return 0;}

Determining if files sys/types.h;ctype.h;dlfcn.h;errno.h;fcntl.h;grp.h;inttypes.h;langinfo.h;limits.h;linux/types.h;linux/fiemap.h;linux/fs.h;linux/magic.h;locale.h;memory.h;paths.h;poll.h;pwd.h;regex.h;signal.h;stdarg.h;stdint.h;stdlib.h;string.h;strings.h;sys/cdefs.h;sys/ioctl.h;sys/param.h;sys/poll.h;sys/select.h;sys/stat.h;sys/statfs.h;sys/statvfs.h;sys/time.h;sys/utsname.h;sys/vfs.h;sys/wait.h;time.h;unistd.h;utime.h;wchar.h;wctype.h;winioctl.h exist failed with the following output:
Change Dir: /source/cmake-2.8.10.2/CMakeFiles/CMakeTmp

Run Build Command:/usr/bin/make "cmTryCompileExec2153561347/fast"
make -f CMakeFiles/cmTryCompileExec2153561347.dir/build.make CMakeFiles/cmTryCompileExec2153561347.dir/build
make[1]: Entering directory `/source/cmake-2.8.10.2/CMakeFiles/CMakeTmp'
/source/cmake-2.8.10.2/Bootstrap.cmk/cmake -E cmake_progress_report /source/cmake-2.8.10.2/CMakeFiles/CMakeTmp/CMakeFiles 1
Building C object CMakeFiles/cmTryCompileExec2153561347.dir/CheckIncludeFiles.c.o
/toolchain/bin/i486-TSOL-linux-gnu-gcc   -O2  -w     -o CMakeFiles/cmTryCompileExec2153561347.dir/CheckIncludeFiles.c.o   -c /source/cmake-2.8.10.2/CMakeFiles/CMakeTmp/CheckIncludeFiles.c
/source/cmake-2.8.10.2/CMakeFiles/CMakeTmp/CheckIncludeFiles.c:44:22: fatal error: winioctl.h: No such file or directory
compilation terminated.
make[1]: Leaving directory `/source/cmake-2.8.10.2/CMakeFiles/CMakeTmp'
make[1]: *** [CMakeFiles/cmTryCompileExec2153561347.dir/CheckIncludeFiles.c.o] Error 1
make: *** [cmTryCompileExec2153561347/fast] Error 2

Source:
/* */
#include <sys/types.h>
#include <ctype.h>
#include <dlfcn.h>
#include <errno.h>
#include <fcntl.h>
#include <grp.h>
#include <inttypes.h>
#include <langinfo.h>
#include <limits.h>
#include <linux/types.h>
#include <linux/fiemap.h>
#include <linux/fs.h>
#include <linux/magic.h>
#include <locale.h>
#include <memory.h>
#include <paths.h>
#include <poll.h>
#include <pwd.h>
#include <regex.h>
#include <signal.h>
#include <stdarg.h>
#include <stdint.h>
#include <stdlib.h>
#include <string.h>
#include <strings.h>
#include <sys/cdefs.h>
#include <sys/ioctl.h>
#include <sys/param.h>
#include <sys/poll.h>
#include <sys/select.h>
#include <sys/stat.h>
#include <sys/statfs.h>
#include <sys/statvfs.h>
#include <sys/time.h>
#include <sys/utsname.h>
#include <sys/vfs.h>
#include <sys/wait.h>
#include <time.h>
#include <unistd.h>
#include <utime.h>
#include <wchar.h>
#include <wctype.h>
#include <winioctl.h>


int main(){return 0;}

Determining if the function MD5Init exists in the md failed with the following output:
Change Dir: /source/cmake-2.8.10.2/CMakeFiles/CMakeTmp

Run Build Command:/usr/bin/make "cmTryCompileExec697238597/fast"
make -f CMakeFiles/cmTryCompileExec697238597.dir/build.make CMakeFiles/cmTryCompileExec697238597.dir/build
make[1]: Entering directory `/source/cmake-2.8.10.2/CMakeFiles/CMakeTmp'
/source/cmake-2.8.10.2/Bootstrap.cmk/cmake -E cmake_progress_report /source/cmake-2.8.10.2/CMakeFiles/CMakeTmp/CMakeFiles 1
Building C object CMakeFiles/cmTryCompileExec697238597.dir/CheckFunctionExists.c.o
/toolchain/bin/i486-TSOL-linux-gnu-gcc   -O2  -w  -DCHECK_FUNCTION_EXISTS=MD5Init   -o CMakeFiles/cmTryCompileExec697238597.dir/CheckFunctionExists.c.o   -c /source/cmake-2.8.10.2/Modules/CheckFunctionExists.c
Linking C executable cmTryCompileExec697238597
/source/cmake-2.8.10.2/Bootstrap.cmk/cmake -E cmake_link_script CMakeFiles/cmTryCompileExec697238597.dir/link.txt --verbose=1
/toolchain/bin/i486-TSOL-linux-gnu-gcc   -O2  -w  -DCHECK_FUNCTION_EXISTS=MD5Init   -static-libgcc CMakeFiles/cmTryCompileExec697238597.dir/CheckFunctionExists.c.o  -o cmTryCompileExec697238597 -rdynamic -lmd 
/toolchain/lib/gcc/i486-TSOL-linux-gnu/4.6.3/../../../../i486-TSOL-linux-gnu/bin/ld: cannot find -lmd
collect2: ld returned 1 exit status
make[1]: Leaving directory `/source/cmake-2.8.10.2/CMakeFiles/CMakeTmp'
make[1]: *** [cmTryCompileExec697238597] Error 1
make: *** [cmTryCompileExec697238597/fast] Error 2


Determining if the _CrtSetReportMode exist failed with the following output:
Change Dir: /source/cmake-2.8.10.2/CMakeFiles/CMakeTmp

Run Build Command:/usr/bin/make "cmTryCompileExec3881033370/fast"
make -f CMakeFiles/cmTryCompileExec3881033370.dir/build.make CMakeFiles/cmTryCompileExec3881033370.dir/build
make[1]: Entering directory `/source/cmake-2.8.10.2/CMakeFiles/CMakeTmp'
/source/cmake-2.8.10.2/Bootstrap.cmk/cmake -E cmake_progress_report /source/cmake-2.8.10.2/CMakeFiles/CMakeTmp/CMakeFiles 1
Building C object CMakeFiles/cmTryCompileExec3881033370.dir/CheckSymbolExists.c.o
/toolchain/bin/i486-TSOL-linux-gnu-gcc   -O2  -w   -fno-builtin   -o CMakeFiles/cmTryCompileExec3881033370.dir/CheckSymbolExists.c.o   -c /source/cmake-2.8.10.2/CMakeFiles/CMakeTmp/CheckSymbolExists.c
/source/cmake-2.8.10.2/CMakeFiles/CMakeTmp/CheckSymbolExists.c:2:20: fatal error: crtdbg.h: No such file or directory
compilation terminated.
make[1]: Leaving directory `/source/cmake-2.8.10.2/CMakeFiles/CMakeTmp'
make[1]: *** [CMakeFiles/cmTryCompileExec3881033370.dir/CheckSymbolExists.c.o] Error 1
make: *** [cmTryCompileExec3881033370/fast] Error 2

File /source/cmake-2.8.10.2/CMakeFiles/CMakeTmp/CheckSymbolExists.c:
/* */
#include <crtdbg.h>

int main(int argc, char** argv)
{
  (void)argv;
#ifndef _CrtSetReportMode
  return ((int*)(&_CrtSetReportMode))[argc];
#else
  (void)argc;
  return 0;
#endif
}

Determining if the function getvfsbyname exists failed with the following output:
Change Dir: /source/cmake-2.8.10.2/CMakeFiles/CMakeTmp

Run Build Command:/usr/bin/make "cmTryCompileExec1813435483/fast"
make -f CMakeFiles/cmTryCompileExec1813435483.dir/build.make CMakeFiles/cmTryCompileExec1813435483.dir/build
make[1]: Entering directory `/source/cmake-2.8.10.2/CMakeFiles/CMakeTmp'
/source/cmake-2.8.10.2/Bootstrap.cmk/cmake -E cmake_progress_report /source/cmake-2.8.10.2/CMakeFiles/CMakeTmp/CMakeFiles 1
Building C object CMakeFiles/cmTryCompileExec1813435483.dir/CheckFunctionExists.c.o
/toolchain/bin/i486-TSOL-linux-gnu-gcc   -O2  -w  -DCHECK_FUNCTION_EXISTS=getvfsbyname  -fno-builtin   -o CMakeFiles/cmTryCompileExec1813435483.dir/CheckFunctionExists.c.o   -c /source/cmake-2.8.10.2/Modules/CheckFunctionExists.c
Linking C executable cmTryCompileExec1813435483
/source/cmake-2.8.10.2/Bootstrap.cmk/cmake -E cmake_link_script CMakeFiles/cmTryCompileExec1813435483.dir/link.txt --verbose=1
/toolchain/bin/i486-TSOL-linux-gnu-gcc   -O2  -w  -DCHECK_FUNCTION_EXISTS=getvfsbyname  -fno-builtin   -static-libgcc CMakeFiles/cmTryCompileExec1813435483.dir/CheckFunctionExists.c.o  -o cmTryCompileExec1813435483 -rdynamic 
CMakeFiles/cmTryCompileExec1813435483.dir/CheckFunctionExists.c.o: In function `main':
CheckFunctionExists.c:(.text.startup+0x7): undefined reference to `getvfsbyname'
collect2: ld returned 1 exit status
make[1]: Leaving directory `/source/cmake-2.8.10.2/CMakeFiles/CMakeTmp'
make[1]: *** [cmTryCompileExec1813435483] Error 1
make: *** [cmTryCompileExec1813435483/fast] Error 2


Determining if the function lchflags exists failed with the following output:
Change Dir: /source/cmake-2.8.10.2/CMakeFiles/CMakeTmp

Run Build Command:/usr/bin/make "cmTryCompileExec2994529286/fast"
make -f CMakeFiles/cmTryCompileExec2994529286.dir/build.make CMakeFiles/cmTryCompileExec2994529286.dir/build
make[1]: Entering directory `/source/cmake-2.8.10.2/CMakeFiles/CMakeTmp'
/source/cmake-2.8.10.2/Bootstrap.cmk/cmake -E cmake_progress_report /source/cmake-2.8.10.2/CMakeFiles/CMakeTmp/CMakeFiles 1
Building C object CMakeFiles/cmTryCompileExec2994529286.dir/CheckFunctionExists.c.o
/toolchain/bin/i486-TSOL-linux-gnu-gcc   -O2  -w  -DCHECK_FUNCTION_EXISTS=lchflags  -fno-builtin   -o CMakeFiles/cmTryCompileExec2994529286.dir/CheckFunctionExists.c.o   -c /source/cmake-2.8.10.2/Modules/CheckFunctionExists.c
Linking C executable cmTryCompileExec2994529286
/source/cmake-2.8.10.2/Bootstrap.cmk/cmake -E cmake_link_script CMakeFiles/cmTryCompileExec2994529286.dir/link.txt --verbose=1
/toolchain/bin/i486-TSOL-linux-gnu-gcc   -O2  -w  -DCHECK_FUNCTION_EXISTS=lchflags  -fno-builtin   -static-libgcc CMakeFiles/cmTryCompileExec2994529286.dir/CheckFunctionExists.c.o  -o cmTryCompileExec2994529286 -rdynamic 
CMakeFiles/cmTryCompileExec2994529286.dir/CheckFunctionExists.c.o: In function `main':
CheckFunctionExists.c:(.text.startup+0x7): undefined reference to `lchflags'
collect2: ld returned 1 exit status
make[1]: Leaving directory `/source/cmake-2.8.10.2/CMakeFiles/CMakeTmp'
make[1]: *** [cmTryCompileExec2994529286] Error 1
make: *** [cmTryCompileExec2994529286/fast] Error 2


Determining if the function strncpy_s exists failed with the following output:
Change Dir: /source/cmake-2.8.10.2/CMakeFiles/CMakeTmp

Run Build Command:/usr/bin/make "cmTryCompileExec639129641/fast"
make -f CMakeFiles/cmTryCompileExec639129641.dir/build.make CMakeFiles/cmTryCompileExec639129641.dir/build
make[1]: Entering directory `/source/cmake-2.8.10.2/CMakeFiles/CMakeTmp'
/source/cmake-2.8.10.2/Bootstrap.cmk/cmake -E cmake_progress_report /source/cmake-2.8.10.2/CMakeFiles/CMakeTmp/CMakeFiles 1
Building C object CMakeFiles/cmTryCompileExec639129641.dir/CheckFunctionExists.c.o
/toolchain/bin/i486-TSOL-linux-gnu-gcc   -O2  -w  -DCHECK_FUNCTION_EXISTS=strncpy_s  -fno-builtin   -o CMakeFiles/cmTryCompileExec639129641.dir/CheckFunctionExists.c.o   -c /source/cmake-2.8.10.2/Modules/CheckFunctionExists.c
Linking C executable cmTryCompileExec639129641
/source/cmake-2.8.10.2/Bootstrap.cmk/cmake -E cmake_link_script CMakeFiles/cmTryCompileExec639129641.dir/link.txt --verbose=1
/toolchain/bin/i486-TSOL-linux-gnu-gcc   -O2  -w  -DCHECK_FUNCTION_EXISTS=strncpy_s  -fno-builtin   -static-libgcc CMakeFiles/cmTryCompileExec639129641.dir/CheckFunctionExists.c.o  -o cmTryCompileExec639129641 -rdynamic 
CMakeFiles/cmTryCompileExec639129641.dir/CheckFunctionExists.c.o: In function `main':
CheckFunctionExists.c:(.text.startup+0x7): undefined reference to `strncpy_s'
collect2: ld returned 1 exit status
make[1]: Leaving directory `/source/cmake-2.8.10.2/CMakeFiles/CMakeTmp'
make[1]: *** [cmTryCompileExec639129641] Error 1
make: *** [cmTryCompileExec639129641/fast] Error 2


Determining if the function _ctime64_s exists failed with the following output:
Change Dir: /source/cmake-2.8.10.2/CMakeFiles/CMakeTmp

Run Build Command:/usr/bin/make "cmTryCompileExec2504460495/fast"
make -f CMakeFiles/cmTryCompileExec2504460495.dir/build.make CMakeFiles/cmTryCompileExec2504460495.dir/build
make[1]: Entering directory `/source/cmake-2.8.10.2/CMakeFiles/CMakeTmp'
/source/cmake-2.8.10.2/Bootstrap.cmk/cmake -E cmake_progress_report /source/cmake-2.8.10.2/CMakeFiles/CMakeTmp/CMakeFiles 1
Building C object CMakeFiles/cmTryCompileExec2504460495.dir/CheckFunctionExists.c.o
/toolchain/bin/i486-TSOL-linux-gnu-gcc   -O2  -w  -DCHECK_FUNCTION_EXISTS=_ctime64_s  -fno-builtin   -o CMakeFiles/cmTryCompileExec2504460495.dir/CheckFunctionExists.c.o   -c /source/cmake-2.8.10.2/Modules/CheckFunctionExists.c
Linking C executable cmTryCompileExec2504460495
/source/cmake-2.8.10.2/Bootstrap.cmk/cmake -E cmake_link_script CMakeFiles/cmTryCompileExec2504460495.dir/link.txt --verbose=1
/toolchain/bin/i486-TSOL-linux-gnu-gcc   -O2  -w  -DCHECK_FUNCTION_EXISTS=_ctime64_s  -fno-builtin   -static-libgcc CMakeFiles/cmTryCompileExec2504460495.dir/CheckFunctionExists.c.o  -o cmTryCompileExec2504460495 -rdynamic 
CMakeFiles/cmTryCompileExec2504460495.dir/CheckFunctionExists.c.o: In function `main':
CheckFunctionExists.c:(.text.startup+0x7): undefined reference to `_ctime64_s'
collect2: ld returned 1 exit status
make[1]: Leaving directory `/source/cmake-2.8.10.2/CMakeFiles/CMakeTmp'
make[1]: *** [cmTryCompileExec2504460495] Error 1
make: *** [cmTryCompileExec2504460495/fast] Error 2


Determining if the function _fseeki64 exists failed with the following output:
Change Dir: /source/cmake-2.8.10.2/CMakeFiles/CMakeTmp

Run Build Command:/usr/bin/make "cmTryCompileExec3039796897/fast"
make -f CMakeFiles/cmTryCompileExec3039796897.dir/build.make CMakeFiles/cmTryCompileExec3039796897.dir/build
make[1]: Entering directory `/source/cmake-2.8.10.2/CMakeFiles/CMakeTmp'
/source/cmake-2.8.10.2/Bootstrap.cmk/cmake -E cmake_progress_report /source/cmake-2.8.10.2/CMakeFiles/CMakeTmp/CMakeFiles 1
Building C object CMakeFiles/cmTryCompileExec3039796897.dir/CheckFunctionExists.c.o
/toolchain/bin/i486-TSOL-linux-gnu-gcc   -O2  -w  -DCHECK_FUNCTION_EXISTS=_fseeki64  -fno-builtin   -o CMakeFiles/cmTryCompileExec3039796897.dir/CheckFunctionExists.c.o   -c /source/cmake-2.8.10.2/Modules/CheckFunctionExists.c
Linking C executable cmTryCompileExec3039796897
/source/cmake-2.8.10.2/Bootstrap.cmk/cmake -E cmake_link_script CMakeFiles/cmTryCompileExec3039796897.dir/link.txt --verbose=1
/toolchain/bin/i486-TSOL-linux-gnu-gcc   -O2  -w  -DCHECK_FUNCTION_EXISTS=_fseeki64  -fno-builtin   -static-libgcc CMakeFiles/cmTryCompileExec3039796897.dir/CheckFunctionExists.c.o  -o cmTryCompileExec3039796897 -rdynamic 
CMakeFiles/cmTryCompileExec3039796897.dir/CheckFunctionExists.c.o: In function `main':
CheckFunctionExists.c:(.text.startup+0x7): undefined reference to `_fseeki64'
collect2: ld returned 1 exit status
make[1]: Leaving directory `/source/cmake-2.8.10.2/CMakeFiles/CMakeTmp'
make[1]: *** [cmTryCompileExec3039796897] Error 1
make: *** [cmTryCompileExec3039796897/fast] Error 2


Determining if the function _get_timezone exists failed with the following output:
Change Dir: /source/cmake-2.8.10.2/CMakeFiles/CMakeTmp

Run Build Command:/usr/bin/make "cmTryCompileExec2898815/fast"
make -f CMakeFiles/cmTryCompileExec2898815.dir/build.make CMakeFiles/cmTryCompileExec2898815.dir/build
make[1]: Entering directory `/source/cmake-2.8.10.2/CMakeFiles/CMakeTmp'
/source/cmake-2.8.10.2/Bootstrap.cmk/cmake -E cmake_progress_report /source/cmake-2.8.10.2/CMakeFiles/CMakeTmp/CMakeFiles 1
Building C object CMakeFiles/cmTryCompileExec2898815.dir/CheckFunctionExists.c.o
/toolchain/bin/i486-TSOL-linux-gnu-gcc   -O2  -w  -DCHECK_FUNCTION_EXISTS=_get_timezone  -fno-builtin   -o CMakeFiles/cmTryCompileExec2898815.dir/CheckFunctionExists.c.o   -c /source/cmake-2.8.10.2/Modules/CheckFunctionExists.c
Linking C executable cmTryCompileExec2898815
/source/cmake-2.8.10.2/Bootstrap.cmk/cmake -E cmake_link_script CMakeFiles/cmTryCompileExec2898815.dir/link.txt --verbose=1
/toolchain/bin/i486-TSOL-linux-gnu-gcc   -O2  -w  -DCHECK_FUNCTION_EXISTS=_get_timezone  -fno-builtin   -static-libgcc CMakeFiles/cmTryCompileExec2898815.dir/CheckFunctionExists.c.o  -o cmTryCompileExec2898815 -rdynamic 
CMakeFiles/cmTryCompileExec2898815.dir/CheckFunctionExists.c.o: In function `main':
CheckFunctionExists.c:(.text.startup+0x7): undefined reference to `_get_timezone'
collect2: ld returned 1 exit status
make[1]: Leaving directory `/source/cmake-2.8.10.2/CMakeFiles/CMakeTmp'
make[1]: *** [cmTryCompileExec2898815] Error 1
make: *** [cmTryCompileExec2898815/fast] Error 2


Determining if the function _localtime64_s exists failed with the following output:
Change Dir: /source/cmake-2.8.10.2/CMakeFiles/CMakeTmp

Run Build Command:/usr/bin/make "cmTryCompileExec3719833525/fast"
make -f CMakeFiles/cmTryCompileExec3719833525.dir/build.make CMakeFiles/cmTryCompileExec3719833525.dir/build
make[1]: Entering directory `/source/cmake-2.8.10.2/CMakeFiles/CMakeTmp'
/source/cmake-2.8.10.2/Bootstrap.cmk/cmake -E cmake_progress_report /source/cmake-2.8.10.2/CMakeFiles/CMakeTmp/CMakeFiles 1
Building C object CMakeFiles/cmTryCompileExec3719833525.dir/CheckFunctionExists.c.o
/toolchain/bin/i486-TSOL-linux-gnu-gcc   -O2  -w  -DCHECK_FUNCTION_EXISTS=_localtime64_s  -fno-builtin   -o CMakeFiles/cmTryCompileExec3719833525.dir/CheckFunctionExists.c.o   -c /source/cmake-2.8.10.2/Modules/CheckFunctionExists.c
Linking C executable cmTryCompileExec3719833525
/source/cmake-2.8.10.2/Bootstrap.cmk/cmake -E cmake_link_script CMakeFiles/cmTryCompileExec3719833525.dir/link.txt --verbose=1
/toolchain/bin/i486-TSOL-linux-gnu-gcc   -O2  -w  -DCHECK_FUNCTION_EXISTS=_localtime64_s  -fno-builtin   -static-libgcc CMakeFiles/cmTryCompileExec3719833525.dir/CheckFunctionExists.c.o  -o cmTryCompileExec3719833525 -rdynamic 
CMakeFiles/cmTryCompileExec3719833525.dir/CheckFunctionExists.c.o: In function `main':
CheckFunctionExists.c:(.text.startup+0x7): undefined reference to `_localtime64_s'
collect2: ld returned 1 exit status
make[1]: Leaving directory `/source/cmake-2.8.10.2/CMakeFiles/CMakeTmp'
make[1]: *** [cmTryCompileExec3719833525] Error 1
make: *** [cmTryCompileExec3719833525/fast] Error 2


Determining if the function _mkgmtime64 exists failed with the following output:
Change Dir: /source/cmake-2.8.10.2/CMakeFiles/CMakeTmp

Run Build Command:/usr/bin/make "cmTryCompileExec703772655/fast"
make -f CMakeFiles/cmTryCompileExec703772655.dir/build.make CMakeFiles/cmTryCompileExec703772655.dir/build
make[1]: Entering directory `/source/cmake-2.8.10.2/CMakeFiles/CMakeTmp'
/source/cmake-2.8.10.2/Bootstrap.cmk/cmake -E cmake_progress_report /source/cmake-2.8.10.2/CMakeFiles/CMakeTmp/CMakeFiles 1
Building C object CMakeFiles/cmTryCompileExec703772655.dir/CheckFunctionExists.c.o
/toolchain/bin/i486-TSOL-linux-gnu-gcc   -O2  -w  -DCHECK_FUNCTION_EXISTS=_mkgmtime64  -fno-builtin   -o CMakeFiles/cmTryCompileExec703772655.dir/CheckFunctionExists.c.o   -c /source/cmake-2.8.10.2/Modules/CheckFunctionExists.c
Linking C executable cmTryCompileExec703772655
/source/cmake-2.8.10.2/Bootstrap.cmk/cmake -E cmake_link_script CMakeFiles/cmTryCompileExec703772655.dir/link.txt --verbose=1
/toolchain/bin/i486-TSOL-linux-gnu-gcc   -O2  -w  -DCHECK_FUNCTION_EXISTS=_mkgmtime64  -fno-builtin   -static-libgcc CMakeFiles/cmTryCompileExec703772655.dir/CheckFunctionExists.c.o  -o cmTryCompileExec703772655 -rdynamic 
CMakeFiles/cmTryCompileExec703772655.dir/CheckFunctionExists.c.o: In function `main':
CheckFunctionExists.c:(.text.startup+0x7): undefined reference to `_mkgmtime64'
collect2: ld returned 1 exit status
make[1]: Leaving directory `/source/cmake-2.8.10.2/CMakeFiles/CMakeTmp'
make[1]: *** [cmTryCompileExec703772655] Error 1
make: *** [cmTryCompileExec703772655/fast] Error 2


Determining if the function cygwin_conv_path exists failed with the following output:
Change Dir: /source/cmake-2.8.10.2/CMakeFiles/CMakeTmp

Run Build Command:/usr/bin/make "cmTryCompileExec1837891964/fast"
make -f CMakeFiles/cmTryCompileExec1837891964.dir/build.make CMakeFiles/cmTryCompileExec1837891964.dir/build
make[1]: Entering directory `/source/cmake-2.8.10.2/CMakeFiles/CMakeTmp'
/source/cmake-2.8.10.2/Bootstrap.cmk/cmake -E cmake_progress_report /source/cmake-2.8.10.2/CMakeFiles/CMakeTmp/CMakeFiles 1
Building C object CMakeFiles/cmTryCompileExec1837891964.dir/CheckFunctionExists.c.o
/toolchain/bin/i486-TSOL-linux-gnu-gcc   -O2  -w  -DCHECK_FUNCTION_EXISTS=cygwin_conv_path  -fno-builtin   -o CMakeFiles/cmTryCompileExec1837891964.dir/CheckFunctionExists.c.o   -c /source/cmake-2.8.10.2/Modules/CheckFunctionExists.c
Linking C executable cmTryCompileExec1837891964
/source/cmake-2.8.10.2/Bootstrap.cmk/cmake -E cmake_link_script CMakeFiles/cmTryCompileExec1837891964.dir/link.txt --verbose=1
/toolchain/bin/i486-TSOL-linux-gnu-gcc   -O2  -w  -DCHECK_FUNCTION_EXISTS=cygwin_conv_path  -fno-builtin   -static-libgcc CMakeFiles/cmTryCompileExec1837891964.dir/CheckFunctionExists.c.o  -o cmTryCompileExec1837891964 -rdynamic 
CMakeFiles/cmTryCompileExec1837891964.dir/CheckFunctionExists.c.o: In function `main':
CheckFunctionExists.c:(.text.startup+0x7): undefined reference to `cygwin_conv_path'
collect2: ld returned 1 exit status
make[1]: Leaving directory `/source/cmake-2.8.10.2/CMakeFiles/CMakeTmp'
make[1]: *** [cmTryCompileExec1837891964] Error 1
make: *** [cmTryCompileExec1837891964/fast] Error 2


Performing C SOURCE FILE Test MAJOR_IN_MKDEV failed with the following output:
Change Dir: /source/cmake-2.8.10.2/CMakeFiles/CMakeTmp

Run Build Command:/usr/bin/make "cmTryCompileExec2059029720/fast"
make -f CMakeFiles/cmTryCompileExec2059029720.dir/build.make CMakeFiles/cmTryCompileExec2059029720.dir/build
make[1]: Entering directory `/source/cmake-2.8.10.2/CMakeFiles/CMakeTmp'
/source/cmake-2.8.10.2/Bootstrap.cmk/cmake -E cmake_progress_report /source/cmake-2.8.10.2/CMakeFiles/CMakeTmp/CMakeFiles 1
Building C object CMakeFiles/cmTryCompileExec2059029720.dir/src.c.o
/toolchain/bin/i486-TSOL-linux-gnu-gcc   -O2  -w  -DMAJOR_IN_MKDEV   -o CMakeFiles/cmTryCompileExec2059029720.dir/src.c.o   -c /source/cmake-2.8.10.2/CMakeFiles/CMakeTmp/src.c
/source/cmake-2.8.10.2/CMakeFiles/CMakeTmp/src.c:1:23: fatal error: sys/mkdev.h: No such file or directory
compilation terminated.
make[1]: Leaving directory `/source/cmake-2.8.10.2/CMakeFiles/CMakeTmp'
make[1]: *** [CMakeFiles/cmTryCompileExec2059029720.dir/src.c.o] Error 1
make: *** [cmTryCompileExec2059029720/fast] Error 2

Source file was:
#include <sys/mkdev.h>
int main() { return major(256); }
Determining if the EFTYPE exist failed with the following output:
Change Dir: /source/cmake-2.8.10.2/CMakeFiles/CMakeTmp

Run Build Command:/usr/bin/make "cmTryCompileExec2309536969/fast"
make -f CMakeFiles/cmTryCompileExec2309536969.dir/build.make CMakeFiles/cmTryCompileExec2309536969.dir/build
make[1]: Entering directory `/source/cmake-2.8.10.2/CMakeFiles/CMakeTmp'
/source/cmake-2.8.10.2/Bootstrap.cmk/cmake -E cmake_progress_report /source/cmake-2.8.10.2/CMakeFiles/CMakeTmp/CMakeFiles 1
Building C object CMakeFiles/cmTryCompileExec2309536969.dir/CheckSymbolExists.c.o
/toolchain/bin/i486-TSOL-linux-gnu-gcc   -O2  -w     -o CMakeFiles/cmTryCompileExec2309536969.dir/CheckSymbolExists.c.o   -c /source/cmake-2.8.10.2/CMakeFiles/CMakeTmp/CheckSymbolExists.c
/source/cmake-2.8.10.2/CMakeFiles/CMakeTmp/CheckSymbolExists.c: In function ‘main’:
/source/cmake-2.8.10.2/CMakeFiles/CMakeTmp/CheckSymbolExists.c:8:19: error: ‘EFTYPE’ undeclared (first use in this function)
/source/cmake-2.8.10.2/CMakeFiles/CMakeTmp/CheckSymbolExists.c:8:19: note: each undeclared identifier is reported only once for each function it appears in
make[1]: Leaving directory `/source/cmake-2.8.10.2/CMakeFiles/CMakeTmp'
make[1]: *** [CMakeFiles/cmTryCompileExec2309536969.dir/CheckSymbolExists.c.o] Error 1
make: *** [cmTryCompileExec2309536969/fast] Error 2

File /source/cmake-2.8.10.2/CMakeFiles/CMakeTmp/CheckSymbolExists.c:
/* */
#include <errno.h>

int main(int argc, char** argv)
{
  (void)argv;
#ifndef EFTYPE
  return ((int*)(&EFTYPE))[argc];
#else
  (void)argc;
  return 0;
#endif
}

Determining if the D_MD_ORDER exist failed with the following output:
Change Dir: /source/cmake-2.8.10.2/CMakeFiles/CMakeTmp

Run Build Command:/usr/bin/make "cmTryCompileExec2849586288/fast"
make -f CMakeFiles/cmTryCompileExec2849586288.dir/build.make CMakeFiles/cmTryCompileExec2849586288.dir/build
make[1]: Entering directory `/source/cmake-2.8.10.2/CMakeFiles/CMakeTmp'
/source/cmake-2.8.10.2/Bootstrap.cmk/cmake -E cmake_progress_report /source/cmake-2.8.10.2/CMakeFiles/CMakeTmp/CMakeFiles 1
Building C object CMakeFiles/cmTryCompileExec2849586288.dir/CheckSymbolExists.c.o
/toolchain/bin/i486-TSOL-linux-gnu-gcc   -O2  -w     -o CMakeFiles/cmTryCompileExec2849586288.dir/CheckSymbolExists.c.o   -c /source/cmake-2.8.10.2/CMakeFiles/CMakeTmp/CheckSymbolExists.c
/source/cmake-2.8.10.2/CMakeFiles/CMakeTmp/CheckSymbolExists.c: In function ‘main’:
/source/cmake-2.8.10.2/CMakeFiles/CMakeTmp/CheckSymbolExists.c:8:19: error: ‘D_MD_ORDER’ undeclared (first use in this function)
/source/cmake-2.8.10.2/CMakeFiles/CMakeTmp/CheckSymbolExists.c:8:19: note: each undeclared identifier is reported only once for each function it appears in
make[1]: Leaving directory `/source/cmake-2.8.10.2/CMakeFiles/CMakeTmp'
make[1]: *** [CMakeFiles/cmTryCompileExec2849586288.dir/CheckSymbolExists.c.o] Error 1
make: *** [cmTryCompileExec2849586288/fast] Error 2

File /source/cmake-2.8.10.2/CMakeFiles/CMakeTmp/CheckSymbolExists.c:
/* */
#include <langinfo.h>

int main(int argc, char** argv)
{
  (void)argv;
#ifndef D_MD_ORDER
  return ((int*)(&D_MD_ORDER))[argc];
#else
  (void)argc;
  return 0;
#endif
}

Performing C SOURCE FILE Test HAVE_STRUCT_TM___TM_GMTOFF failed with the following output:
Change Dir: /source/cmake-2.8.10.2/CMakeFiles/CMakeTmp

Run Build Command:/usr/bin/make "cmTryCompileExec1746947183/fast"
make -f CMakeFiles/cmTryCompileExec1746947183.dir/build.make CMakeFiles/cmTryCompileExec1746947183.dir/build
make[1]: Entering directory `/source/cmake-2.8.10.2/CMakeFiles/CMakeTmp'
/source/cmake-2.8.10.2/Bootstrap.cmk/cmake -E cmake_progress_report /source/cmake-2.8.10.2/CMakeFiles/CMakeTmp/CMakeFiles 1
Building C object CMakeFiles/cmTryCompileExec1746947183.dir/src.c.o
/toolchain/bin/i486-TSOL-linux-gnu-gcc   -O2  -w  -DHAVE_STRUCT_TM___TM_GMTOFF   -o CMakeFiles/cmTryCompileExec1746947183.dir/src.c.o   -c /source/cmake-2.8.10.2/CMakeFiles/CMakeTmp/src.c
/source/cmake-2.8.10.2/CMakeFiles/CMakeTmp/src.c: In function ‘main’:
/source/cmake-2.8.10.2/CMakeFiles/CMakeTmp/src.c:7:18: error: ‘struct tm’ has no member named ‘__tm_gmtoff’
make[1]: Leaving directory `/source/cmake-2.8.10.2/CMakeFiles/CMakeTmp'
make[1]: *** [CMakeFiles/cmTryCompileExec1746947183.dir/src.c.o] Error 1
make: *** [cmTryCompileExec1746947183/fast] Error 2

Source file was:

#include <time.h>

int main()
{
   static struct tm tmp;
   if (sizeof(tmp.__tm_gmtoff))
      return 0;
  return 0;
}

Performing C SOURCE FILE Test HAVE_STRUCT_STATFS_F_NAMEMAX failed with the following output:
Change Dir: /source/cmake-2.8.10.2/CMakeFiles/CMakeTmp

Run Build Command:/usr/bin/make "cmTryCompileExec1706728837/fast"
make -f CMakeFiles/cmTryCompileExec1706728837.dir/build.make CMakeFiles/cmTryCompileExec1706728837.dir/build
make[1]: Entering directory `/source/cmake-2.8.10.2/CMakeFiles/CMakeTmp'
/source/cmake-2.8.10.2/Bootstrap.cmk/cmake -E cmake_progress_report /source/cmake-2.8.10.2/CMakeFiles/CMakeTmp/CMakeFiles 1
Building C object CMakeFiles/cmTryCompileExec1706728837.dir/src.c.o
/toolchain/bin/i486-TSOL-linux-gnu-gcc   -O2  -w  -DHAVE_STRUCT_STATFS_F_NAMEMAX   -o CMakeFiles/cmTryCompileExec1706728837.dir/src.c.o   -c /source/cmake-2.8.10.2/CMakeFiles/CMakeTmp/src.c
/source/cmake-2.8.10.2/CMakeFiles/CMakeTmp/src.c: In function ‘main’:
/source/cmake-2.8.10.2/CMakeFiles/CMakeTmp/src.c:7:25: error: storage size of ‘tmp’ isn’t known
make[1]: Leaving directory `/source/cmake-2.8.10.2/CMakeFiles/CMakeTmp'
make[1]: *** [CMakeFiles/cmTryCompileExec1706728837.dir/src.c.o] Error 1
make: *** [cmTryCompileExec1706728837/fast] Error 2

Source file was:

#include <sys/param.h>
#include <sys/mount.h>

int main()
{
   static struct statfs tmp;
   if (sizeof(tmp.f_namemax))
      return 0;
  return 0;
}

Performing C SOURCE FILE Test HAVE_STRUCT_STAT_ST_BIRTHTIME failed with the following output:
Change Dir: /source/cmake-2.8.10.2/CMakeFiles/CMakeTmp

Run Build Command:/usr/bin/make "cmTryCompileExec3318976221/fast"
make -f CMakeFiles/cmTryCompileExec3318976221.dir/build.make CMakeFiles/cmTryCompileExec3318976221.dir/build
make[1]: Entering directory `/source/cmake-2.8.10.2/CMakeFiles/CMakeTmp'
/source/cmake-2.8.10.2/Bootstrap.cmk/cmake -E cmake_progress_report /source/cmake-2.8.10.2/CMakeFiles/CMakeTmp/CMakeFiles 1
Building C object CMakeFiles/cmTryCompileExec3318976221.dir/src.c.o
/toolchain/bin/i486-TSOL-linux-gnu-gcc   -O2  -w  -DHAVE_STRUCT_STAT_ST_BIRTHTIME   -o CMakeFiles/cmTryCompileExec3318976221.dir/src.c.o   -c /source/cmake-2.8.10.2/CMakeFiles/CMakeTmp/src.c
/source/cmake-2.8.10.2/CMakeFiles/CMakeTmp/src.c: In function ‘main’:
/source/cmake-2.8.10.2/CMakeFiles/CMakeTmp/src.c:8:18: error: ‘struct stat’ has no member named ‘st_birthtime’
make[1]: Leaving directory `/source/cmake-2.8.10.2/CMakeFiles/CMakeTmp'
make[1]: *** [CMakeFiles/cmTryCompileExec3318976221.dir/src.c.o] Error 1
make: *** [cmTryCompileExec3318976221/fast] Error 2

Source file was:

#include <sys/types.h>
#include <sys/stat.h>

int main()
{
   static struct stat tmp;
   if (sizeof(tmp.st_birthtime))
      return 0;
  return 0;
}

Performing C SOURCE FILE Test HAVE_STRUCT_STAT_ST_BIRTHTIMESPEC_TV_NSEC failed with the following output:
Change Dir: /source/cmake-2.8.10.2/CMakeFiles/CMakeTmp

Run Build Command:/usr/bin/make "cmTryCompileExec1673870509/fast"
make -f CMakeFiles/cmTryCompileExec1673870509.dir/build.make CMakeFiles/cmTryCompileExec1673870509.dir/build
make[1]: Entering directory `/source/cmake-2.8.10.2/CMakeFiles/CMakeTmp'
/source/cmake-2.8.10.2/Bootstrap.cmk/cmake -E cmake_progress_report /source/cmake-2.8.10.2/CMakeFiles/CMakeTmp/CMakeFiles 1
Building C object CMakeFiles/cmTryCompileExec1673870509.dir/src.c.o
/toolchain/bin/i486-TSOL-linux-gnu-gcc   -O2  -w  -DHAVE_STRUCT_STAT_ST_BIRTHTIMESPEC_TV_NSEC   -o CMakeFiles/cmTryCompileExec1673870509.dir/src.c.o   -c /source/cmake-2.8.10.2/CMakeFiles/CMakeTmp/src.c
/source/cmake-2.8.10.2/CMakeFiles/CMakeTmp/src.c: In function ‘main’:
/source/cmake-2.8.10.2/CMakeFiles/CMakeTmp/src.c:8:18: error: ‘struct stat’ has no member named ‘st_birthtimespec’
make[1]: Leaving directory `/source/cmake-2.8.10.2/CMakeFiles/CMakeTmp'
make[1]: *** [CMakeFiles/cmTryCompileExec1673870509.dir/src.c.o] Error 1
make: *** [cmTryCompileExec1673870509/fast] Error 2

Source file was:

#include <sys/types.h>
#include <sys/stat.h>

int main()
{
   static struct stat tmp;
   if (sizeof(tmp.st_birthtimespec.tv_nsec))
      return 0;
  return 0;
}

Performing C SOURCE FILE Test HAVE_STRUCT_STAT_ST_MTIMESPEC_TV_NSEC failed with the following output:
Change Dir: /source/cmake-2.8.10.2/CMakeFiles/CMakeTmp

Run Build Command:/usr/bin/make "cmTryCompileExec2579735695/fast"
make -f CMakeFiles/cmTryCompileExec2579735695.dir/build.make CMakeFiles/cmTryCompileExec2579735695.dir/build
make[1]: Entering directory `/source/cmake-2.8.10.2/CMakeFiles/CMakeTmp'
/source/cmake-2.8.10.2/Bootstrap.cmk/cmake -E cmake_progress_report /source/cmake-2.8.10.2/CMakeFiles/CMakeTmp/CMakeFiles 1
Building C object CMakeFiles/cmTryCompileExec2579735695.dir/src.c.o
/toolchain/bin/i486-TSOL-linux-gnu-gcc   -O2  -w  -DHAVE_STRUCT_STAT_ST_MTIMESPEC_TV_NSEC   -o CMakeFiles/cmTryCompileExec2579735695.dir/src.c.o   -c /source/cmake-2.8.10.2/CMakeFiles/CMakeTmp/src.c
/source/cmake-2.8.10.2/CMakeFiles/CMakeTmp/src.c: In function ‘main’:
/source/cmake-2.8.10.2/CMakeFiles/CMakeTmp/src.c:8:18: error: ‘struct stat’ has no member named ‘st_mtimespec’
make[1]: Leaving directory `/source/cmake-2.8.10.2/CMakeFiles/CMakeTmp'
make[1]: *** [CMakeFiles/cmTryCompileExec2579735695.dir/src.c.o] Error 1
make: *** [cmTryCompileExec2579735695/fast] Error 2

Source file was:

#include <sys/types.h>
#include <sys/stat.h>

int main()
{
   static struct stat tmp;
   if (sizeof(tmp.st_mtimespec.tv_nsec))
      return 0;
  return 0;
}

Performing C SOURCE FILE Test HAVE_STRUCT_STAT_ST_MTIME_N failed with the following output:
Change Dir: /source/cmake-2.8.10.2/CMakeFiles/CMakeTmp

Run Build Command:/usr/bin/make "cmTryCompileExec3367734103/fast"
make -f CMakeFiles/cmTryCompileExec3367734103.dir/build.make CMakeFiles/cmTryCompileExec3367734103.dir/build
make[1]: Entering directory `/source/cmake-2.8.10.2/CMakeFiles/CMakeTmp'
/source/cmake-2.8.10.2/Bootstrap.cmk/cmake -E cmake_progress_report /source/cmake-2.8.10.2/CMakeFiles/CMakeTmp/CMakeFiles 1
Building C object CMakeFiles/cmTryCompileExec3367734103.dir/src.c.o
/toolchain/bin/i486-TSOL-linux-gnu-gcc   -O2  -w  -DHAVE_STRUCT_STAT_ST_MTIME_N   -o CMakeFiles/cmTryCompileExec3367734103.dir/src.c.o   -c /source/cmake-2.8.10.2/CMakeFiles/CMakeTmp/src.c
/source/cmake-2.8.10.2/CMakeFiles/CMakeTmp/src.c: In function ‘main’:
/source/cmake-2.8.10.2/CMakeFiles/CMakeTmp/src.c:8:18: error: ‘struct stat’ has no member named ‘st_mtime_n’
make[1]: Leaving directory `/source/cmake-2.8.10.2/CMakeFiles/CMakeTmp'
make[1]: *** [CMakeFiles/cmTryCompileExec3367734103.dir/src.c.o] Error 1
make: *** [cmTryCompileExec3367734103/fast] Error 2

Source file was:

#include <sys/types.h>
#include <sys/stat.h>

int main()
{
   static struct stat tmp;
   if (sizeof(tmp.st_mtime_n))
      return 0;
  return 0;
}

Performing C SOURCE FILE Test HAVE_STRUCT_STAT_ST_UMTIME failed with the following output:
Change Dir: /source/cmake-2.8.10.2/CMakeFiles/CMakeTmp

Run Build Command:/usr/bin/make "cmTryCompileExec4014075572/fast"
make -f CMakeFiles/cmTryCompileExec4014075572.dir/build.make CMakeFiles/cmTryCompileExec4014075572.dir/build
make[1]: Entering directory `/source/cmake-2.8.10.2/CMakeFiles/CMakeTmp'
/source/cmake-2.8.10.2/Bootstrap.cmk/cmake -E cmake_progress_report /source/cmake-2.8.10.2/CMakeFiles/CMakeTmp/CMakeFiles 1
Building C object CMakeFiles/cmTryCompileExec4014075572.dir/src.c.o
/toolchain/bin/i486-TSOL-linux-gnu-gcc   -O2  -w  -DHAVE_STRUCT_STAT_ST_UMTIME   -o CMakeFiles/cmTryCompileExec4014075572.dir/src.c.o   -c /source/cmake-2.8.10.2/CMakeFiles/CMakeTmp/src.c
/source/cmake-2.8.10.2/CMakeFiles/CMakeTmp/src.c: In function ‘main’:
/source/cmake-2.8.10.2/CMakeFiles/CMakeTmp/src.c:8:18: error: ‘struct stat’ has no member named ‘st_umtime’
make[1]: Leaving directory `/source/cmake-2.8.10.2/CMakeFiles/CMakeTmp'
make[1]: *** [CMakeFiles/cmTryCompileExec4014075572.dir/src.c.o] Error 1
make: *** [cmTryCompileExec4014075572/fast] Error 2

Source file was:

#include <sys/types.h>
#include <sys/stat.h>

int main()
{
   static struct stat tmp;
   if (sizeof(tmp.st_umtime))
      return 0;
  return 0;
}

Performing C SOURCE FILE Test HAVE_STRUCT_STAT_ST_MTIME_USEC failed with the following output:
Change Dir: /source/cmake-2.8.10.2/CMakeFiles/CMakeTmp

Run Build Command:/usr/bin/make "cmTryCompileExec1330841900/fast"
make -f CMakeFiles/cmTryCompileExec1330841900.dir/build.make CMakeFiles/cmTryCompileExec1330841900.dir/build
make[1]: Entering directory `/source/cmake-2.8.10.2/CMakeFiles/CMakeTmp'
/source/cmake-2.8.10.2/Bootstrap.cmk/cmake -E cmake_progress_report /source/cmake-2.8.10.2/CMakeFiles/CMakeTmp/CMakeFiles 1
Building C object CMakeFiles/cmTryCompileExec1330841900.dir/src.c.o
/toolchain/bin/i486-TSOL-linux-gnu-gcc   -O2  -w  -DHAVE_STRUCT_STAT_ST_MTIME_USEC   -o CMakeFiles/cmTryCompileExec1330841900.dir/src.c.o   -c /source/cmake-2.8.10.2/CMakeFiles/CMakeTmp/src.c
/source/cmake-2.8.10.2/CMakeFiles/CMakeTmp/src.c: In function ‘main’:
/source/cmake-2.8.10.2/CMakeFiles/CMakeTmp/src.c:8:18: error: ‘struct stat’ has no member named ‘st_mtime_usec’
make[1]: Leaving directory `/source/cmake-2.8.10.2/CMakeFiles/CMakeTmp'
make[1]: *** [CMakeFiles/cmTryCompileExec1330841900.dir/src.c.o] Error 1
make: *** [cmTryCompileExec1330841900/fast] Error 2

Source file was:

#include <sys/types.h>
#include <sys/stat.h>

int main()
{
   static struct stat tmp;
   if (sizeof(tmp.st_mtime_usec))
      return 0;
  return 0;
}

Performing C SOURCE FILE Test HAVE_STRUCT_STAT_ST_FLAGS failed with the following output:
Change Dir: /source/cmake-2.8.10.2/CMakeFiles/CMakeTmp

Run Build Command:/usr/bin/make "cmTryCompileExec1037694222/fast"
make -f CMakeFiles/cmTryCompileExec1037694222.dir/build.make CMakeFiles/cmTryCompileExec1037694222.dir/build
make[1]: Entering directory `/source/cmake-2.8.10.2/CMakeFiles/CMakeTmp'
/source/cmake-2.8.10.2/Bootstrap.cmk/cmake -E cmake_progress_report /source/cmake-2.8.10.2/CMakeFiles/CMakeTmp/CMakeFiles 1
Building C object CMakeFiles/cmTryCompileExec1037694222.dir/src.c.o
/toolchain/bin/i486-TSOL-linux-gnu-gcc   -O2  -w  -DHAVE_STRUCT_STAT_ST_FLAGS   -o CMakeFiles/cmTryCompileExec1037694222.dir/src.c.o   -c /source/cmake-2.8.10.2/CMakeFiles/CMakeTmp/src.c
/source/cmake-2.8.10.2/CMakeFiles/CMakeTmp/src.c: In function ‘main’:
/source/cmake-2.8.10.2/CMakeFiles/CMakeTmp/src.c:8:18: error: ‘struct stat’ has no member named ‘st_flags’
make[1]: Leaving directory `/source/cmake-2.8.10.2/CMakeFiles/CMakeTmp'
make[1]: *** [CMakeFiles/cmTryCompileExec1037694222.dir/src.c.o] Error 1
make: *** [cmTryCompileExec1037694222/fast] Error 2

Source file was:

#include <sys/types.h>
#include <sys/stat.h>

int main()
{
   static struct stat tmp;
   if (sizeof(tmp.st_flags))
      return 0;
  return 0;
}

Performing C SOURCE FILE Test HAVE_STRUCT_STATVFS_F_IOSIZE failed with the following output:
Change Dir: /source/cmake-2.8.10.2/CMakeFiles/CMakeTmp

Run Build Command:/usr/bin/make "cmTryCompileExec3669807358/fast"
make -f CMakeFiles/cmTryCompileExec3669807358.dir/build.make CMakeFiles/cmTryCompileExec3669807358.dir/build
make[1]: Entering directory `/source/cmake-2.8.10.2/CMakeFiles/CMakeTmp'
/source/cmake-2.8.10.2/Bootstrap.cmk/cmake -E cmake_progress_report /source/cmake-2.8.10.2/CMakeFiles/CMakeTmp/CMakeFiles 1
Building C object CMakeFiles/cmTryCompileExec3669807358.dir/src.c.o
/toolchain/bin/i486-TSOL-linux-gnu-gcc   -O2  -w  -DHAVE_STRUCT_STATVFS_F_IOSIZE   -o CMakeFiles/cmTryCompileExec3669807358.dir/src.c.o   -c /source/cmake-2.8.10.2/CMakeFiles/CMakeTmp/src.c
/source/cmake-2.8.10.2/CMakeFiles/CMakeTmp/src.c: In function ‘main’:
/source/cmake-2.8.10.2/CMakeFiles/CMakeTmp/src.c:8:18: error: ‘struct statvfs’ has no member named ‘f_iosize’
make[1]: Leaving directory `/source/cmake-2.8.10.2/CMakeFiles/CMakeTmp'
make[1]: *** [CMakeFiles/cmTryCompileExec3669807358.dir/src.c.o] Error 1
make: *** [cmTryCompileExec3669807358/fast] Error 2

Source file was:

#include <sys/types.h>
#include <sys/statvfs.h>

int main()
{
   static struct statvfs tmp;
   if (sizeof(tmp.f_iosize))
      return 0;
  return 0;
}

Determining size of __int64 failed with the following output:
Change Dir: /source/cmake-2.8.10.2/CMakeFiles/CMakeTmp

Run Build Command:/usr/bin/make "cmTryCompileExec1365643474/fast"
make -f CMakeFiles/cmTryCompileExec1365643474.dir/build.make CMakeFiles/cmTryCompileExec1365643474.dir/build
make[1]: Entering directory `/source/cmake-2.8.10.2/CMakeFiles/CMakeTmp'
/source/cmake-2.8.10.2/Bootstrap.cmk/cmake -E cmake_progress_report /source/cmake-2.8.10.2/CMakeFiles/CMakeTmp/CMakeFiles 1
Building C object CMakeFiles/cmTryCompileExec1365643474.dir/__INT64.c.o
/toolchain/bin/i486-TSOL-linux-gnu-gcc   -O2  -w     -o CMakeFiles/cmTryCompileExec1365643474.dir/__INT64.c.o   -c /source/cmake-2.8.10.2/CMakeFiles/CheckTypeSize/__INT64.c
/source/cmake-2.8.10.2/CMakeFiles/CheckTypeSize/__INT64.c:19:12: error: ‘__int64’ undeclared here (not in a function)
make[1]: Leaving directory `/source/cmake-2.8.10.2/CMakeFiles/CMakeTmp'
make[1]: *** [CMakeFiles/cmTryCompileExec1365643474.dir/__INT64.c.o] Error 1
make: *** [cmTryCompileExec1365643474/fast] Error 2

/source/cmake-2.8.10.2/CMakeFiles/CheckTypeSize/__INT64.c:
#include <sys/types.h>
#include <stdint.h>
#include <stddef.h>


#undef KEY
#if defined(__i386)
# define KEY '_','_','i','3','8','6'
#elif defined(__x86_64)
# define KEY '_','_','x','8','6','_','6','4'
#elif defined(__ppc__)
# define KEY '_','_','p','p','c','_','_'
#elif defined(__ppc64__)
# define KEY '_','_','p','p','c','6','4','_','_'
#endif

#define SIZE (sizeof(__int64))
char info_size[] =  {'I', 'N', 'F', 'O', ':', 's','i','z','e','[',
  ('0' + ((SIZE / 10000)%10)),
  ('0' + ((SIZE / 1000)%10)),
  ('0' + ((SIZE / 100)%10)),
  ('0' + ((SIZE / 10)%10)),
  ('0' +  (SIZE    % 10)),
  ']',
#ifdef KEY
  ' ','k','e','y','[', KEY, ']',
#endif
  '\0'};

#ifdef __CLASSIC_C__
int main(argc, argv) int argc; char *argv[];
#else
int main(int argc, char *argv[])
#endif
{
  int require = 0;
  require += info_size[argc];
  (void)argv;
  return require;
}


Determining size of unsigned __int64 failed with the following output:
Change Dir: /source/cmake-2.8.10.2/CMakeFiles/CMakeTmp

Run Build Command:/usr/bin/make "cmTryCompileExec2319039304/fast"
make -f CMakeFiles/cmTryCompileExec2319039304.dir/build.make CMakeFiles/cmTryCompileExec2319039304.dir/build
make[1]: Entering directory `/source/cmake-2.8.10.2/CMakeFiles/CMakeTmp'
/source/cmake-2.8.10.2/Bootstrap.cmk/cmake -E cmake_progress_report /source/cmake-2.8.10.2/CMakeFiles/CMakeTmp/CMakeFiles 1
Building C object CMakeFiles/cmTryCompileExec2319039304.dir/UNSIGNED___INT64.c.o
/toolchain/bin/i486-TSOL-linux-gnu-gcc   -O2  -w     -o CMakeFiles/cmTryCompileExec2319039304.dir/UNSIGNED___INT64.c.o   -c /source/cmake-2.8.10.2/CMakeFiles/CheckTypeSize/UNSIGNED___INT64.c
/source/cmake-2.8.10.2/CMakeFiles/CheckTypeSize/UNSIGNED___INT64.c:19:12: error: expected ‘)’ before ‘__int64’
/source/cmake-2.8.10.2/CMakeFiles/CheckTypeSize/UNSIGNED___INT64.c:20:12: error: expected ‘)’ before ‘__int64’
/source/cmake-2.8.10.2/CMakeFiles/CheckTypeSize/UNSIGNED___INT64.c:21:12: error: expected ‘)’ before ‘__int64’
/source/cmake-2.8.10.2/CMakeFiles/CheckTypeSize/UNSIGNED___INT64.c:22:12: error: expected ‘)’ before ‘__int64’
/source/cmake-2.8.10.2/CMakeFiles/CheckTypeSize/UNSIGNED___INT64.c:23:12: error: expected ‘)’ before ‘__int64’
make[1]: Leaving directory `/source/cmake-2.8.10.2/CMakeFiles/CMakeTmp'
make[1]: *** [CMakeFiles/cmTryCompileExec2319039304.dir/UNSIGNED___INT64.c.o] Error 1
make: *** [cmTryCompileExec2319039304/fast] Error 2

/source/cmake-2.8.10.2/CMakeFiles/CheckTypeSize/UNSIGNED___INT64.c:
#include <sys/types.h>
#include <stdint.h>
#include <stddef.h>


#undef KEY
#if defined(__i386)
# define KEY '_','_','i','3','8','6'
#elif defined(__x86_64)
# define KEY '_','_','x','8','6','_','6','4'
#elif defined(__ppc__)
# define KEY '_','_','p','p','c','_','_'
#elif defined(__ppc64__)
# define KEY '_','_','p','p','c','6','4','_','_'
#endif

#define SIZE (sizeof(unsigned __int64))
char info_size[] =  {'I', 'N', 'F', 'O', ':', 's','i','z','e','[',
  ('0' + ((SIZE / 10000)%10)),
  ('0' + ((SIZE / 1000)%10)),
  ('0' + ((SIZE / 100)%10)),
  ('0' + ((SIZE / 10)%10)),
  ('0' +  (SIZE    % 10)),
  ']',
#ifdef KEY
  ' ','k','e','y','[', KEY, ']',
#endif
  '\0'};

#ifdef __CLASSIC_C__
int main(argc, argv) int argc; char *argv[];
#else
int main(int argc, char *argv[])
#endif
{
  int require = 0;
  require += info_size[argc];
  (void)argv;
  return require;
}


Determining if the system is big endian passed with the following output:
Change Dir: /source/cmake-2.8.10.2/CMakeFiles/CMakeTmp

Run Build Command:/usr/bin/make "cmTryCompileExec2305923752/fast"
make -f CMakeFiles/cmTryCompileExec2305923752.dir/build.make CMakeFiles/cmTryCompileExec2305923752.dir/build
make[1]: Entering directory `/source/cmake-2.8.10.2/CMakeFiles/CMakeTmp'
/source/cmake-2.8.10.2/Bootstrap.cmk/cmake -E cmake_progress_report /source/cmake-2.8.10.2/CMakeFiles/CMakeTmp/CMakeFiles 1
Building C object CMakeFiles/cmTryCompileExec2305923752.dir/TestEndianess.c.o
/toolchain/bin/i486-TSOL-linux-gnu-gcc   -O2      -o CMakeFiles/cmTryCompileExec2305923752.dir/TestEndianess.c.o   -c /source/cmake-2.8.10.2/CMakeFiles/CMakeTmp/TestEndianess.c
Linking C executable cmTryCompileExec2305923752
/source/cmake-2.8.10.2/Bootstrap.cmk/cmake -E cmake_link_script CMakeFiles/cmTryCompileExec2305923752.dir/link.txt --verbose=1
/toolchain/bin/i486-TSOL-linux-gnu-gcc   -O2      -static-libgcc CMakeFiles/cmTryCompileExec2305923752.dir/TestEndianess.c.o  -o cmTryCompileExec2305923752 -rdynamic 
make[1]: Leaving directory `/source/cmake-2.8.10.2/CMakeFiles/CMakeTmp'

TestEndianess.c:
/* A 16 bit integer is required. */
typedef unsigned short cmakeint16;

/* On a little endian machine, these 16bit ints will give "THIS IS LITTLE ENDIAN."
   On a big endian machine the characters will be exchanged pairwise. */
const cmakeint16 info_little[] =  {0x4854, 0x5349, 0x4920, 0x2053, 0x494c, 0x5454, 0x454c, 0x4520, 0x444e, 0x4149, 0x2e4e, 0x0000};

/* on a big endian machine, these 16bit ints will give "THIS IS BIG ENDIAN."
   On a little endian machine the characters will be exchanged pairwise. */
const cmakeint16 info_big[] =     {0x5448, 0x4953, 0x2049, 0x5320, 0x4249, 0x4720, 0x454e, 0x4449, 0x414e, 0x2e2e, 0x0000};

#ifdef __CLASSIC_C__
int main(argc, argv) int argc; char *argv[];
#else
int main(int argc, char *argv[])
#endif
{
  int require = 0;
  require += info_little[argc];
  require += info_big[argc];
  (void)argv;
  return require;
}


Determining if the function wsyncup exists in the /usr/lib/libcurses.so failed with the following output:
Change Dir: /source/cmake-2.8.10.2/CMakeFiles/CMakeTmp

Run Build Command:/usr/bin/make "cmTryCompileExec3833176139/fast"
make -f CMakeFiles/cmTryCompileExec3833176139.dir/build.make CMakeFiles/cmTryCompileExec3833176139.dir/build
make[1]: Entering directory `/source/cmake-2.8.10.2/CMakeFiles/CMakeTmp'
/source/cmake-2.8.10.2/Bootstrap.cmk/cmake -E cmake_progress_report /source/cmake-2.8.10.2/CMakeFiles/CMakeTmp/CMakeFiles 1
Building C object CMakeFiles/cmTryCompileExec3833176139.dir/CheckFunctionExists.c.o
/toolchain/bin/i486-TSOL-linux-gnu-gcc   -O2   -DCHECK_FUNCTION_EXISTS=wsyncup   -o CMakeFiles/cmTryCompileExec3833176139.dir/CheckFunctionExists.c.o   -c /source/cmake-2.8.10.2/Modules/CheckFunctionExists.c
make[1]: Leaving directory `/source/cmake-2.8.10.2/CMakeFiles/CMakeTmp'
make[1]: *** No rule to make target `/usr/lib/libcurses.so', needed by `cmTryCompileExec3833176139'.  Stop.
make: *** [cmTryCompileExec3833176139/fast] Error 2


Looking for a Fortran compiler failed with the following output:
-- The Fortran compiler identification is unknown
CMake Error: your Fortran compiler: "CMAKE_Fortran_COMPILER-NOTFOUND" was not found.   Please set CMAKE_Fortran_COMPILER to a valid compiler path or name.
-- Configuring incomplete, errors occurred!

